<?xml version="1.0" encoding="UTF-8"?>
<coverage generated="1750331451065" clover="3.2.0">
  <project timestamp="1750331451065" name="All files">
    <metrics statements="720" coveredstatements="585" conditionals="270" coveredconditionals="203" methods="103" coveredmethods="91" elements="1093" coveredelements="879" complexity="0" loc="720" ncloc="720" packages="4" files="9" classes="9"/>
    <package name="middleware">
      <metrics statements="1" coveredstatements="1" conditionals="0" coveredconditionals="0" methods="0" coveredmethods="0"/>
      <file name="rateLimit.js" path="/Applications/MAMP/htdocs/marketplace/backend/src/middleware/rateLimit.js">
        <metrics statements="1" coveredstatements="1" conditionals="0" coveredconditionals="0" methods="0" coveredmethods="0"/>
        <line num="4" count="11" type="stmt"/>
      </file>
    </package>
    <package name="routes">
      <metrics statements="435" coveredstatements="350" conditionals="162" coveredconditionals="119" methods="51" coveredmethods="48"/>
      <file name="bids.js" path="/Applications/MAMP/htdocs/marketplace/backend/src/routes/bids.js">
        <metrics statements="203" coveredstatements="171" conditionals="102" coveredconditionals="76" methods="20" coveredmethods="20"/>
        <line num="6" count="11" type="stmt"/>
        <line num="9" count="11" type="stmt"/>
        <line num="10" count="29" type="stmt"/>
        <line num="11" count="29" type="cond" truecount="2" falsecount="0"/>
        <line num="12" count="1" type="stmt"/>
        <line num="14" count="28" type="stmt"/>
        <line num="15" count="28" type="stmt"/>
        <line num="18" count="11" type="stmt"/>
        <line num="26" count="11" type="stmt"/>
        <line num="27" count="19" type="stmt"/>
        <line num="28" count="19" type="stmt"/>
        <line num="30" count="1" type="stmt"/>
        <line num="35" count="18" type="stmt"/>
        <line num="36" count="18" type="cond" truecount="1" falsecount="1"/>
        <line num="37" count="0" type="stmt"/>
        <line num="40" count="18" type="stmt"/>
        <line num="42" count="18" type="stmt"/>
        <line num="44" count="18" type="stmt"/>
        <line num="53" count="18" type="cond" truecount="2" falsecount="0"/>
        <line num="54" count="10" type="stmt"/>
        <line num="58" count="8" type="stmt"/>
        <line num="65" count="8" type="cond" truecount="3" falsecount="1"/>
        <line num="66" count="0" type="stmt"/>
        <line num="70" count="8" type="stmt"/>
        <line num="89" count="7" type="stmt"/>
        <line num="92" count="7" type="stmt"/>
        <line num="95" count="7" type="stmt"/>
        <line num="98" count="7" type="cond" truecount="4" falsecount="0"/>
        <line num="99" count="2" type="stmt"/>
        <line num="101" count="2" type="stmt"/>
        <line num="103" count="2" type="stmt"/>
        <line num="116" count="2" type="stmt"/>
        <line num="125" count="2" type="stmt"/>
        <line num="133" count="2" type="stmt"/>
        <line num="142" count="2" type="stmt"/>
        <line num="145" count="2" type="stmt"/>
        <line num="146" count="2" type="cond" truecount="1" falsecount="1"/>
        <line num="147" count="2" type="stmt"/>
        <line num="148" count="2" type="stmt"/>
        <line num="161" count="2" type="stmt"/>
        <line num="172" count="0" type="stmt"/>
        <line num="177" count="0" type="stmt"/>
        <line num="182" count="7" type="cond" truecount="2" falsecount="0"/>
        <line num="184" count="5" type="stmt"/>
        <line num="185" count="5" type="cond" truecount="1" falsecount="1"/>
        <line num="186" count="5" type="stmt"/>
        <line num="187" count="5" type="stmt"/>
        <line num="199" count="0" type="stmt"/>
        <line num="205" count="7" type="stmt"/>
        <line num="210" count="11" type="stmt"/>
        <line num="213" count="11" type="cond" truecount="2" falsecount="0"/>
        <line num="214" count="10" type="stmt"/>
        <line num="217" count="1" type="cond" truecount="1" falsecount="1"/>
        <line num="218" count="0" type="stmt"/>
        <line num="222" count="1" type="cond" truecount="3" falsecount="1"/>
        <line num="223" count="1" type="stmt"/>
        <line num="226" count="0" type="stmt"/>
        <line num="231" count="11" type="stmt"/>
        <line num="232" count="2" type="stmt"/>
        <line num="233" count="2" type="stmt"/>
        <line num="235" count="2" type="stmt"/>
        <line num="236" count="2" type="cond" truecount="2" falsecount="0"/>
        <line num="238" count="1" type="stmt"/>
        <line num="256" count="1" type="stmt"/>
        <line num="259" count="1" type="stmt"/>
        <line num="270" count="1" type="stmt"/>
        <line num="273" count="0" type="stmt"/>
        <line num="274" count="0" type="stmt"/>
        <line num="280" count="11" type="stmt"/>
        <line num="287" count="11" type="stmt"/>
        <line num="288" count="2" type="stmt"/>
        <line num="290" count="2" type="stmt"/>
        <line num="291" count="2" type="stmt"/>
        <line num="306" count="51" type="stmt"/>
        <line num="307" count="51" type="stmt"/>
        <line num="308" count="51" type="stmt"/>
        <line num="309" count="51" type="stmt"/>
        <line num="311" count="2" type="stmt"/>
        <line num="312" count="102" type="cond" truecount="2" falsecount="0"/>
        <line num="314" count="2" type="stmt"/>
        <line num="315" count="51" type="stmt"/>
        <line num="317" count="51" type="stmt"/>
        <line num="318" count="51" type="cond" truecount="1" falsecount="1"/>
        <line num="319" count="51" type="stmt"/>
        <line num="320" count="51" type="cond" truecount="1" falsecount="1"/>
        <line num="323" count="51" type="stmt"/>
        <line num="328" count="51" type="stmt"/>
        <line num="335" count="222" type="stmt"/>
        <line num="337" count="2" type="stmt"/>
        <line num="339" count="0" type="stmt"/>
        <line num="340" count="0" type="stmt"/>
        <line num="344" count="11" type="stmt"/>
        <line num="345" count="13" type="stmt"/>
        <line num="346" count="13" type="stmt"/>
        <line num="348" count="13" type="stmt"/>
        <line num="350" count="13" type="stmt"/>
        <line num="352" count="13" type="stmt"/>
        <line num="368" count="13" type="cond" truecount="2" falsecount="0"/>
        <line num="369" count="2" type="stmt"/>
        <line num="373" count="11" type="cond" truecount="2" falsecount="0"/>
        <line num="374" count="2" type="stmt"/>
        <line num="378" count="9" type="cond" truecount="1" falsecount="1"/>
        <line num="379" count="0" type="stmt"/>
        <line num="383" count="9" type="cond" truecount="1" falsecount="1"/>
        <line num="384" count="0" type="stmt"/>
        <line num="390" count="9" type="stmt"/>
        <line num="402" count="9" type="cond" truecount="2" falsecount="0"/>
        <line num="403" count="1" type="stmt"/>
        <line num="407" count="8" type="stmt"/>
        <line num="418" count="8" type="cond" truecount="1" falsecount="1"/>
        <line num="419" count="0" type="stmt"/>
        <line num="423" count="8" type="stmt"/>
        <line num="432" count="8" type="stmt"/>
        <line num="445" count="8" type="stmt"/>
        <line num="449" count="8" type="stmt"/>
        <line num="453" count="8" type="stmt"/>
        <line num="462" count="8" type="stmt"/>
        <line num="463" count="8" type="cond" truecount="1" falsecount="1"/>
        <line num="464" count="8" type="stmt"/>
        <line num="466" count="8" type="stmt"/>
        <line num="481" count="8" type="stmt"/>
        <line num="492" count="8" type="stmt"/>
        <line num="493" count="1" type="stmt"/>
        <line num="500" count="0" type="stmt"/>
        <line num="505" count="8" type="stmt"/>
        <line num="518" count="5" type="stmt"/>
        <line num="521" count="5" type="cond" truecount="2" falsecount="0"/>
        <line num="522" count="2" type="stmt"/>
        <line num="525" count="3" type="cond" truecount="2" falsecount="0"/>
        <line num="526" count="2" type="stmt"/>
        <line num="529" count="1" type="cond" truecount="1" falsecount="1"/>
        <line num="530" count="0" type="stmt"/>
        <line num="533" count="1" type="cond" truecount="1" falsecount="1"/>
        <line num="537" count="1" type="stmt"/>
        <line num="540" count="0" type="stmt"/>
        <line num="545" count="11" type="stmt"/>
        <line num="546" count="5" type="stmt"/>
        <line num="547" count="5" type="stmt"/>
        <line num="549" count="5" type="stmt"/>
        <line num="550" count="5" type="stmt"/>
        <line num="567" count="5" type="cond" truecount="1" falsecount="1"/>
        <line num="568" count="0" type="stmt"/>
        <line num="572" count="5" type="stmt"/>
        <line num="573" count="5" type="stmt"/>
        <line num="575" count="5" type="cond" truecount="4" falsecount="0"/>
        <line num="576" count="2" type="stmt"/>
        <line num="579" count="3" type="stmt"/>
        <line num="581" count="0" type="stmt"/>
        <line num="582" count="0" type="stmt"/>
        <line num="587" count="11" type="stmt"/>
        <line num="588" count="6" type="stmt"/>
        <line num="589" count="6" type="stmt"/>
        <line num="590" count="6" type="stmt"/>
        <line num="592" count="6" type="stmt"/>
        <line num="594" count="6" type="stmt"/>
        <line num="596" count="6" type="stmt"/>
        <line num="603" count="6" type="cond" truecount="1" falsecount="1"/>
        <line num="604" count="0" type="stmt"/>
        <line num="608" count="6" type="cond" truecount="2" falsecount="0"/>
        <line num="609" count="1" type="stmt"/>
        <line num="613" count="5" type="cond" truecount="2" falsecount="0"/>
        <line num="614" count="1" type="stmt"/>
        <line num="617" count="4" type="cond" truecount="1" falsecount="1"/>
        <line num="618" count="0" type="stmt"/>
        <line num="622" count="4" type="stmt"/>
        <line num="637" count="4" type="cond" truecount="1" falsecount="1"/>
        <line num="638" count="0" type="stmt"/>
        <line num="642" count="4" type="stmt"/>
        <line num="658" count="4" type="stmt"/>
        <line num="662" count="4" type="stmt"/>
        <line num="663" count="4" type="cond" truecount="1" falsecount="1"/>
        <line num="664" count="4" type="stmt"/>
        <line num="665" count="4" type="stmt"/>
        <line num="677" count="0" type="stmt"/>
        <line num="682" count="4" type="stmt"/>
        <line num="684" count="2" type="stmt"/>
        <line num="687" count="2" type="cond" truecount="1" falsecount="1"/>
        <line num="688" count="0" type="stmt"/>
        <line num="691" count="2" type="cond" truecount="2" falsecount="0"/>
        <line num="692" count="1" type="stmt"/>
        <line num="695" count="1" type="cond" truecount="1" falsecount="1"/>
        <line num="696" count="1" type="stmt"/>
        <line num="699" count="0" type="cond" truecount="0" falsecount="2"/>
        <line num="700" count="0" type="stmt"/>
        <line num="703" count="0" type="stmt"/>
        <line num="708" count="11" type="stmt"/>
        <line num="709" count="2" type="stmt"/>
        <line num="710" count="2" type="stmt"/>
        <line num="712" count="2" type="stmt"/>
        <line num="713" count="2" type="stmt"/>
        <line num="720" count="2" type="cond" truecount="1" falsecount="1"/>
        <line num="721" count="0" type="stmt"/>
        <line num="725" count="2" type="cond" truecount="2" falsecount="0"/>
        <line num="726" count="1" type="stmt"/>
        <line num="730" count="1" type="cond" truecount="3" falsecount="1"/>
        <line num="731" count="0" type="stmt"/>
        <line num="735" count="1" type="stmt"/>
        <line num="740" count="1" type="stmt"/>
        <line num="741" count="1" type="cond" truecount="1" falsecount="1"/>
        <line num="742" count="1" type="stmt"/>
        <line num="749" count="1" type="stmt"/>
        <line num="751" count="0" type="stmt"/>
        <line num="752" count="0" type="stmt"/>
      </file>
      <file name="categories.js" path="/Applications/MAMP/htdocs/marketplace/backend/src/routes/categories.js">
        <metrics statements="47" coveredstatements="29" conditionals="22" coveredconditionals="12" methods="7" coveredmethods="5"/>
        <line num="4" count="11" type="stmt"/>
        <line num="7" count="11" type="stmt"/>
        <line num="8" count="7" type="stmt"/>
        <line num="9" count="7" type="stmt"/>
        <line num="22" count="7" type="stmt"/>
        <line num="24" count="0" type="stmt"/>
        <line num="25" count="0" type="stmt"/>
        <line num="30" count="11" type="stmt"/>
        <line num="31" count="7" type="stmt"/>
        <line num="34" count="7" type="cond" truecount="3" falsecount="1"/>
        <line num="35" count="0" type="stmt"/>
        <line num="38" count="7" type="stmt"/>
        <line num="39" count="7" type="stmt"/>
        <line num="52" count="7" type="cond" truecount="2" falsecount="0"/>
        <line num="53" count="4" type="stmt"/>
        <line num="56" count="3" type="stmt"/>
        <line num="58" count="0" type="stmt"/>
        <line num="60" count="0" type="cond" truecount="0" falsecount="4"/>
        <line num="61" count="0" type="stmt"/>
        <line num="63" count="0" type="stmt"/>
        <line num="68" count="11" type="stmt"/>
        <line num="69" count="5" type="stmt"/>
        <line num="72" count="5" type="cond" truecount="3" falsecount="1"/>
        <line num="73" count="0" type="stmt"/>
        <line num="76" count="5" type="stmt"/>
        <line num="78" count="5" type="stmt"/>
        <line num="83" count="5" type="cond" truecount="2" falsecount="0"/>
        <line num="84" count="2" type="stmt"/>
        <line num="88" count="3" type="stmt"/>
        <line num="95" count="3" type="cond" truecount="2" falsecount="0"/>
        <line num="96" count="1" type="stmt"/>
        <line num="99" count="5" type="stmt"/>
        <line num="100" count="5" type="stmt"/>
        <line num="101" count="2" type="stmt"/>
        <line num="102" count="2" type="stmt"/>
        <line num="104" count="2" type="stmt"/>
        <line num="112" count="0" type="stmt"/>
        <line num="115" count="0" type="cond" truecount="0" falsecount="4"/>
        <line num="116" count="0" type="stmt"/>
        <line num="119" count="0" type="stmt"/>
        <line num="124" count="11" type="stmt"/>
        <line num="125" count="0" type="stmt"/>
        <line num="126" count="0" type="stmt"/>
        <line num="143" count="0" type="stmt"/>
        <line num="152" count="0" type="stmt"/>
        <line num="154" count="0" type="stmt"/>
        <line num="155" count="0" type="stmt"/>
      </file>
      <file name="escrow.js" path="/Applications/MAMP/htdocs/marketplace/backend/src/routes/escrow.js">
        <metrics statements="29" coveredstatements="25" conditionals="10" coveredconditionals="10" methods="2" coveredmethods="2"/>
        <line num="4" count="11" type="stmt"/>
        <line num="7" count="11" type="stmt"/>
        <line num="8" count="3" type="stmt"/>
        <line num="10" count="3" type="stmt"/>
        <line num="11" count="3" type="stmt"/>
        <line num="23" count="3" type="cond" truecount="2" falsecount="0"/>
        <line num="24" count="1" type="stmt"/>
        <line num="27" count="2" type="stmt"/>
        <line num="29" count="0" type="stmt"/>
        <line num="30" count="0" type="stmt"/>
        <line num="35" count="11" type="stmt"/>
        <line num="36" count="5" type="stmt"/>
        <line num="37" count="5" type="stmt"/>
        <line num="39" count="5" type="cond" truecount="2" falsecount="0"/>
        <line num="40" count="1" type="stmt"/>
        <line num="43" count="4" type="stmt"/>
        <line num="44" count="4" type="stmt"/>
        <line num="56" count="4" type="cond" truecount="2" falsecount="0"/>
        <line num="57" count="1" type="stmt"/>
        <line num="61" count="3" type="cond" truecount="2" falsecount="0"/>
        <line num="62" count="1" type="stmt"/>
        <line num="65" count="2" type="cond" truecount="2" falsecount="0"/>
        <line num="66" count="1" type="stmt"/>
        <line num="69" count="1" type="stmt"/>
        <line num="78" count="1" type="stmt"/>
        <line num="79" count="1" type="stmt"/>
        <line num="85" count="1" type="stmt"/>
        <line num="87" count="0" type="stmt"/>
        <line num="88" count="0" type="stmt"/>
      </file>
      <file name="jobs.js" path="/Applications/MAMP/htdocs/marketplace/backend/src/routes/jobs.js">
        <metrics statements="125" coveredstatements="100" conditionals="22" coveredconditionals="15" methods="19" coveredmethods="18"/>
        <line num="5" count="11" type="stmt"/>
        <line num="7" count="11" type="stmt"/>
        <line num="17" count="11" type="stmt"/>
        <line num="27" count="11" type="stmt"/>
        <line num="32" count="11" type="stmt"/>
        <line num="33" count="33" type="stmt"/>
        <line num="34" count="15" type="stmt"/>
        <line num="35" count="15" type="stmt"/>
        <line num="36" count="12" type="stmt"/>
        <line num="38" count="3" type="stmt"/>
        <line num="47" count="11" type="stmt"/>
        <line num="48" count="28" type="stmt"/>
        <line num="49" count="28" type="cond" truecount="2" falsecount="0"/>
        <line num="50" count="4" type="stmt"/>
        <line num="52" count="24" type="stmt"/>
        <line num="53" count="24" type="stmt"/>
        <line num="56" count="11" type="stmt"/>
        <line num="57" count="2" type="stmt"/>
        <line num="58" count="2" type="stmt"/>
        <line num="62" count="11" type="stmt"/>
        <line num="63" count="4" type="stmt"/>
        <line num="64" count="4" type="stmt"/>
        <line num="66" count="4" type="stmt"/>
        <line num="67" count="4" type="stmt"/>
        <line num="68" count="4" type="stmt"/>
        <line num="71" count="4" type="stmt"/>
        <line num="86" count="4" type="cond" truecount="3" falsecount="1"/>
        <line num="87" count="0" type="stmt"/>
        <line num="88" count="0" type="stmt"/>
        <line num="92" count="4" type="stmt"/>
        <line num="93" count="4" type="stmt"/>
        <line num="95" count="4" type="stmt"/>
        <line num="97" count="4" type="cond" truecount="1" falsecount="1"/>
        <line num="98" count="0" type="stmt"/>
        <line num="99" count="0" type="stmt"/>
        <line num="103" count="4" type="stmt"/>
        <line num="171" count="4" type="stmt"/>
        <line num="174" count="4" type="stmt"/>
        <line num="175" count="131" type="cond" truecount="1" falsecount="1"/>
        <line num="177" count="0" type="stmt"/>
        <line num="178" count="0" type="cond" truecount="0" falsecount="2"/>
        <line num="179" count="0" type="stmt"/>
        <line num="182" count="0" type="stmt"/>
        <line num="185" count="131" type="stmt"/>
        <line num="188" count="4" type="stmt"/>
        <line num="191" count="4" type="stmt"/>
        <line num="193" count="131" type="stmt"/>
        <line num="196" count="131" type="stmt"/>
        <line num="197" count="131" type="cond" truecount="3" falsecount="1"/>
        <line num="198" count="131" type="stmt"/>
        <line num="199" count="131" type="stmt"/>
        <line num="200" count="131" type="stmt"/>
        <line num="203" count="131" type="stmt"/>
        <line num="225" count="4" type="stmt"/>
        <line num="226" count="131" type="stmt"/>
        <line num="228" count="4" type="stmt"/>
        <line num="229" count="131" type="stmt"/>
        <line num="231" count="4" type="stmt"/>
        <line num="235" count="4" type="stmt"/>
        <line num="237" count="0" type="stmt"/>
        <line num="238" count="0" type="stmt"/>
        <line num="243" count="11" type="stmt"/>
        <line num="244" count="1" type="stmt"/>
        <line num="246" count="1" type="stmt"/>
        <line num="247" count="1" type="stmt"/>
        <line num="248" count="1" type="stmt"/>
        <line num="249" count="1" type="stmt"/>
        <line num="251" count="0" type="stmt"/>
        <line num="252" count="0" type="stmt"/>
        <line num="257" count="11" type="stmt"/>
        <line num="262" count="2" type="stmt"/>
        <line num="263" count="2" type="stmt"/>
        <line num="264" count="2" type="stmt"/>
        <line num="265" count="2" type="stmt"/>
        <line num="267" count="0" type="stmt"/>
        <line num="268" count="0" type="stmt"/>
        <line num="274" count="11" type="stmt"/>
        <line num="279" count="1" type="stmt"/>
        <line num="280" count="1" type="stmt"/>
        <line num="281" count="1" type="stmt"/>
        <line num="282" count="1" type="stmt"/>
        <line num="284" count="0" type="stmt"/>
        <line num="285" count="0" type="stmt"/>
        <line num="291" count="11" type="stmt"/>
        <line num="296" count="9" type="stmt"/>
        <line num="297" count="9" type="stmt"/>
        <line num="298" count="9" type="stmt"/>
        <line num="299" count="9" type="stmt"/>
        <line num="300" count="4" type="stmt"/>
        <line num="302" count="5" type="stmt"/>
        <line num="303" count="5" type="cond" truecount="1" falsecount="1"/>
        <line num="307" count="5" type="stmt"/>
        <line num="310" count="0" type="stmt"/>
        <line num="316" count="11" type="stmt"/>
        <line num="317" count="2" type="stmt"/>
        <line num="319" count="2" type="stmt"/>
        <line num="320" count="2" type="stmt"/>
        <line num="332" count="2" type="stmt"/>
        <line num="334" count="0" type="stmt"/>
        <line num="335" count="0" type="stmt"/>
        <line num="340" count="11" type="stmt"/>
        <line num="341" count="1" type="stmt"/>
        <line num="343" count="1" type="stmt"/>
        <line num="344" count="1" type="stmt"/>
        <line num="357" count="1" type="stmt"/>
        <line num="359" count="0" type="stmt"/>
        <line num="360" count="0" type="stmt"/>
        <line num="365" count="11" type="stmt"/>
        <line num="366" count="6" type="stmt"/>
        <line num="368" count="6" type="stmt"/>
        <line num="369" count="6" type="stmt"/>
        <line num="370" count="6" type="stmt"/>
        <line num="371" count="6" type="cond" truecount="2" falsecount="0"/>
        <line num="372" count="1" type="stmt"/>
        <line num="374" count="5" type="stmt"/>
        <line num="376" count="0" type="stmt"/>
        <line num="377" count="0" type="stmt"/>
        <line num="382" count="11" type="stmt"/>
        <line num="383" count="2" type="stmt"/>
        <line num="385" count="2" type="stmt"/>
        <line num="386" count="2" type="stmt"/>
        <line num="387" count="2" type="stmt"/>
        <line num="388" count="2" type="stmt"/>
        <line num="390" count="0" type="stmt"/>
        <line num="391" count="0" type="stmt"/>
      </file>
      <file name="users.js" path="/Applications/MAMP/htdocs/marketplace/backend/src/routes/users.js">
        <metrics statements="31" coveredstatements="25" conditionals="6" coveredconditionals="6" methods="3" coveredmethods="3"/>
        <line num="5" count="11" type="stmt"/>
        <line num="7" count="11" type="stmt"/>
        <line num="15" count="11" type="stmt"/>
        <line num="16" count="3" type="stmt"/>
        <line num="17" count="3" type="cond" truecount="2" falsecount="0"/>
        <line num="18" count="1" type="stmt"/>
        <line num="21" count="2" type="stmt"/>
        <line num="22" count="2" type="stmt"/>
        <line num="37" count="2" type="cond" truecount="2" falsecount="0"/>
        <line num="38" count="1" type="stmt"/>
        <line num="41" count="1" type="stmt"/>
        <line num="43" count="0" type="stmt"/>
        <line num="44" count="0" type="stmt"/>
        <line num="49" count="11" type="stmt"/>
        <line num="50" count="6" type="stmt"/>
        <line num="51" count="6" type="stmt"/>
        <line num="53" count="1" type="stmt"/>
        <line num="56" count="5" type="stmt"/>
        <line num="57" count="5" type="stmt"/>
        <line num="63" count="5" type="stmt"/>
        <line num="65" count="0" type="stmt"/>
        <line num="66" count="0" type="stmt"/>
        <line num="71" count="11" type="stmt"/>
        <line num="72" count="2" type="stmt"/>
        <line num="74" count="2" type="stmt"/>
        <line num="75" count="2" type="stmt"/>
        <line num="90" count="2" type="cond" truecount="2" falsecount="0"/>
        <line num="91" count="1" type="stmt"/>
        <line num="94" count="1" type="stmt"/>
        <line num="96" count="0" type="stmt"/>
        <line num="97" count="0" type="stmt"/>
      </file>
    </package>
    <package name="services">
      <metrics statements="218" coveredstatements="171" conditionals="104" coveredconditionals="83" methods="37" coveredmethods="28"/>
      <file name="job.js" path="/Applications/MAMP/htdocs/marketplace/backend/src/services/job.js">
        <metrics statements="135" coveredstatements="110" conditionals="75" coveredconditionals="59" methods="22" coveredmethods="17"/>
        <line num="6" count="71" type="stmt"/>
        <line num="7" count="71" type="stmt"/>
        <line num="11" count="8" type="stmt"/>
        <line num="13" count="8" type="stmt"/>
        <line num="24" count="7" type="cond" truecount="2" falsecount="0"/>
        <line num="26" count="4" type="stmt"/>
        <line num="34" count="3" type="stmt"/>
        <line num="35" count="9" type="stmt"/>
        <line num="36" count="6" type="stmt"/>
        <line num="37" count="3" type="stmt"/>
        <line num="39" count="3" type="stmt"/>
        <line num="46" count="1" type="stmt"/>
        <line num="47" count="1" type="stmt"/>
        <line num="52" count="6" type="stmt"/>
        <line num="54" count="6" type="stmt"/>
        <line num="55" count="6" type="stmt"/>
        <line num="58" count="6" type="stmt"/>
        <line num="59" count="6" type="stmt"/>
        <line num="63" count="6" type="stmt"/>
        <line num="90" count="5" type="stmt"/>
        <line num="92" count="5" type="stmt"/>
        <line num="94" count="1" type="stmt"/>
        <line num="95" count="1" type="stmt"/>
        <line num="100" count="5" type="stmt"/>
        <line num="102" count="5" type="stmt"/>
        <line num="103" count="5" type="stmt"/>
        <line num="123" count="4" type="stmt"/>
        <line num="128" count="4" type="stmt"/>
        <line num="129" count="1" type="stmt"/>
        <line num="136" count="0" type="stmt"/>
        <line num="151" count="3" type="stmt"/>
        <line num="153" count="2" type="stmt"/>
        <line num="154" count="2" type="stmt"/>
        <line num="161" count="12" type="stmt"/>
        <line num="162" count="12" type="stmt"/>
        <line num="167" count="12" type="stmt"/>
        <line num="169" count="9" type="stmt"/>
        <line num="177" count="9" type="cond" truecount="1" falsecount="1"/>
        <line num="178" count="0" type="stmt"/>
        <line num="181" count="9" type="cond" truecount="1" falsecount="1"/>
        <line num="182" count="0" type="stmt"/>
        <line num="185" count="9" type="cond" truecount="2" falsecount="0"/>
        <line num="186" count="2" type="stmt"/>
        <line num="189" count="7" type="cond" truecount="1" falsecount="1"/>
        <line num="190" count="0" type="stmt"/>
        <line num="193" count="7" type="cond" truecount="1" falsecount="1"/>
        <line num="194" count="0" type="stmt"/>
        <line num="198" count="7" type="stmt"/>
        <line num="211" count="7" type="cond" truecount="3" falsecount="1"/>
        <line num="212" count="0" type="stmt"/>
        <line num="215" count="7" type="cond" truecount="1" falsecount="1"/>
        <line num="216" count="0" type="stmt"/>
        <line num="219" count="7" type="cond" truecount="1" falsecount="1"/>
        <line num="220" count="0" type="stmt"/>
        <line num="224" count="7" type="stmt"/>
        <line num="238" count="7" type="cond" truecount="2" falsecount="0"/>
        <line num="239" count="3" type="stmt"/>
        <line num="243" count="4" type="stmt"/>
        <line num="257" count="4" type="stmt"/>
        <line num="265" count="4" type="stmt"/>
        <line num="272" count="7" type="stmt"/>
        <line num="277" count="7" type="stmt"/>
        <line num="278" count="7" type="cond" truecount="1" falsecount="1"/>
        <line num="280" count="7" type="stmt"/>
        <line num="294" count="4" type="stmt"/>
        <line num="308" count="3" type="stmt"/>
        <line num="312" count="7" type="stmt"/>
        <line num="319" count="8" type="stmt"/>
        <line num="320" count="8" type="stmt"/>
        <line num="325" count="3" type="stmt"/>
        <line num="327" count="3" type="stmt"/>
        <line num="328" count="3" type="stmt"/>
        <line num="330" count="3" type="stmt"/>
        <line num="358" count="3" type="stmt"/>
        <line num="360" count="3" type="stmt"/>
        <line num="362" count="0" type="stmt"/>
        <line num="363" count="0" type="stmt"/>
        <line num="368" count="4" type="stmt"/>
        <line num="369" count="4" type="stmt"/>
        <line num="372" count="4" type="stmt"/>
        <line num="375" count="4" type="stmt"/>
        <line num="376" count="0" type="stmt"/>
        <line num="377" count="0" type="stmt"/>
        <line num="378" count="0" type="stmt"/>
        <line num="386" count="0" type="stmt"/>
        <line num="391" count="4" type="stmt"/>
        <line num="392" count="0" type="stmt"/>
        <line num="393" count="0" type="stmt"/>
        <line num="394" count="0" type="stmt"/>
        <line num="402" count="0" type="stmt"/>
        <line num="406" count="0" type="stmt"/>
        <line num="413" count="3" type="stmt"/>
        <line num="416" count="3" type="cond" truecount="2" falsecount="0"/>
        <line num="418" count="2" type="cond" truecount="1" falsecount="1"/>
        <line num="420" count="2" type="stmt"/>
        <line num="444" count="0" type="stmt"/>
        <line num="467" count="1" type="stmt"/>
        <line num="478" count="2" type="stmt"/>
        <line num="485" count="2" type="stmt"/>
        <line num="486" count="2" type="stmt"/>
        <line num="487" count="2" type="cond" truecount="2" falsecount="3"/>
        <line num="488" count="0" type="stmt"/>
        <line num="496" count="2" type="stmt"/>
        <line num="513" count="2" type="stmt"/>
        <line num="515" count="1" type="stmt"/>
        <line num="516" count="1" type="stmt"/>
        <line num="521" count="2" type="stmt"/>
        <line num="537" count="0" type="stmt"/>
        <line num="550" count="5" type="stmt"/>
        <line num="561" count="5" type="cond" truecount="2" falsecount="0"/>
        <line num="567" count="2" type="stmt"/>
        <line num="570" count="3" type="stmt"/>
        <line num="573" count="3" type="stmt"/>
        <line num="591" count="3" type="stmt"/>
        <line num="592" count="3" type="stmt"/>
        <line num="601" count="0" type="stmt"/>
        <line num="602" count="0" type="stmt"/>
        <line num="604" count="0" type="stmt"/>
        <line num="608" count="7" type="stmt"/>
        <line num="633" count="8" type="stmt"/>
        <line num="638" count="8" type="cond" truecount="2" falsecount="0"/>
        <line num="639" count="1" type="stmt"/>
        <line num="642" count="7" type="cond" truecount="4" falsecount="0"/>
        <line num="643" count="1" type="stmt"/>
        <line num="646" count="6" type="cond" truecount="4" falsecount="0"/>
        <line num="647" count="1" type="stmt"/>
        <line num="652" count="5" type="cond" truecount="2" falsecount="0"/>
        <line num="656" count="5" type="stmt"/>
        <line num="664" count="5" type="cond" truecount="4" falsecount="0"/>
        <line num="665" count="2" type="stmt"/>
        <line num="674" count="5" type="cond" truecount="4" falsecount="0"/>
        <line num="675" count="2" type="stmt"/>
        <line num="682" count="5" type="cond" truecount="4" falsecount="0"/>
        <line num="683" count="1" type="stmt"/>
        <line num="690" count="5" type="stmt"/>
      </file>
      <file name="websocket.js" path="/Applications/MAMP/htdocs/marketplace/backend/src/services/websocket.js">
        <metrics statements="83" coveredstatements="61" conditionals="29" coveredconditionals="24" methods="15" coveredmethods="11"/>
        <line num="6" count="33" type="stmt"/>
        <line num="7" count="33" type="stmt"/>
        <line num="8" count="33" type="stmt"/>
        <line num="12" count="14" type="stmt"/>
        <line num="17" count="14" type="stmt"/>
        <line num="18" count="0" type="stmt"/>
        <line num="20" count="0" type="stmt"/>
        <line num="21" count="0" type="stmt"/>
        <line num="22" count="0" type="stmt"/>
        <line num="23" count="0" type="stmt"/>
        <line num="25" count="0" type="stmt"/>
        <line num="26" count="0" type="stmt"/>
        <line num="35" count="0" type="stmt"/>
        <line num="37" count="0" type="stmt"/>
        <line num="38" count="0" type="cond" truecount="0" falsecount="2"/>
        <line num="39" count="0" type="stmt"/>
        <line num="40" count="0" type="stmt"/>
        <line num="41" count="0" type="stmt"/>
        <line num="42" count="0" type="stmt"/>
        <line num="47" count="0" type="stmt"/>
        <line num="48" count="0" type="stmt"/>
        <line num="52" count="0" type="stmt"/>
        <line num="60" count="14" type="stmt"/>
        <line num="64" count="3" type="cond" truecount="3" falsecount="0"/>
        <line num="66" count="1" type="stmt"/>
        <line num="67" count="1" type="stmt"/>
        <line num="69" count="1" type="stmt"/>
        <line num="70" count="1" type="stmt"/>
        <line num="72" count="1" type="stmt"/>
        <line num="77" count="3" type="stmt"/>
        <line num="79" count="3" type="cond" truecount="4" falsecount="0"/>
        <line num="80" count="2" type="stmt"/>
        <line num="86" count="2" type="stmt"/>
        <line num="90" count="1" type="stmt"/>
        <line num="91" count="1" type="stmt"/>
        <line num="93" count="1" type="stmt"/>
        <line num="101" count="1" type="stmt"/>
        <line num="106" count="20" type="stmt"/>
        <line num="107" count="20" type="cond" truecount="4" falsecount="0"/>
        <line num="109" count="2" type="stmt"/>
        <line num="110" count="2" type="stmt"/>
        <line num="116" count="1" type="stmt"/>
        <line num="118" count="1" type="stmt"/>
        <line num="122" count="1" type="stmt"/>
        <line num="125" count="18" type="stmt"/>
        <line num="131" count="18" type="stmt"/>
        <line num="132" count="18" type="cond" truecount="4" falsecount="0"/>
        <line num="134" count="1" type="stmt"/>
        <line num="135" count="1" type="stmt"/>
        <line num="141" count="1" type="stmt"/>
        <line num="143" count="0" type="stmt"/>
        <line num="147" count="0" type="stmt"/>
        <line num="150" count="17" type="stmt"/>
        <line num="156" count="3" type="stmt"/>
        <line num="158" count="3" type="stmt"/>
        <line num="159" count="10" type="stmt"/>
        <line num="161" count="10" type="cond" truecount="4" falsecount="0"/>
        <line num="162" count="6" type="stmt"/>
        <line num="163" count="6" type="stmt"/>
        <line num="169" count="5" type="stmt"/>
        <line num="171" count="1" type="stmt"/>
        <line num="172" count="1" type="stmt"/>
        <line num="173" count="1" type="stmt"/>
        <line num="178" count="3" type="stmt"/>
        <line num="179" count="3" type="stmt"/>
        <line num="184" count="1" type="stmt"/>
        <line num="186" count="1" type="stmt"/>
        <line num="187" count="2" type="cond" truecount="1" falsecount="1"/>
        <line num="188" count="2" type="stmt"/>
        <line num="189" count="2" type="stmt"/>
        <line num="195" count="2" type="stmt"/>
        <line num="197" count="0" type="stmt"/>
        <line num="198" count="0" type="stmt"/>
        <line num="199" count="0" type="stmt"/>
        <line num="204" count="1" type="stmt"/>
        <line num="205" count="1" type="stmt"/>
        <line num="210" count="2" type="stmt"/>
        <line num="220" count="3" type="stmt"/>
        <line num="225" count="15" type="cond" truecount="1" falsecount="1"/>
        <line num="226" count="15" type="stmt"/>
        <line num="227" count="15" type="stmt"/>
        <line num="228" count="15" type="stmt"/>
        <line num="229" count="15" type="stmt"/>
      </file>
    </package>
    <package name="tests.integration">
      <metrics statements="66" coveredstatements="63" conditionals="4" coveredconditionals="1" methods="15" coveredmethods="15"/>
      <file name="setup.js" path="/Applications/MAMP/htdocs/marketplace/backend/src/tests/integration/setup.js">
        <metrics statements="66" coveredstatements="63" conditionals="4" coveredconditionals="1" methods="15" coveredmethods="15"/>
        <line num="17" count="11" type="stmt"/>
        <line num="18" count="11" type="stmt"/>
        <line num="19" count="11" type="stmt"/>
        <line num="20" count="11" type="stmt"/>
        <line num="25" count="11" type="stmt"/>
        <line num="28" count="11" type="stmt"/>
        <line num="34" count="11" type="stmt"/>
        <line num="37" count="11" type="stmt"/>
        <line num="38" count="131" type="stmt"/>
        <line num="39" count="131" type="stmt"/>
        <line num="40" count="131" type="stmt"/>
        <line num="43" count="11" type="stmt"/>
        <line num="46" count="11" type="stmt"/>
        <line num="47" count="11" type="stmt"/>
        <line num="48" count="11" type="stmt"/>
        <line num="49" count="11" type="stmt"/>
        <line num="50" count="11" type="stmt"/>
        <line num="52" count="11" type="stmt"/>
        <line num="53" count="1" type="stmt"/>
        <line num="57" count="11" type="stmt"/>
        <line num="58" count="11" type="stmt"/>
        <line num="59" count="11" type="stmt"/>
        <line num="60" count="11" type="stmt"/>
        <line num="61" count="11" type="stmt"/>
        <line num="62" count="11" type="stmt"/>
        <line num="69" count="108" type="stmt"/>
        <line num="70" count="108" type="stmt"/>
        <line num="73" count="108" type="stmt"/>
        <line num="76" count="108" type="stmt"/>
        <line num="79" count="108" type="stmt"/>
        <line num="82" count="108" type="stmt"/>
        <line num="85" count="108" type="stmt"/>
        <line num="88" count="108" type="stmt"/>
        <line num="91" count="108" type="stmt"/>
        <line num="94" count="108" type="stmt"/>
        <line num="97" count="108" type="stmt"/>
        <line num="99" count="108" type="stmt"/>
        <line num="101" count="0" type="stmt"/>
        <line num="107" count="11" type="stmt"/>
        <line num="108" count="11" type="stmt"/>
        <line num="109" count="11" type="stmt"/>
        <line num="111" count="11" type="stmt"/>
        <line num="112" count="11" type="stmt"/>
        <line num="117" count="5" type="stmt"/>
        <line num="121" count="76" type="stmt"/>
        <line num="122" count="76" type="stmt"/>
        <line num="125" count="76" type="stmt"/>
        <line num="137" count="76" type="stmt"/>
        <line num="150" count="76" type="stmt"/>
        <line num="163" count="76" type="stmt"/>
        <line num="175" count="76" type="stmt"/>
        <line num="194" count="76" type="stmt"/>
        <line num="209" count="76" type="stmt"/>
        <line num="222" count="76" type="stmt"/>
        <line num="224" count="76" type="stmt"/>
        <line num="238" count="0" type="stmt"/>
        <line num="239" count="0" type="stmt"/>
        <line num="244" count="15" type="stmt"/>
        <line num="256" count="15" type="stmt"/>
        <line num="265" count="9" type="stmt"/>
        <line num="271" count="9" type="stmt"/>
        <line num="282" count="7" type="stmt"/>
        <line num="289" count="7" type="stmt"/>
        <line num="296" count="7" type="stmt"/>
        <line num="307" count="7" type="stmt"/>
        <line num="315" count="7" type="stmt"/>
      </file>
    </package>
  </project>
</coverage>
