<?xml version="1.0" encoding="UTF-8"?>
<coverage generated="1750605323409" clover="3.2.0">
  <project timestamp="1750605323409" name="All files">
    <metrics statements="794" coveredstatements="628" conditionals="322" coveredconditionals="229" methods="110" coveredmethods="96" elements="1226" coveredelements="953" complexity="0" loc="794" ncloc="794" packages="4" files="9" classes="9"/>
    <package name="middleware">
      <metrics statements="1" coveredstatements="1" conditionals="0" coveredconditionals="0" methods="0" coveredmethods="0"/>
      <file name="rateLimit.js" path="/Applications/MAMP/htdocs/marketplace/backend/src/middleware/rateLimit.js">
        <metrics statements="1" coveredstatements="1" conditionals="0" coveredconditionals="0" methods="0" coveredmethods="0"/>
        <line num="4" count="11" type="stmt"/>
      </file>
    </package>
    <package name="routes">
      <metrics statements="497" coveredstatements="375" conditionals="210" coveredconditionals="136" methods="56" coveredmethods="49"/>
      <file name="bids.js" path="/Applications/MAMP/htdocs/marketplace/backend/src/routes/bids.js">
        <metrics statements="224" coveredstatements="178" conditionals="118" coveredconditionals="82" methods="22" coveredmethods="21"/>
        <line num="6" count="11" type="stmt"/>
        <line num="9" count="11" type="stmt"/>
        <line num="10" count="29" type="stmt"/>
        <line num="11" count="29" type="cond" truecount="2" falsecount="0"/>
        <line num="12" count="1" type="stmt"/>
        <line num="14" count="28" type="stmt"/>
        <line num="15" count="28" type="stmt"/>
        <line num="18" count="11" type="stmt"/>
        <line num="26" count="11" type="stmt"/>
        <line num="27" count="19" type="stmt"/>
        <line num="28" count="19" type="stmt"/>
        <line num="30" count="1" type="stmt"/>
        <line num="35" count="18" type="stmt"/>
        <line num="36" count="18" type="cond" truecount="1" falsecount="1"/>
        <line num="37" count="0" type="stmt"/>
        <line num="40" count="18" type="stmt"/>
        <line num="42" count="18" type="stmt"/>
        <line num="44" count="18" type="stmt"/>
        <line num="53" count="18" type="cond" truecount="2" falsecount="0"/>
        <line num="54" count="10" type="stmt"/>
        <line num="58" count="8" type="stmt"/>
        <line num="65" count="8" type="cond" truecount="3" falsecount="1"/>
        <line num="66" count="0" type="stmt"/>
        <line num="70" count="8" type="stmt"/>
        <line num="89" count="7" type="stmt"/>
        <line num="92" count="7" type="stmt"/>
        <line num="95" count="7" type="stmt"/>
        <line num="98" count="7" type="cond" truecount="4" falsecount="0"/>
        <line num="99" count="2" type="stmt"/>
        <line num="101" count="2" type="stmt"/>
        <line num="103" count="2" type="stmt"/>
        <line num="116" count="2" type="stmt"/>
        <line num="125" count="2" type="stmt"/>
        <line num="133" count="2" type="stmt"/>
        <line num="142" count="2" type="stmt"/>
        <line num="145" count="2" type="stmt"/>
        <line num="146" count="2" type="cond" truecount="1" falsecount="1"/>
        <line num="147" count="2" type="stmt"/>
        <line num="148" count="2" type="stmt"/>
        <line num="161" count="2" type="stmt"/>
        <line num="172" count="0" type="stmt"/>
        <line num="177" count="0" type="stmt"/>
        <line num="182" count="7" type="cond" truecount="2" falsecount="0"/>
        <line num="184" count="5" type="stmt"/>
        <line num="185" count="5" type="cond" truecount="1" falsecount="1"/>
        <line num="186" count="5" type="stmt"/>
        <line num="187" count="5" type="stmt"/>
        <line num="199" count="0" type="stmt"/>
        <line num="205" count="7" type="stmt"/>
        <line num="210" count="11" type="stmt"/>
        <line num="213" count="11" type="cond" truecount="2" falsecount="0"/>
        <line num="214" count="10" type="stmt"/>
        <line num="217" count="1" type="cond" truecount="1" falsecount="1"/>
        <line num="218" count="0" type="stmt"/>
        <line num="222" count="1" type="cond" truecount="3" falsecount="1"/>
        <line num="223" count="1" type="stmt"/>
        <line num="226" count="0" type="stmt"/>
        <line num="231" count="11" type="stmt"/>
        <line num="232" count="2" type="stmt"/>
        <line num="233" count="2" type="stmt"/>
        <line num="235" count="2" type="stmt"/>
        <line num="236" count="2" type="cond" truecount="2" falsecount="0"/>
        <line num="238" count="1" type="stmt"/>
        <line num="256" count="1" type="stmt"/>
        <line num="259" count="1" type="stmt"/>
        <line num="270" count="1" type="stmt"/>
        <line num="273" count="0" type="stmt"/>
        <line num="274" count="0" type="stmt"/>
        <line num="280" count="11" type="stmt"/>
        <line num="287" count="11" type="stmt"/>
        <line num="288" count="2" type="stmt"/>
        <line num="290" count="2" type="stmt"/>
        <line num="291" count="2" type="stmt"/>
        <line num="306" count="51" type="stmt"/>
        <line num="307" count="51" type="stmt"/>
        <line num="308" count="51" type="stmt"/>
        <line num="309" count="51" type="stmt"/>
        <line num="311" count="2" type="stmt"/>
        <line num="312" count="102" type="cond" truecount="2" falsecount="0"/>
        <line num="314" count="2" type="stmt"/>
        <line num="315" count="51" type="stmt"/>
        <line num="317" count="51" type="stmt"/>
        <line num="318" count="51" type="cond" truecount="1" falsecount="1"/>
        <line num="319" count="51" type="stmt"/>
        <line num="320" count="51" type="cond" truecount="1" falsecount="1"/>
        <line num="323" count="51" type="stmt"/>
        <line num="328" count="51" type="stmt"/>
        <line num="335" count="442" type="cond" truecount="1" falsecount="1"/>
        <line num="337" count="2" type="stmt"/>
        <line num="338" count="221" type="stmt"/>
        <line num="339" count="221" type="stmt"/>
        <line num="341" count="221" type="cond" truecount="2" falsecount="2"/>
        <line num="342" count="221" type="cond" truecount="3" falsecount="1"/>
        <line num="344" count="221" type="stmt"/>
        <line num="347" count="2" type="stmt"/>
        <line num="349" count="0" type="stmt"/>
        <line num="350" count="0" type="stmt"/>
        <line num="354" count="11" type="stmt"/>
        <line num="355" count="13" type="stmt"/>
        <line num="356" count="13" type="stmt"/>
        <line num="358" count="13" type="stmt"/>
        <line num="360" count="13" type="stmt"/>
        <line num="362" count="13" type="stmt"/>
        <line num="378" count="13" type="cond" truecount="2" falsecount="0"/>
        <line num="379" count="2" type="stmt"/>
        <line num="383" count="11" type="cond" truecount="2" falsecount="0"/>
        <line num="384" count="2" type="stmt"/>
        <line num="388" count="9" type="cond" truecount="1" falsecount="1"/>
        <line num="389" count="0" type="stmt"/>
        <line num="393" count="9" type="cond" truecount="1" falsecount="1"/>
        <line num="394" count="0" type="stmt"/>
        <line num="400" count="9" type="stmt"/>
        <line num="412" count="9" type="cond" truecount="2" falsecount="0"/>
        <line num="413" count="1" type="stmt"/>
        <line num="417" count="8" type="stmt"/>
        <line num="428" count="8" type="cond" truecount="1" falsecount="1"/>
        <line num="429" count="0" type="stmt"/>
        <line num="433" count="8" type="stmt"/>
        <line num="442" count="8" type="stmt"/>
        <line num="455" count="8" type="stmt"/>
        <line num="459" count="8" type="stmt"/>
        <line num="463" count="8" type="stmt"/>
        <line num="472" count="8" type="stmt"/>
        <line num="473" count="8" type="cond" truecount="1" falsecount="1"/>
        <line num="474" count="8" type="stmt"/>
        <line num="476" count="8" type="stmt"/>
        <line num="491" count="8" type="stmt"/>
        <line num="502" count="8" type="stmt"/>
        <line num="503" count="1" type="stmt"/>
        <line num="510" count="0" type="stmt"/>
        <line num="515" count="8" type="stmt"/>
        <line num="528" count="5" type="stmt"/>
        <line num="531" count="5" type="cond" truecount="2" falsecount="0"/>
        <line num="532" count="2" type="stmt"/>
        <line num="535" count="3" type="cond" truecount="2" falsecount="0"/>
        <line num="536" count="2" type="stmt"/>
        <line num="539" count="1" type="cond" truecount="1" falsecount="1"/>
        <line num="540" count="0" type="stmt"/>
        <line num="543" count="1" type="cond" truecount="1" falsecount="1"/>
        <line num="547" count="1" type="stmt"/>
        <line num="550" count="0" type="stmt"/>
        <line num="555" count="11" type="stmt"/>
        <line num="556" count="5" type="stmt"/>
        <line num="557" count="5" type="stmt"/>
        <line num="559" count="5" type="stmt"/>
        <line num="560" count="5" type="stmt"/>
        <line num="577" count="5" type="cond" truecount="1" falsecount="1"/>
        <line num="578" count="0" type="stmt"/>
        <line num="582" count="5" type="stmt"/>
        <line num="583" count="5" type="stmt"/>
        <line num="585" count="5" type="cond" truecount="4" falsecount="0"/>
        <line num="586" count="2" type="stmt"/>
        <line num="589" count="3" type="stmt"/>
        <line num="591" count="0" type="stmt"/>
        <line num="592" count="0" type="stmt"/>
        <line num="597" count="11" type="stmt"/>
        <line num="598" count="6" type="stmt"/>
        <line num="599" count="6" type="stmt"/>
        <line num="600" count="6" type="stmt"/>
        <line num="602" count="6" type="stmt"/>
        <line num="604" count="6" type="stmt"/>
        <line num="606" count="6" type="stmt"/>
        <line num="613" count="6" type="cond" truecount="1" falsecount="1"/>
        <line num="614" count="0" type="stmt"/>
        <line num="618" count="6" type="cond" truecount="2" falsecount="0"/>
        <line num="619" count="1" type="stmt"/>
        <line num="623" count="5" type="cond" truecount="2" falsecount="0"/>
        <line num="624" count="1" type="stmt"/>
        <line num="627" count="4" type="cond" truecount="1" falsecount="1"/>
        <line num="628" count="0" type="stmt"/>
        <line num="632" count="4" type="stmt"/>
        <line num="647" count="4" type="cond" truecount="1" falsecount="1"/>
        <line num="648" count="0" type="stmt"/>
        <line num="652" count="4" type="stmt"/>
        <line num="668" count="4" type="stmt"/>
        <line num="672" count="4" type="stmt"/>
        <line num="673" count="4" type="cond" truecount="1" falsecount="1"/>
        <line num="674" count="4" type="stmt"/>
        <line num="675" count="4" type="stmt"/>
        <line num="687" count="0" type="stmt"/>
        <line num="692" count="4" type="stmt"/>
        <line num="694" count="2" type="stmt"/>
        <line num="697" count="2" type="cond" truecount="1" falsecount="1"/>
        <line num="698" count="0" type="stmt"/>
        <line num="701" count="2" type="cond" truecount="2" falsecount="0"/>
        <line num="702" count="1" type="stmt"/>
        <line num="705" count="1" type="cond" truecount="1" falsecount="1"/>
        <line num="706" count="1" type="stmt"/>
        <line num="709" count="0" type="cond" truecount="0" falsecount="2"/>
        <line num="710" count="0" type="stmt"/>
        <line num="713" count="0" type="stmt"/>
        <line num="718" count="11" type="stmt"/>
        <line num="719" count="2" type="stmt"/>
        <line num="720" count="2" type="stmt"/>
        <line num="722" count="2" type="stmt"/>
        <line num="723" count="2" type="stmt"/>
        <line num="730" count="2" type="cond" truecount="1" falsecount="1"/>
        <line num="731" count="0" type="stmt"/>
        <line num="735" count="2" type="cond" truecount="2" falsecount="0"/>
        <line num="736" count="1" type="stmt"/>
        <line num="740" count="1" type="cond" truecount="3" falsecount="1"/>
        <line num="741" count="0" type="stmt"/>
        <line num="745" count="1" type="stmt"/>
        <line num="750" count="1" type="stmt"/>
        <line num="751" count="1" type="cond" truecount="1" falsecount="1"/>
        <line num="752" count="1" type="stmt"/>
        <line num="759" count="1" type="stmt"/>
        <line num="761" count="0" type="stmt"/>
        <line num="762" count="0" type="stmt"/>
        <line num="767" count="11" type="stmt"/>
        <line num="768" count="0" type="stmt"/>
        <line num="769" count="0" type="stmt"/>
        <line num="771" count="0" type="stmt"/>
        <line num="772" count="0" type="stmt"/>
        <line num="776" count="0" type="cond" truecount="0" falsecount="2"/>
        <line num="777" count="0" type="stmt"/>
        <line num="780" count="0" type="cond" truecount="0" falsecount="2"/>
        <line num="781" count="0" type="stmt"/>
        <line num="784" count="0" type="cond" truecount="0" falsecount="2"/>
        <line num="785" count="0" type="stmt"/>
        <line num="788" count="0" type="stmt"/>
        <line num="795" count="0" type="stmt"/>
        <line num="797" count="0" type="stmt"/>
        <line num="798" count="0" type="stmt"/>
      </file>
      <file name="categories.js" path="/Applications/MAMP/htdocs/marketplace/backend/src/routes/categories.js">
        <metrics statements="47" coveredstatements="29" conditionals="22" coveredconditionals="12" methods="7" coveredmethods="5"/>
        <line num="4" count="11" type="stmt"/>
        <line num="7" count="11" type="stmt"/>
        <line num="8" count="7" type="stmt"/>
        <line num="9" count="7" type="stmt"/>
        <line num="22" count="7" type="stmt"/>
        <line num="24" count="0" type="stmt"/>
        <line num="25" count="0" type="stmt"/>
        <line num="30" count="11" type="stmt"/>
        <line num="31" count="7" type="stmt"/>
        <line num="34" count="7" type="cond" truecount="3" falsecount="1"/>
        <line num="35" count="0" type="stmt"/>
        <line num="38" count="7" type="stmt"/>
        <line num="39" count="7" type="stmt"/>
        <line num="52" count="7" type="cond" truecount="2" falsecount="0"/>
        <line num="53" count="4" type="stmt"/>
        <line num="56" count="3" type="stmt"/>
        <line num="58" count="0" type="stmt"/>
        <line num="60" count="0" type="cond" truecount="0" falsecount="4"/>
        <line num="61" count="0" type="stmt"/>
        <line num="63" count="0" type="stmt"/>
        <line num="68" count="11" type="stmt"/>
        <line num="69" count="5" type="stmt"/>
        <line num="72" count="5" type="cond" truecount="3" falsecount="1"/>
        <line num="73" count="0" type="stmt"/>
        <line num="76" count="5" type="stmt"/>
        <line num="78" count="5" type="stmt"/>
        <line num="83" count="5" type="cond" truecount="2" falsecount="0"/>
        <line num="84" count="2" type="stmt"/>
        <line num="88" count="3" type="stmt"/>
        <line num="95" count="3" type="cond" truecount="2" falsecount="0"/>
        <line num="96" count="1" type="stmt"/>
        <line num="99" count="5" type="stmt"/>
        <line num="100" count="5" type="stmt"/>
        <line num="101" count="2" type="stmt"/>
        <line num="102" count="2" type="stmt"/>
        <line num="104" count="2" type="stmt"/>
        <line num="112" count="0" type="stmt"/>
        <line num="115" count="0" type="cond" truecount="0" falsecount="4"/>
        <line num="116" count="0" type="stmt"/>
        <line num="119" count="0" type="stmt"/>
        <line num="124" count="11" type="stmt"/>
        <line num="125" count="0" type="stmt"/>
        <line num="126" count="0" type="stmt"/>
        <line num="143" count="0" type="stmt"/>
        <line num="152" count="0" type="stmt"/>
        <line num="154" count="0" type="stmt"/>
        <line num="155" count="0" type="stmt"/>
      </file>
      <file name="escrow.js" path="/Applications/MAMP/htdocs/marketplace/backend/src/routes/escrow.js">
        <metrics statements="51" coveredstatements="26" conditionals="26" coveredconditionals="10" methods="3" coveredmethods="2"/>
        <line num="4" count="11" type="stmt"/>
        <line num="7" count="11" type="stmt"/>
        <line num="8" count="3" type="stmt"/>
        <line num="10" count="3" type="stmt"/>
        <line num="11" count="3" type="stmt"/>
        <line num="23" count="3" type="cond" truecount="2" falsecount="0"/>
        <line num="24" count="1" type="stmt"/>
        <line num="27" count="2" type="stmt"/>
        <line num="29" count="0" type="stmt"/>
        <line num="30" count="0" type="stmt"/>
        <line num="35" count="11" type="stmt"/>
        <line num="36" count="5" type="stmt"/>
        <line num="37" count="5" type="stmt"/>
        <line num="39" count="5" type="cond" truecount="2" falsecount="0"/>
        <line num="40" count="1" type="stmt"/>
        <line num="43" count="4" type="stmt"/>
        <line num="44" count="4" type="stmt"/>
        <line num="56" count="4" type="cond" truecount="2" falsecount="0"/>
        <line num="57" count="1" type="stmt"/>
        <line num="61" count="3" type="cond" truecount="2" falsecount="0"/>
        <line num="62" count="1" type="stmt"/>
        <line num="65" count="2" type="cond" truecount="2" falsecount="0"/>
        <line num="66" count="1" type="stmt"/>
        <line num="69" count="1" type="stmt"/>
        <line num="78" count="1" type="stmt"/>
        <line num="79" count="1" type="stmt"/>
        <line num="85" count="1" type="stmt"/>
        <line num="87" count="0" type="stmt"/>
        <line num="88" count="0" type="stmt"/>
        <line num="93" count="11" type="stmt"/>
        <line num="94" count="0" type="stmt"/>
        <line num="95" count="0" type="stmt"/>
        <line num="97" count="0" type="cond" truecount="0" falsecount="2"/>
        <line num="98" count="0" type="stmt"/>
        <line num="101" count="0" type="cond" truecount="0" falsecount="5"/>
        <line num="102" count="0" type="stmt"/>
        <line num="105" count="0" type="stmt"/>
        <line num="107" count="0" type="stmt"/>
        <line num="108" count="0" type="stmt"/>
        <line num="110" count="0" type="cond" truecount="0" falsecount="5"/>
        <line num="111" count="0" type="stmt"/>
        <line num="115" count="0" type="stmt"/>
        <line num="116" count="0" type="cond" truecount="0" falsecount="2"/>
        <line num="117" count="0" type="stmt"/>
        <line num="120" count="0" type="stmt"/>
        <line num="133" count="0" type="stmt"/>
        <line num="139" count="0" type="stmt"/>
        <line num="140" count="0" type="stmt"/>
        <line num="150" count="0" type="stmt"/>
        <line num="152" count="0" type="stmt"/>
        <line num="153" count="0" type="stmt"/>
      </file>
      <file name="jobs.js" path="/Applications/MAMP/htdocs/marketplace/backend/src/routes/jobs.js">
        <metrics statements="144" coveredstatements="117" conditionals="38" coveredconditionals="26" methods="21" coveredmethods="18"/>
        <line num="5" count="11" type="stmt"/>
        <line num="7" count="11" type="stmt"/>
        <line num="17" count="11" type="stmt"/>
        <line num="27" count="11" type="stmt"/>
        <line num="32" count="11" type="stmt"/>
        <line num="33" count="33" type="stmt"/>
        <line num="34" count="15" type="stmt"/>
        <line num="35" count="15" type="stmt"/>
        <line num="36" count="12" type="stmt"/>
        <line num="38" count="3" type="stmt"/>
        <line num="47" count="11" type="stmt"/>
        <line num="48" count="28" type="stmt"/>
        <line num="49" count="28" type="cond" truecount="2" falsecount="0"/>
        <line num="50" count="4" type="stmt"/>
        <line num="52" count="24" type="stmt"/>
        <line num="53" count="24" type="stmt"/>
        <line num="56" count="11" type="stmt"/>
        <line num="57" count="2" type="stmt"/>
        <line num="58" count="2" type="stmt"/>
        <line num="62" count="11" type="stmt"/>
        <line num="63" count="4" type="stmt"/>
        <line num="64" count="4" type="stmt"/>
        <line num="66" count="4" type="stmt"/>
        <line num="67" count="4" type="stmt"/>
        <line num="68" count="4" type="stmt"/>
        <line num="71" count="4" type="stmt"/>
        <line num="86" count="4" type="cond" truecount="3" falsecount="1"/>
        <line num="87" count="0" type="stmt"/>
        <line num="88" count="0" type="stmt"/>
        <line num="92" count="4" type="stmt"/>
        <line num="93" count="4" type="stmt"/>
        <line num="95" count="4" type="stmt"/>
        <line num="97" count="4" type="cond" truecount="1" falsecount="1"/>
        <line num="98" count="0" type="stmt"/>
        <line num="99" count="0" type="stmt"/>
        <line num="103" count="4" type="stmt"/>
        <line num="171" count="4" type="stmt"/>
        <line num="174" count="4" type="stmt"/>
        <line num="175" count="131" type="cond" truecount="1" falsecount="1"/>
        <line num="177" count="0" type="stmt"/>
        <line num="178" count="0" type="cond" truecount="0" falsecount="2"/>
        <line num="179" count="0" type="stmt"/>
        <line num="182" count="0" type="stmt"/>
        <line num="185" count="131" type="stmt"/>
        <line num="188" count="4" type="stmt"/>
        <line num="191" count="4" type="stmt"/>
        <line num="193" count="131" type="stmt"/>
        <line num="196" count="131" type="stmt"/>
        <line num="197" count="131" type="cond" truecount="3" falsecount="1"/>
        <line num="198" count="131" type="stmt"/>
        <line num="199" count="131" type="stmt"/>
        <line num="200" count="131" type="stmt"/>
        <line num="203" count="131" type="stmt"/>
        <line num="226" count="4" type="stmt"/>
        <line num="227" count="131" type="stmt"/>
        <line num="229" count="4" type="stmt"/>
        <line num="230" count="131" type="stmt"/>
        <line num="232" count="4" type="stmt"/>
        <line num="237" count="4" type="stmt"/>
        <line num="238" count="4" type="stmt"/>
        <line num="240" count="4" type="stmt"/>
        <line num="241" count="131" type="stmt"/>
        <line num="244" count="131" type="stmt"/>
        <line num="247" count="131" type="stmt"/>
        <line num="248" count="131" type="cond" truecount="3" falsecount="1"/>
        <line num="249" count="131" type="stmt"/>
        <line num="250" count="131" type="stmt"/>
        <line num="251" count="131" type="stmt"/>
        <line num="254" count="131" type="stmt"/>
        <line num="273" count="0" type="cond" truecount="1" falsecount="1"/>
        <line num="276" count="131" type="cond" truecount="2" falsecount="2"/>
        <line num="277" count="0" type="stmt"/>
        <line num="279" count="131" type="stmt"/>
        <line num="283" count="4" type="stmt"/>
        <line num="288" count="4" type="stmt"/>
        <line num="293" count="0" type="stmt"/>
        <line num="294" count="0" type="stmt"/>
        <line num="299" count="11" type="stmt"/>
        <line num="300" count="1" type="stmt"/>
        <line num="302" count="1" type="stmt"/>
        <line num="303" count="1" type="stmt"/>
        <line num="304" count="1" type="stmt"/>
        <line num="305" count="1" type="stmt"/>
        <line num="307" count="0" type="stmt"/>
        <line num="308" count="0" type="stmt"/>
        <line num="313" count="11" type="stmt"/>
        <line num="318" count="2" type="stmt"/>
        <line num="319" count="2" type="stmt"/>
        <line num="320" count="2" type="stmt"/>
        <line num="321" count="2" type="stmt"/>
        <line num="323" count="0" type="stmt"/>
        <line num="324" count="0" type="stmt"/>
        <line num="330" count="11" type="stmt"/>
        <line num="335" count="1" type="stmt"/>
        <line num="336" count="1" type="stmt"/>
        <line num="337" count="1" type="stmt"/>
        <line num="338" count="1" type="stmt"/>
        <line num="340" count="0" type="stmt"/>
        <line num="341" count="0" type="stmt"/>
        <line num="347" count="11" type="stmt"/>
        <line num="352" count="9" type="stmt"/>
        <line num="353" count="9" type="stmt"/>
        <line num="354" count="9" type="stmt"/>
        <line num="355" count="9" type="stmt"/>
        <line num="357" count="9" type="stmt"/>
        <line num="360" count="4" type="cond" truecount="3" falsecount="1"/>
        <line num="361" count="4" type="stmt"/>
        <line num="373" count="4" type="stmt"/>
        <line num="375" count="5" type="stmt"/>
        <line num="376" count="5" type="cond" truecount="1" falsecount="1"/>
        <line num="380" count="5" type="stmt"/>
        <line num="383" count="0" type="stmt"/>
        <line num="389" count="11" type="stmt"/>
        <line num="390" count="2" type="stmt"/>
        <line num="392" count="2" type="stmt"/>
        <line num="393" count="2" type="stmt"/>
        <line num="405" count="2" type="stmt"/>
        <line num="407" count="0" type="stmt"/>
        <line num="408" count="0" type="stmt"/>
        <line num="413" count="11" type="stmt"/>
        <line num="414" count="1" type="stmt"/>
        <line num="416" count="1" type="stmt"/>
        <line num="417" count="1" type="stmt"/>
        <line num="430" count="1" type="stmt"/>
        <line num="432" count="0" type="stmt"/>
        <line num="433" count="0" type="stmt"/>
        <line num="438" count="11" type="stmt"/>
        <line num="439" count="6" type="stmt"/>
        <line num="441" count="6" type="stmt"/>
        <line num="442" count="6" type="stmt"/>
        <line num="443" count="6" type="stmt"/>
        <line num="444" count="6" type="cond" truecount="2" falsecount="0"/>
        <line num="445" count="1" type="stmt"/>
        <line num="447" count="5" type="stmt"/>
        <line num="449" count="0" type="stmt"/>
        <line num="450" count="0" type="stmt"/>
        <line num="455" count="11" type="stmt"/>
        <line num="456" count="2" type="stmt"/>
        <line num="458" count="2" type="stmt"/>
        <line num="459" count="2" type="stmt"/>
        <line num="460" count="2" type="stmt"/>
        <line num="461" count="2" type="stmt"/>
        <line num="463" count="0" type="stmt"/>
        <line num="464" count="0" type="stmt"/>
      </file>
      <file name="users.js" path="/Applications/MAMP/htdocs/marketplace/backend/src/routes/users.js">
        <metrics statements="31" coveredstatements="25" conditionals="6" coveredconditionals="6" methods="3" coveredmethods="3"/>
        <line num="5" count="11" type="stmt"/>
        <line num="7" count="11" type="stmt"/>
        <line num="15" count="11" type="stmt"/>
        <line num="16" count="3" type="stmt"/>
        <line num="17" count="3" type="cond" truecount="2" falsecount="0"/>
        <line num="18" count="1" type="stmt"/>
        <line num="21" count="2" type="stmt"/>
        <line num="22" count="2" type="stmt"/>
        <line num="37" count="2" type="cond" truecount="2" falsecount="0"/>
        <line num="38" count="1" type="stmt"/>
        <line num="41" count="1" type="stmt"/>
        <line num="43" count="0" type="stmt"/>
        <line num="44" count="0" type="stmt"/>
        <line num="49" count="11" type="stmt"/>
        <line num="50" count="6" type="stmt"/>
        <line num="51" count="6" type="stmt"/>
        <line num="53" count="1" type="stmt"/>
        <line num="56" count="5" type="stmt"/>
        <line num="57" count="5" type="stmt"/>
        <line num="63" count="5" type="stmt"/>
        <line num="65" count="0" type="stmt"/>
        <line num="66" count="0" type="stmt"/>
        <line num="71" count="11" type="stmt"/>
        <line num="72" count="2" type="stmt"/>
        <line num="74" count="2" type="stmt"/>
        <line num="75" count="2" type="stmt"/>
        <line num="90" count="2" type="cond" truecount="2" falsecount="0"/>
        <line num="91" count="1" type="stmt"/>
        <line num="94" count="1" type="stmt"/>
        <line num="96" count="0" type="stmt"/>
        <line num="97" count="0" type="stmt"/>
      </file>
    </package>
    <package name="services">
      <metrics statements="230" coveredstatements="189" conditionals="108" coveredconditionals="92" methods="39" coveredmethods="32"/>
      <file name="job.js" path="/Applications/MAMP/htdocs/marketplace/backend/src/services/job.js">
        <metrics statements="148" coveredstatements="129" conditionals="77" coveredconditionals="66" methods="24" coveredmethods="21"/>
        <line num="6" count="71" type="stmt"/>
        <line num="7" count="71" type="stmt"/>
        <line num="11" count="8" type="stmt"/>
        <line num="13" count="8" type="stmt"/>
        <line num="24" count="7" type="cond" truecount="2" falsecount="0"/>
        <line num="26" count="4" type="stmt"/>
        <line num="34" count="3" type="stmt"/>
        <line num="35" count="9" type="stmt"/>
        <line num="36" count="6" type="stmt"/>
        <line num="37" count="3" type="stmt"/>
        <line num="39" count="3" type="stmt"/>
        <line num="46" count="1" type="stmt"/>
        <line num="47" count="1" type="stmt"/>
        <line num="52" count="6" type="stmt"/>
        <line num="54" count="6" type="stmt"/>
        <line num="55" count="6" type="stmt"/>
        <line num="58" count="6" type="stmt"/>
        <line num="59" count="6" type="stmt"/>
        <line num="63" count="6" type="stmt"/>
        <line num="90" count="5" type="stmt"/>
        <line num="92" count="5" type="stmt"/>
        <line num="94" count="1" type="stmt"/>
        <line num="95" count="1" type="stmt"/>
        <line num="100" count="6" type="stmt"/>
        <line num="102" count="6" type="stmt"/>
        <line num="103" count="6" type="stmt"/>
        <line num="123" count="5" type="stmt"/>
        <line num="128" count="5" type="stmt"/>
        <line num="129" count="3" type="stmt"/>
        <line num="136" count="3" type="stmt"/>
        <line num="151" count="5" type="stmt"/>
        <line num="153" count="1" type="stmt"/>
        <line num="154" count="1" type="stmt"/>
        <line num="161" count="12" type="stmt"/>
        <line num="162" count="12" type="stmt"/>
        <line num="167" count="12" type="stmt"/>
        <line num="169" count="9" type="stmt"/>
        <line num="177" count="9" type="cond" truecount="1" falsecount="1"/>
        <line num="178" count="0" type="stmt"/>
        <line num="181" count="9" type="cond" truecount="1" falsecount="1"/>
        <line num="182" count="0" type="stmt"/>
        <line num="185" count="9" type="cond" truecount="2" falsecount="0"/>
        <line num="186" count="3" type="stmt"/>
        <line num="189" count="6" type="cond" truecount="1" falsecount="1"/>
        <line num="190" count="0" type="stmt"/>
        <line num="193" count="6" type="cond" truecount="1" falsecount="1"/>
        <line num="194" count="0" type="stmt"/>
        <line num="198" count="6" type="stmt"/>
        <line num="211" count="6" type="cond" truecount="3" falsecount="1"/>
        <line num="212" count="0" type="stmt"/>
        <line num="215" count="6" type="cond" truecount="1" falsecount="1"/>
        <line num="216" count="0" type="stmt"/>
        <line num="219" count="6" type="cond" truecount="1" falsecount="1"/>
        <line num="220" count="0" type="stmt"/>
        <line num="224" count="6" type="stmt"/>
        <line num="238" count="6" type="cond" truecount="2" falsecount="0"/>
        <line num="239" count="2" type="stmt"/>
        <line num="243" count="4" type="stmt"/>
        <line num="257" count="4" type="stmt"/>
        <line num="265" count="4" type="stmt"/>
        <line num="272" count="7" type="stmt"/>
        <line num="277" count="7" type="stmt"/>
        <line num="278" count="7" type="cond" truecount="1" falsecount="1"/>
        <line num="280" count="7" type="stmt"/>
        <line num="294" count="4" type="stmt"/>
        <line num="308" count="3" type="stmt"/>
        <line num="312" count="7" type="stmt"/>
        <line num="319" count="8" type="stmt"/>
        <line num="320" count="8" type="stmt"/>
        <line num="325" count="3" type="stmt"/>
        <line num="327" count="3" type="stmt"/>
        <line num="328" count="3" type="stmt"/>
        <line num="330" count="3" type="stmt"/>
        <line num="358" count="3" type="stmt"/>
        <line num="360" count="3" type="stmt"/>
        <line num="362" count="0" type="stmt"/>
        <line num="363" count="0" type="stmt"/>
        <line num="368" count="4" type="stmt"/>
        <line num="369" count="4" type="stmt"/>
        <line num="372" count="4" type="stmt"/>
        <line num="375" count="4" type="stmt"/>
        <line num="376" count="0" type="stmt"/>
        <line num="377" count="0" type="stmt"/>
        <line num="378" count="0" type="stmt"/>
        <line num="386" count="0" type="stmt"/>
        <line num="391" count="4" type="stmt"/>
        <line num="392" count="0" type="stmt"/>
        <line num="393" count="0" type="stmt"/>
        <line num="394" count="0" type="stmt"/>
        <line num="402" count="0" type="stmt"/>
        <line num="406" count="0" type="stmt"/>
        <line num="413" count="5" type="stmt"/>
        <line num="416" count="5" type="cond" truecount="2" falsecount="0"/>
        <line num="418" count="4" type="cond" truecount="2" falsecount="0"/>
        <line num="420" count="3" type="stmt"/>
        <line num="444" count="1" type="stmt"/>
        <line num="467" count="1" type="stmt"/>
        <line num="478" count="4" type="stmt"/>
        <line num="485" count="4" type="stmt"/>
        <line num="486" count="5" type="stmt"/>
        <line num="487" count="5" type="cond" truecount="5" falsecount="0"/>
        <line num="488" count="3" type="stmt"/>
        <line num="496" count="5" type="stmt"/>
        <line num="513" count="4" type="stmt"/>
        <line num="515" count="1" type="stmt"/>
        <line num="516" count="1" type="stmt"/>
        <line num="521" count="2" type="stmt"/>
        <line num="537" count="0" type="stmt"/>
        <line num="550" count="5" type="stmt"/>
        <line num="561" count="5" type="cond" truecount="2" falsecount="0"/>
        <line num="567" count="2" type="stmt"/>
        <line num="570" count="3" type="stmt"/>
        <line num="573" count="3" type="stmt"/>
        <line num="591" count="3" type="stmt"/>
        <line num="592" count="6" type="stmt"/>
        <line num="601" count="6" type="stmt"/>
        <line num="602" count="2" type="stmt"/>
        <line num="604" count="3" type="stmt"/>
        <line num="608" count="7" type="stmt"/>
        <line num="633" count="8" type="stmt"/>
        <line num="638" count="8" type="cond" truecount="2" falsecount="0"/>
        <line num="639" count="1" type="stmt"/>
        <line num="642" count="7" type="cond" truecount="4" falsecount="0"/>
        <line num="643" count="1" type="stmt"/>
        <line num="646" count="6" type="cond" truecount="4" falsecount="0"/>
        <line num="647" count="1" type="stmt"/>
        <line num="652" count="5" type="cond" truecount="2" falsecount="0"/>
        <line num="656" count="5" type="stmt"/>
        <line num="664" count="5" type="cond" truecount="4" falsecount="0"/>
        <line num="665" count="2" type="stmt"/>
        <line num="674" count="5" type="cond" truecount="2" falsecount="0"/>
        <line num="675" count="1" type="stmt"/>
        <line num="676" count="1" type="stmt"/>
        <line num="685" count="1" type="stmt"/>
        <line num="690" count="5" type="cond" truecount="4" falsecount="0"/>
        <line num="691" count="2" type="stmt"/>
        <line num="698" count="5" type="cond" truecount="4" falsecount="0"/>
        <line num="699" count="1" type="stmt"/>
        <line num="706" count="5" type="stmt"/>
        <line num="710" count="71" type="stmt"/>
        <line num="711" count="13" type="stmt"/>
        <line num="712" count="13" type="stmt"/>
        <line num="713" count="13" type="stmt"/>
        <line num="715" count="13" type="stmt"/>
        <line num="719" count="13" type="stmt"/>
        <line num="720" count="13" type="stmt"/>
        <line num="723" count="71" type="stmt"/>
        <line num="724" count="58" type="stmt"/>
      </file>
      <file name="websocket.js" path="/Applications/MAMP/htdocs/marketplace/backend/src/services/websocket.js">
        <metrics statements="82" coveredstatements="60" conditionals="31" coveredconditionals="26" methods="15" coveredmethods="11"/>
        <line num="6" count="33" type="stmt"/>
        <line num="7" count="33" type="stmt"/>
        <line num="8" count="33" type="stmt"/>
        <line num="12" count="14" type="stmt"/>
        <line num="17" count="14" type="stmt"/>
        <line num="18" count="0" type="stmt"/>
        <line num="20" count="0" type="stmt"/>
        <line num="21" count="0" type="stmt"/>
        <line num="22" count="0" type="stmt"/>
        <line num="23" count="0" type="stmt"/>
        <line num="25" count="0" type="stmt"/>
        <line num="26" count="0" type="stmt"/>
        <line num="35" count="0" type="stmt"/>
        <line num="37" count="0" type="stmt"/>
        <line num="38" count="0" type="cond" truecount="0" falsecount="2"/>
        <line num="39" count="0" type="stmt"/>
        <line num="40" count="0" type="stmt"/>
        <line num="41" count="0" type="stmt"/>
        <line num="42" count="0" type="stmt"/>
        <line num="47" count="0" type="stmt"/>
        <line num="48" count="0" type="stmt"/>
        <line num="52" count="0" type="stmt"/>
        <line num="60" count="14" type="stmt"/>
        <line num="64" count="3" type="cond" truecount="3" falsecount="0"/>
        <line num="66" count="1" type="stmt"/>
        <line num="67" count="1" type="stmt"/>
        <line num="69" count="1" type="stmt"/>
        <line num="70" count="1" type="stmt"/>
        <line num="72" count="1" type="stmt"/>
        <line num="77" count="3" type="stmt"/>
        <line num="79" count="3" type="cond" truecount="4" falsecount="0"/>
        <line num="80" count="2" type="stmt"/>
        <line num="86" count="2" type="stmt"/>
        <line num="90" count="1" type="stmt"/>
        <line num="91" count="1" type="stmt"/>
        <line num="93" count="1" type="stmt"/>
        <line num="101" count="1" type="stmt"/>
        <line num="106" count="20" type="stmt"/>
        <line num="107" count="20" type="cond" truecount="4" falsecount="0"/>
        <line num="109" count="2" type="stmt"/>
        <line num="110" count="2" type="stmt"/>
        <line num="116" count="1" type="stmt"/>
        <line num="118" count="1" type="stmt"/>
        <line num="122" count="1" type="stmt"/>
        <line num="125" count="18" type="stmt"/>
        <line num="131" count="18" type="stmt"/>
        <line num="132" count="18" type="cond" truecount="4" falsecount="0"/>
        <line num="134" count="1" type="stmt"/>
        <line num="135" count="1" type="stmt"/>
        <line num="141" count="1" type="stmt"/>
        <line num="143" count="0" type="stmt"/>
        <line num="147" count="0" type="stmt"/>
        <line num="150" count="17" type="stmt"/>
        <line num="156" count="7" type="stmt"/>
        <line num="158" count="7" type="stmt"/>
        <line num="159" count="10" type="cond" truecount="2" falsecount="0"/>
        <line num="164" count="6" type="stmt"/>
        <line num="165" count="6" type="stmt"/>
        <line num="171" count="5" type="stmt"/>
        <line num="173" count="1" type="stmt"/>
        <line num="174" count="1" type="stmt"/>
        <line num="175" count="1" type="stmt"/>
        <line num="180" count="7" type="stmt"/>
        <line num="181" count="7" type="stmt"/>
        <line num="186" count="1" type="stmt"/>
        <line num="188" count="1" type="stmt"/>
        <line num="189" count="2" type="cond" truecount="1" falsecount="1"/>
        <line num="190" count="2" type="stmt"/>
        <line num="191" count="2" type="stmt"/>
        <line num="197" count="2" type="stmt"/>
        <line num="199" count="0" type="stmt"/>
        <line num="200" count="0" type="stmt"/>
        <line num="201" count="0" type="stmt"/>
        <line num="206" count="1" type="stmt"/>
        <line num="207" count="1" type="stmt"/>
        <line num="212" count="2" type="stmt"/>
        <line num="222" count="3" type="stmt"/>
        <line num="227" count="15" type="cond" truecount="1" falsecount="1"/>
        <line num="228" count="15" type="stmt"/>
        <line num="229" count="15" type="stmt"/>
        <line num="230" count="15" type="stmt"/>
        <line num="231" count="15" type="stmt"/>
      </file>
    </package>
    <package name="tests.integration">
      <metrics statements="66" coveredstatements="63" conditionals="4" coveredconditionals="1" methods="15" coveredmethods="15"/>
      <file name="setup.js" path="/Applications/MAMP/htdocs/marketplace/backend/src/tests/integration/setup.js">
        <metrics statements="66" coveredstatements="63" conditionals="4" coveredconditionals="1" methods="15" coveredmethods="15"/>
        <line num="17" count="11" type="stmt"/>
        <line num="18" count="11" type="stmt"/>
        <line num="19" count="11" type="stmt"/>
        <line num="20" count="11" type="stmt"/>
        <line num="25" count="11" type="stmt"/>
        <line num="28" count="11" type="stmt"/>
        <line num="34" count="11" type="stmt"/>
        <line num="37" count="11" type="stmt"/>
        <line num="38" count="131" type="stmt"/>
        <line num="39" count="131" type="stmt"/>
        <line num="40" count="131" type="stmt"/>
        <line num="43" count="11" type="stmt"/>
        <line num="46" count="11" type="stmt"/>
        <line num="47" count="11" type="stmt"/>
        <line num="48" count="11" type="stmt"/>
        <line num="49" count="11" type="stmt"/>
        <line num="50" count="11" type="stmt"/>
        <line num="52" count="11" type="stmt"/>
        <line num="53" count="1" type="stmt"/>
        <line num="57" count="11" type="stmt"/>
        <line num="58" count="11" type="stmt"/>
        <line num="59" count="11" type="stmt"/>
        <line num="60" count="11" type="stmt"/>
        <line num="61" count="11" type="stmt"/>
        <line num="62" count="11" type="stmt"/>
        <line num="69" count="108" type="stmt"/>
        <line num="70" count="108" type="stmt"/>
        <line num="73" count="108" type="stmt"/>
        <line num="76" count="108" type="stmt"/>
        <line num="79" count="108" type="stmt"/>
        <line num="82" count="108" type="stmt"/>
        <line num="85" count="108" type="stmt"/>
        <line num="88" count="108" type="stmt"/>
        <line num="91" count="108" type="stmt"/>
        <line num="94" count="108" type="stmt"/>
        <line num="97" count="108" type="stmt"/>
        <line num="99" count="108" type="stmt"/>
        <line num="101" count="0" type="stmt"/>
        <line num="107" count="11" type="stmt"/>
        <line num="108" count="11" type="stmt"/>
        <line num="109" count="11" type="stmt"/>
        <line num="111" count="11" type="stmt"/>
        <line num="112" count="11" type="stmt"/>
        <line num="117" count="5" type="stmt"/>
        <line num="121" count="76" type="stmt"/>
        <line num="122" count="76" type="stmt"/>
        <line num="125" count="76" type="stmt"/>
        <line num="137" count="76" type="stmt"/>
        <line num="150" count="76" type="stmt"/>
        <line num="163" count="76" type="stmt"/>
        <line num="175" count="76" type="stmt"/>
        <line num="194" count="76" type="stmt"/>
        <line num="209" count="76" type="stmt"/>
        <line num="222" count="76" type="stmt"/>
        <line num="224" count="76" type="stmt"/>
        <line num="238" count="0" type="stmt"/>
        <line num="239" count="0" type="stmt"/>
        <line num="244" count="15" type="stmt"/>
        <line num="256" count="15" type="stmt"/>
        <line num="265" count="9" type="stmt"/>
        <line num="271" count="9" type="stmt"/>
        <line num="282" count="7" type="stmt"/>
        <line num="289" count="7" type="stmt"/>
        <line num="296" count="7" type="stmt"/>
        <line num="307" count="7" type="stmt"/>
        <line num="315" count="7" type="stmt"/>
      </file>
    </package>
  </project>
</coverage>
