{"/Applications/MAMP/htdocs/marketplace/backend/src/middleware/rateLimit.js": {"path":"/Applications/MAMP/htdocs/marketplace/backend/src/middleware/rateLimit.js","statementMap":{"0":{"start":{"line":4,"column":28},"end":{"line":12,"column":2}}},"fnMap":{},"branchMap":{},"s":{"0":11},"f":{},"b":{},"_coverageSchema":"1a1c01bbd47fc00a2c39e90264f33305004495a9","hash":"6745e3dc406b5f656be40301afedebd45594b053"}
,"/Applications/MAMP/htdocs/marketplace/backend/src/routes/bids.js": {"path":"/Applications/MAMP/htdocs/marketplace/backend/src/routes/bids.js","statementMap":{"0":{"start":{"line":6,"column":15},"end":{"line":6,"column":23}},"1":{"start":{"line":9,"column":20},"end":{"line":16,"column":1}},"2":{"start":{"line":10,"column":17},"end":{"line":10,"column":41}},"3":{"start":{"line":11,"column":2},"end":{"line":13,"column":3}},"4":{"start":{"line":12,"column":4},"end":{"line":12,"column":63}},"5":{"start":{"line":14,"column":2},"end":{"line":14,"column":22}},"6":{"start":{"line":15,"column":2},"end":{"line":15,"column":9}},"7":{"start":{"line":18,"column":24},"end":{"line":23,"column":2}},"8":{"start":{"line":26,"column":0},"end":{"line":228,"column":3}},"9":{"start":{"line":27,"column":2},"end":{"line":33,"column":3}},"10":{"start":{"line":28,"column":4},"end":{"line":28,"column":36}},"11":{"start":{"line":30,"column":4},"end":{"line":32,"column":70}},"12":{"start":{"line":35,"column":21},"end":{"line":35,"column":45}},"13":{"start":{"line":36,"column":2},"end":{"line":38,"column":3}},"14":{"start":{"line":37,"column":4},"end":{"line":37,"column":63}},"15":{"start":{"line":40,"column":2},"end":{"line":227,"column":3}},"16":{"start":{"line":42,"column":19},"end":{"line":90,"column":6}},"17":{"start":{"line":44,"column":26},"end":{"line":51,"column":8}},"18":{"start":{"line":53,"column":6},"end":{"line":55,"column":7}},"19":{"start":{"line":54,"column":8},"end":{"line":54,"column":39}},"20":{"start":{"line":58,"column":18},"end":{"line":63,"column":8}},"21":{"start":{"line":65,"column":6},"end":{"line":67,"column":7}},"22":{"start":{"line":66,"column":8},"end":{"line":66,"column":45}},"23":{"start":{"line":70,"column":18},"end":{"line":87,"column":8}},"24":{"start":{"line":89,"column":6},"end":{"line":89,"column":26}},"25":{"start":{"line":92,"column":25},"end":{"line":92,"column":31}},"26":{"start":{"line":95,"column":23},"end":{"line":95,"column":28}},"27":{"start":{"line":98,"column":4},"end":{"line":180,"column":5}},"28":{"start":{"line":99,"column":6},"end":{"line":179,"column":7}},"29":{"start":{"line":101,"column":8},"end":{"line":140,"column":11}},"30":{"start":{"line":103,"column":10},"end":{"line":113,"column":13}},"31":{"start":{"line":116,"column":10},"end":{"line":122,"column":13}},"32":{"start":{"line":125,"column":10},"end":{"line":130,"column":13}},"33":{"start":{"line":133,"column":10},"end":{"line":139,"column":13}},"34":{"start":{"line":142,"column":8},"end":{"line":142,"column":28}},"35":{"start":{"line":145,"column":26},"end":{"line":145,"column":50}},"36":{"start":{"line":146,"column":8},"end":{"line":175,"column":9}},"37":{"start":{"line":147,"column":10},"end":{"line":174,"column":11}},"38":{"start":{"line":148,"column":12},"end":{"line":158,"column":15}},"39":{"start":{"line":161,"column":12},"end":{"line":170,"column":15}},"40":{"start":{"line":172,"column":12},"end":{"line":172,"column":68}},"41":{"start":{"line":177,"column":8},"end":{"line":177,"column":52}},"42":{"start":{"line":182,"column":4},"end":{"line":203,"column":5}},"43":{"start":{"line":184,"column":24},"end":{"line":184,"column":48}},"44":{"start":{"line":185,"column":6},"end":{"line":202,"column":7}},"45":{"start":{"line":186,"column":8},"end":{"line":201,"column":9}},"46":{"start":{"line":187,"column":10},"end":{"line":197,"column":13}},"47":{"start":{"line":199,"column":10},"end":{"line":199,"column":66}},"48":{"start":{"line":205,"column":4},"end":{"line":208,"column":7}},"49":{"start":{"line":210,"column":4},"end":{"line":210,"column":48}},"50":{"start":{"line":213,"column":4},"end":{"line":215,"column":5}},"51":{"start":{"line":214,"column":6},"end":{"line":214,"column":60}},"52":{"start":{"line":217,"column":4},"end":{"line":219,"column":5}},"53":{"start":{"line":218,"column":6},"end":{"line":218,"column":80}},"54":{"start":{"line":222,"column":4},"end":{"line":224,"column":5}},"55":{"start":{"line":223,"column":6},"end":{"line":223,"column":60}},"56":{"start":{"line":226,"column":4},"end":{"line":226,"column":60}},"57":{"start":{"line":231,"column":0},"end":{"line":276,"column":3}},"58":{"start":{"line":232,"column":20},"end":{"line":232,"column":30}},"59":{"start":{"line":233,"column":21},"end":{"line":233,"column":30}},"60":{"start":{"line":235,"column":2},"end":{"line":275,"column":3}},"61":{"start":{"line":236,"column":4},"end":{"line":271,"column":5}},"62":{"start":{"line":238,"column":19},"end":{"line":255,"column":8}},"63":{"start":{"line":256,"column":6},"end":{"line":256,"column":21}},"64":{"start":{"line":259,"column":19},"end":{"line":269,"column":8}},"65":{"start":{"line":270,"column":6},"end":{"line":270,"column":21}},"66":{"start":{"line":273,"column":4},"end":{"line":273,"column":48}},"67":{"start":{"line":274,"column":4},"end":{"line":274,"column":58}},"68":{"start":{"line":280,"column":16},"end":{"line":285,"column":1}},"69":{"start":{"line":287,"column":0},"end":{"line":352,"column":3}},"70":{"start":{"line":288,"column":20},"end":{"line":288,"column":30}},"71":{"start":{"line":290,"column":2},"end":{"line":351,"column":3}},"72":{"start":{"line":291,"column":17},"end":{"line":303,"column":6}},"73":{"start":{"line":306,"column":21},"end":{"line":306,"column":58}},"74":{"start":{"line":306,"column":49},"end":{"line":306,"column":56}},"75":{"start":{"line":307,"column":21},"end":{"line":307,"column":58}},"76":{"start":{"line":307,"column":49},"end":{"line":307,"column":56}},"77":{"start":{"line":308,"column":19},"end":{"line":308,"column":63}},"78":{"start":{"line":308,"column":47},"end":{"line":308,"column":61}},"79":{"start":{"line":309,"column":19},"end":{"line":309,"column":63}},"80":{"start":{"line":309,"column":47},"end":{"line":309,"column":61}},"81":{"start":{"line":311,"column":22},"end":{"line":312,"column":49}},"82":{"start":{"line":312,"column":6},"end":{"line":312,"column":49}},"83":{"start":{"line":314,"column":23},"end":{"line":332,"column":6}},"84":{"start":{"line":315,"column":23},"end":{"line":315,"column":45}},"85":{"start":{"line":317,"column":24},"end":{"line":317,"column":68}},"86":{"start":{"line":318,"column":25},"end":{"line":318,"column":59}},"87":{"start":{"line":319,"column":22},"end":{"line":319,"column":69}},"88":{"start":{"line":320,"column":30},"end":{"line":320,"column":71}},"89":{"start":{"line":323,"column":8},"end":{"line":326,"column":45}},"90":{"start":{"line":328,"column":6},"end":{"line":331,"column":8}},"91":{"start":{"line":335,"column":22},"end":{"line":335,"column":78}},"92":{"start":{"line":335,"column":45},"end":{"line":335,"column":78}},"93":{"start":{"line":337,"column":4},"end":{"line":345,"column":7}},"94":{"start":{"line":338,"column":23},"end":{"line":338,"column":55}},"95":{"start":{"line":339,"column":23},"end":{"line":339,"column":55}},"96":{"start":{"line":341,"column":6},"end":{"line":341,"column":43}},"97":{"start":{"line":341,"column":33},"end":{"line":341,"column":43}},"98":{"start":{"line":342,"column":6},"end":{"line":342,"column":42}},"99":{"start":{"line":342,"column":33},"end":{"line":342,"column":42}},"100":{"start":{"line":344,"column":6},"end":{"line":344,"column":41}},"101":{"start":{"line":347,"column":4},"end":{"line":347,"column":25}},"102":{"start":{"line":349,"column":4},"end":{"line":349,"column":59}},"103":{"start":{"line":350,"column":4},"end":{"line":350,"column":70}},"104":{"start":{"line":354,"column":0},"end":{"line":552,"column":3}},"105":{"start":{"line":355,"column":20},"end":{"line":355,"column":30}},"106":{"start":{"line":356,"column":21},"end":{"line":356,"column":31}},"107":{"start":{"line":358,"column":2},"end":{"line":551,"column":3}},"108":{"start":{"line":360,"column":19},"end":{"line":469,"column":6}},"109":{"start":{"line":362,"column":18},"end":{"line":376,"column":8}},"110":{"start":{"line":378,"column":6},"end":{"line":380,"column":7}},"111":{"start":{"line":379,"column":8},"end":{"line":379,"column":41}},"112":{"start":{"line":383,"column":6},"end":{"line":385,"column":7}},"113":{"start":{"line":384,"column":8},"end":{"line":384,"column":40}},"114":{"start":{"line":388,"column":6},"end":{"line":390,"column":7}},"115":{"start":{"line":389,"column":8},"end":{"line":389,"column":56}},"116":{"start":{"line":393,"column":6},"end":{"line":395,"column":7}},"117":{"start":{"line":394,"column":8},"end":{"line":394,"column":49}},"118":{"start":{"line":400,"column":30},"end":{"line":410,"column":8}},"119":{"start":{"line":412,"column":6},"end":{"line":414,"column":7}},"120":{"start":{"line":413,"column":8},"end":{"line":413,"column":49}},"121":{"start":{"line":417,"column":30},"end":{"line":426,"column":8}},"122":{"start":{"line":428,"column":6},"end":{"line":430,"column":7}},"123":{"start":{"line":429,"column":8},"end":{"line":429,"column":49}},"124":{"start":{"line":433,"column":21},"end":{"line":439,"column":8}},"125":{"start":{"line":442,"column":6},"end":{"line":452,"column":9}},"126":{"start":{"line":455,"column":25},"end":{"line":457,"column":8}},"127":{"start":{"line":459,"column":25},"end":{"line":461,"column":8}},"128":{"start":{"line":463,"column":6},"end":{"line":468,"column":8}},"129":{"start":{"line":472,"column":22},"end":{"line":472,"column":46}},"130":{"start":{"line":473,"column":4},"end":{"line":513,"column":5}},"131":{"start":{"line":474,"column":6},"end":{"line":512,"column":7}},"132":{"start":{"line":476,"column":8},"end":{"line":488,"column":11}},"133":{"start":{"line":491,"column":29},"end":{"line":500,"column":10}},"134":{"start":{"line":502,"column":8},"end":{"line":508,"column":11}},"135":{"start":{"line":503,"column":10},"end":{"line":507,"column":13}},"136":{"start":{"line":510,"column":8},"end":{"line":510,"column":64}},"137":{"start":{"line":515,"column":4},"end":{"line":526,"column":7}},"138":{"start":{"line":528,"column":4},"end":{"line":528,"column":49}},"139":{"start":{"line":531,"column":4},"end":{"line":533,"column":5}},"140":{"start":{"line":532,"column":6},"end":{"line":532,"column":62}},"141":{"start":{"line":535,"column":4},"end":{"line":537,"column":5}},"142":{"start":{"line":536,"column":6},"end":{"line":536,"column":61}},"143":{"start":{"line":539,"column":4},"end":{"line":541,"column":5}},"144":{"start":{"line":540,"column":6},"end":{"line":540,"column":80}},"145":{"start":{"line":543,"column":4},"end":{"line":548,"column":5}},"146":{"start":{"line":547,"column":6},"end":{"line":547,"column":79}},"147":{"start":{"line":550,"column":4},"end":{"line":550,"column":60}},"148":{"start":{"line":555,"column":0},"end":{"line":594,"column":3}},"149":{"start":{"line":556,"column":20},"end":{"line":556,"column":30}},"150":{"start":{"line":557,"column":17},"end":{"line":557,"column":27}},"151":{"start":{"line":559,"column":2},"end":{"line":593,"column":3}},"152":{"start":{"line":560,"column":16},"end":{"line":575,"column":6}},"153":{"start":{"line":577,"column":4},"end":{"line":579,"column":5}},"154":{"start":{"line":578,"column":6},"end":{"line":578,"column":62}},"155":{"start":{"line":582,"column":23},"end":{"line":582,"column":52}},"156":{"start":{"line":583,"column":23},"end":{"line":583,"column":48}},"157":{"start":{"line":585,"column":4},"end":{"line":587,"column":5}},"158":{"start":{"line":586,"column":6},"end":{"line":586,"column":61}},"159":{"start":{"line":589,"column":4},"end":{"line":589,"column":18}},"160":{"start":{"line":591,"column":4},"end":{"line":591,"column":47}},"161":{"start":{"line":592,"column":4},"end":{"line":592,"column":57}},"162":{"start":{"line":597,"column":0},"end":{"line":715,"column":3}},"163":{"start":{"line":598,"column":20},"end":{"line":598,"column":30}},"164":{"start":{"line":599,"column":21},"end":{"line":599,"column":31}},"165":{"start":{"line":600,"column":40},"end":{"line":600,"column":48}},"166":{"start":{"line":602,"column":2},"end":{"line":714,"column":3}},"167":{"start":{"line":604,"column":19},"end":{"line":669,"column":6}},"168":{"start":{"line":606,"column":18},"end":{"line":611,"column":8}},"169":{"start":{"line":613,"column":6},"end":{"line":615,"column":7}},"170":{"start":{"line":614,"column":8},"end":{"line":614,"column":41}},"171":{"start":{"line":618,"column":6},"end":{"line":620,"column":7}},"172":{"start":{"line":619,"column":8},"end":{"line":619,"column":40}},"173":{"start":{"line":623,"column":6},"end":{"line":625,"column":7}},"174":{"start":{"line":624,"column":8},"end":{"line":624,"column":49}},"175":{"start":{"line":627,"column":6},"end":{"line":629,"column":7}},"176":{"start":{"line":628,"column":8},"end":{"line":628,"column":56}},"177":{"start":{"line":632,"column":27},"end":{"line":644,"column":8}},"178":{"start":{"line":647,"column":6},"end":{"line":649,"column":7}},"179":{"start":{"line":648,"column":8},"end":{"line":648,"column":49}},"180":{"start":{"line":652,"column":25},"end":{"line":666,"column":8}},"181":{"start":{"line":668,"column":6},"end":{"line":668,"column":24}},"182":{"start":{"line":672,"column":22},"end":{"line":672,"column":46}},"183":{"start":{"line":673,"column":4},"end":{"line":690,"column":5}},"184":{"start":{"line":674,"column":6},"end":{"line":689,"column":7}},"185":{"start":{"line":675,"column":8},"end":{"line":685,"column":11}},"186":{"start":{"line":687,"column":8},"end":{"line":687,"column":64}},"187":{"start":{"line":692,"column":4},"end":{"line":692,"column":21}},"188":{"start":{"line":694,"column":4},"end":{"line":694,"column":48}},"189":{"start":{"line":697,"column":4},"end":{"line":699,"column":5}},"190":{"start":{"line":698,"column":6},"end":{"line":698,"column":62}},"191":{"start":{"line":701,"column":4},"end":{"line":703,"column":5}},"192":{"start":{"line":702,"column":6},"end":{"line":702,"column":61}},"193":{"start":{"line":705,"column":4},"end":{"line":707,"column":5}},"194":{"start":{"line":706,"column":6},"end":{"line":706,"column":77}},"195":{"start":{"line":709,"column":4},"end":{"line":711,"column":5}},"196":{"start":{"line":710,"column":6},"end":{"line":710,"column":80}},"197":{"start":{"line":713,"column":4},"end":{"line":713,"column":60}},"198":{"start":{"line":718,"column":0},"end":{"line":764,"column":3}},"199":{"start":{"line":719,"column":20},"end":{"line":719,"column":30}},"200":{"start":{"line":720,"column":21},"end":{"line":720,"column":31}},"201":{"start":{"line":722,"column":2},"end":{"line":763,"column":3}},"202":{"start":{"line":723,"column":16},"end":{"line":728,"column":6}},"203":{"start":{"line":730,"column":4},"end":{"line":732,"column":5}},"204":{"start":{"line":731,"column":6},"end":{"line":731,"column":62}},"205":{"start":{"line":735,"column":4},"end":{"line":737,"column":5}},"206":{"start":{"line":736,"column":6},"end":{"line":736,"column":61}},"207":{"start":{"line":740,"column":4},"end":{"line":742,"column":5}},"208":{"start":{"line":741,"column":6},"end":{"line":741,"column":79}},"209":{"start":{"line":745,"column":4},"end":{"line":747,"column":7}},"210":{"start":{"line":750,"column":22},"end":{"line":750,"column":46}},"211":{"start":{"line":751,"column":4},"end":{"line":757,"column":5}},"212":{"start":{"line":752,"column":6},"end":{"line":756,"column":9}},"213":{"start":{"line":759,"column":4},"end":{"line":759,"column":71}},"214":{"start":{"line":761,"column":4},"end":{"line":761,"column":51}},"215":{"start":{"line":762,"column":4},"end":{"line":762,"column":62}},"216":{"start":{"line":767,"column":0},"end":{"line":800,"column":3}},"217":{"start":{"line":768,"column":20},"end":{"line":768,"column":30}},"218":{"start":{"line":769,"column":21},"end":{"line":769,"column":31}},"219":{"start":{"line":771,"column":2},"end":{"line":799,"column":3}},"220":{"start":{"line":772,"column":16},"end":{"line":774,"column":6}},"221":{"start":{"line":776,"column":4},"end":{"line":778,"column":5}},"222":{"start":{"line":777,"column":6},"end":{"line":777,"column":62}},"223":{"start":{"line":780,"column":4},"end":{"line":782,"column":5}},"224":{"start":{"line":781,"column":6},"end":{"line":781,"column":61}},"225":{"start":{"line":784,"column":4},"end":{"line":786,"column":5}},"226":{"start":{"line":785,"column":6},"end":{"line":785,"column":64}},"227":{"start":{"line":788,"column":4},"end":{"line":793,"column":7}},"228":{"start":{"line":795,"column":4},"end":{"line":795,"column":71}},"229":{"start":{"line":797,"column":4},"end":{"line":797,"column":50}},"230":{"start":{"line":798,"column":4},"end":{"line":798,"column":59}}},"fnMap":{"0":{"name":"(anonymous_0)","decl":{"start":{"line":9,"column":20},"end":{"line":9,"column":21}},"loc":{"start":{"line":9,"column":40},"end":{"line":16,"column":1}},"line":9},"1":{"name":"(anonymous_1)","decl":{"start":{"line":26,"column":31},"end":{"line":26,"column":32}},"loc":{"start":{"line":26,"column":51},"end":{"line":228,"column":1}},"line":26},"2":{"name":"(anonymous_2)","decl":{"start":{"line":42,"column":49},"end":{"line":42,"column":50}},"loc":{"start":{"line":42,"column":67},"end":{"line":90,"column":5}},"line":42},"3":{"name":"(anonymous_3)","decl":{"start":{"line":101,"column":38},"end":{"line":101,"column":39}},"loc":{"start":{"line":101,"column":56},"end":{"line":140,"column":9}},"line":101},"4":{"name":"(anonymous_4)","decl":{"start":{"line":231,"column":26},"end":{"line":231,"column":27}},"loc":{"start":{"line":231,"column":46},"end":{"line":276,"column":1}},"line":231},"5":{"name":"(anonymous_5)","decl":{"start":{"line":287,"column":47},"end":{"line":287,"column":48}},"loc":{"start":{"line":287,"column":67},"end":{"line":352,"column":1}},"line":287},"6":{"name":"(anonymous_6)","decl":{"start":{"line":306,"column":42},"end":{"line":306,"column":43}},"loc":{"start":{"line":306,"column":49},"end":{"line":306,"column":56}},"line":306},"7":{"name":"(anonymous_7)","decl":{"start":{"line":307,"column":42},"end":{"line":307,"column":43}},"loc":{"start":{"line":307,"column":49},"end":{"line":307,"column":56}},"line":307},"8":{"name":"(anonymous_8)","decl":{"start":{"line":308,"column":40},"end":{"line":308,"column":41}},"loc":{"start":{"line":308,"column":47},"end":{"line":308,"column":61}},"line":308},"9":{"name":"(anonymous_9)","decl":{"start":{"line":309,"column":40},"end":{"line":309,"column":41}},"loc":{"start":{"line":309,"column":47},"end":{"line":309,"column":61}},"line":309},"10":{"name":"(anonymous_10)","decl":{"start":{"line":311,"column":22},"end":{"line":311,"column":23}},"loc":{"start":{"line":312,"column":6},"end":{"line":312,"column":49}},"line":312},"11":{"name":"(anonymous_11)","decl":{"start":{"line":314,"column":32},"end":{"line":314,"column":33}},"loc":{"start":{"line":314,"column":41},"end":{"line":332,"column":5}},"line":314},"12":{"name":"(anonymous_12)","decl":{"start":{"line":335,"column":22},"end":{"line":335,"column":23}},"loc":{"start":{"line":335,"column":45},"end":{"line":335,"column":78}},"line":335},"13":{"name":"(anonymous_13)","decl":{"start":{"line":337,"column":20},"end":{"line":337,"column":21}},"loc":{"start":{"line":337,"column":30},"end":{"line":345,"column":5}},"line":337},"14":{"name":"(anonymous_14)","decl":{"start":{"line":354,"column":43},"end":{"line":354,"column":44}},"loc":{"start":{"line":354,"column":63},"end":{"line":552,"column":1}},"line":354},"15":{"name":"(anonymous_15)","decl":{"start":{"line":360,"column":49},"end":{"line":360,"column":50}},"loc":{"start":{"line":360,"column":67},"end":{"line":469,"column":5}},"line":360},"16":{"name":"(anonymous_16)","decl":{"start":{"line":502,"column":29},"end":{"line":502,"column":30}},"loc":{"start":{"line":502,"column":46},"end":{"line":508,"column":9}},"line":502},"17":{"name":"(anonymous_17)","decl":{"start":{"line":555,"column":35},"end":{"line":555,"column":36}},"loc":{"start":{"line":555,"column":55},"end":{"line":594,"column":1}},"line":555},"18":{"name":"(anonymous_18)","decl":{"start":{"line":597,"column":49},"end":{"line":597,"column":50}},"loc":{"start":{"line":597,"column":69},"end":{"line":715,"column":1}},"line":597},"19":{"name":"(anonymous_19)","decl":{"start":{"line":604,"column":49},"end":{"line":604,"column":50}},"loc":{"start":{"line":604,"column":67},"end":{"line":669,"column":5}},"line":604},"20":{"name":"(anonymous_20)","decl":{"start":{"line":718,"column":52},"end":{"line":718,"column":53}},"loc":{"start":{"line":718,"column":72},"end":{"line":764,"column":1}},"line":718},"21":{"name":"(anonymous_21)","decl":{"start":{"line":767,"column":56},"end":{"line":767,"column":57}},"loc":{"start":{"line":767,"column":76},"end":{"line":800,"column":1}},"line":767}},"branchMap":{"0":{"loc":{"start":{"line":11,"column":2},"end":{"line":13,"column":3}},"type":"if","locations":[{"start":{"line":11,"column":2},"end":{"line":13,"column":3}},{"start":{},"end":{}}],"line":11},"1":{"loc":{"start":{"line":36,"column":2},"end":{"line":38,"column":3}},"type":"if","locations":[{"start":{"line":36,"column":2},"end":{"line":38,"column":3}},{"start":{},"end":{}}],"line":36},"2":{"loc":{"start":{"line":53,"column":6},"end":{"line":55,"column":7}},"type":"if","locations":[{"start":{"line":53,"column":6},"end":{"line":55,"column":7}},{"start":{},"end":{}}],"line":53},"3":{"loc":{"start":{"line":65,"column":6},"end":{"line":67,"column":7}},"type":"if","locations":[{"start":{"line":65,"column":6},"end":{"line":67,"column":7}},{"start":{},"end":{}}],"line":65},"4":{"loc":{"start":{"line":65,"column":10},"end":{"line":65,"column":46}},"type":"binary-expr","locations":[{"start":{"line":65,"column":10},"end":{"line":65,"column":14}},{"start":{"line":65,"column":18},"end":{"line":65,"column":46}}],"line":65},"5":{"loc":{"start":{"line":98,"column":4},"end":{"line":180,"column":5}},"type":"if","locations":[{"start":{"line":98,"column":4},"end":{"line":180,"column":5}},{"start":{},"end":{}}],"line":98},"6":{"loc":{"start":{"line":98,"column":8},"end":{"line":98,"column":55}},"type":"binary-expr","locations":[{"start":{"line":98,"column":8},"end":{"line":98,"column":23}},{"start":{"line":98,"column":27},"end":{"line":98,"column":55}}],"line":98},"7":{"loc":{"start":{"line":146,"column":8},"end":{"line":175,"column":9}},"type":"if","locations":[{"start":{"line":146,"column":8},"end":{"line":175,"column":9}},{"start":{},"end":{}}],"line":146},"8":{"loc":{"start":{"line":182,"column":4},"end":{"line":203,"column":5}},"type":"if","locations":[{"start":{"line":182,"column":4},"end":{"line":203,"column":5}},{"start":{},"end":{}}],"line":182},"9":{"loc":{"start":{"line":185,"column":6},"end":{"line":202,"column":7}},"type":"if","locations":[{"start":{"line":185,"column":6},"end":{"line":202,"column":7}},{"start":{},"end":{}}],"line":185},"10":{"loc":{"start":{"line":213,"column":4},"end":{"line":215,"column":5}},"type":"if","locations":[{"start":{"line":213,"column":4},"end":{"line":215,"column":5}},{"start":{},"end":{}}],"line":213},"11":{"loc":{"start":{"line":217,"column":4},"end":{"line":219,"column":5}},"type":"if","locations":[{"start":{"line":217,"column":4},"end":{"line":219,"column":5}},{"start":{},"end":{}}],"line":217},"12":{"loc":{"start":{"line":222,"column":4},"end":{"line":224,"column":5}},"type":"if","locations":[{"start":{"line":222,"column":4},"end":{"line":224,"column":5}},{"start":{},"end":{}}],"line":222},"13":{"loc":{"start":{"line":222,"column":8},"end":{"line":222,"column":71}},"type":"binary-expr","locations":[{"start":{"line":222,"column":8},"end":{"line":222,"column":30}},{"start":{"line":222,"column":34},"end":{"line":222,"column":71}}],"line":222},"14":{"loc":{"start":{"line":236,"column":4},"end":{"line":271,"column":5}},"type":"if","locations":[{"start":{"line":236,"column":4},"end":{"line":271,"column":5}},{"start":{"line":257,"column":11},"end":{"line":271,"column":5}}],"line":236},"15":{"loc":{"start":{"line":312,"column":6},"end":{"line":312,"column":49}},"type":"cond-expr","locations":[{"start":{"line":312,"column":20},"end":{"line":312,"column":21}},{"start":{"line":312,"column":24},"end":{"line":312,"column":49}}],"line":312},"16":{"loc":{"start":{"line":318,"column":26},"end":{"line":318,"column":54}},"type":"binary-expr","locations":[{"start":{"line":318,"column":26},"end":{"line":318,"column":49}},{"start":{"line":318,"column":53},"end":{"line":318,"column":54}}],"line":318},"17":{"loc":{"start":{"line":320,"column":31},"end":{"line":320,"column":64}},"type":"binary-expr","locations":[{"start":{"line":320,"column":31},"end":{"line":320,"column":57}},{"start":{"line":320,"column":61},"end":{"line":320,"column":64}}],"line":320},"18":{"loc":{"start":{"line":335,"column":45},"end":{"line":335,"column":78}},"type":"binary-expr","locations":[{"start":{"line":335,"column":45},"end":{"line":335,"column":54}},{"start":{"line":335,"column":58},"end":{"line":335,"column":78}}],"line":335},"19":{"loc":{"start":{"line":341,"column":6},"end":{"line":341,"column":43}},"type":"if","locations":[{"start":{"line":341,"column":6},"end":{"line":341,"column":43}},{"start":{},"end":{}}],"line":341},"20":{"loc":{"start":{"line":341,"column":10},"end":{"line":341,"column":31}},"type":"binary-expr","locations":[{"start":{"line":341,"column":10},"end":{"line":341,"column":18}},{"start":{"line":341,"column":22},"end":{"line":341,"column":31}}],"line":341},"21":{"loc":{"start":{"line":342,"column":6},"end":{"line":342,"column":42}},"type":"if","locations":[{"start":{"line":342,"column":6},"end":{"line":342,"column":42}},{"start":{},"end":{}}],"line":342},"22":{"loc":{"start":{"line":342,"column":10},"end":{"line":342,"column":31}},"type":"binary-expr","locations":[{"start":{"line":342,"column":10},"end":{"line":342,"column":19}},{"start":{"line":342,"column":23},"end":{"line":342,"column":31}}],"line":342},"23":{"loc":{"start":{"line":378,"column":6},"end":{"line":380,"column":7}},"type":"if","locations":[{"start":{"line":378,"column":6},"end":{"line":380,"column":7}},{"start":{},"end":{}}],"line":378},"24":{"loc":{"start":{"line":383,"column":6},"end":{"line":385,"column":7}},"type":"if","locations":[{"start":{"line":383,"column":6},"end":{"line":385,"column":7}},{"start":{},"end":{}}],"line":383},"25":{"loc":{"start":{"line":388,"column":6},"end":{"line":390,"column":7}},"type":"if","locations":[{"start":{"line":388,"column":6},"end":{"line":390,"column":7}},{"start":{},"end":{}}],"line":388},"26":{"loc":{"start":{"line":393,"column":6},"end":{"line":395,"column":7}},"type":"if","locations":[{"start":{"line":393,"column":6},"end":{"line":395,"column":7}},{"start":{},"end":{}}],"line":393},"27":{"loc":{"start":{"line":412,"column":6},"end":{"line":414,"column":7}},"type":"if","locations":[{"start":{"line":412,"column":6},"end":{"line":414,"column":7}},{"start":{},"end":{}}],"line":412},"28":{"loc":{"start":{"line":428,"column":6},"end":{"line":430,"column":7}},"type":"if","locations":[{"start":{"line":428,"column":6},"end":{"line":430,"column":7}},{"start":{},"end":{}}],"line":428},"29":{"loc":{"start":{"line":473,"column":4},"end":{"line":513,"column":5}},"type":"if","locations":[{"start":{"line":473,"column":4},"end":{"line":513,"column":5}},{"start":{},"end":{}}],"line":473},"30":{"loc":{"start":{"line":531,"column":4},"end":{"line":533,"column":5}},"type":"if","locations":[{"start":{"line":531,"column":4},"end":{"line":533,"column":5}},{"start":{},"end":{}}],"line":531},"31":{"loc":{"start":{"line":535,"column":4},"end":{"line":537,"column":5}},"type":"if","locations":[{"start":{"line":535,"column":4},"end":{"line":537,"column":5}},{"start":{},"end":{}}],"line":535},"32":{"loc":{"start":{"line":539,"column":4},"end":{"line":541,"column":5}},"type":"if","locations":[{"start":{"line":539,"column":4},"end":{"line":541,"column":5}},{"start":{},"end":{}}],"line":539},"33":{"loc":{"start":{"line":543,"column":4},"end":{"line":548,"column":5}},"type":"if","locations":[{"start":{"line":543,"column":4},"end":{"line":548,"column":5}},{"start":{},"end":{}}],"line":543},"34":{"loc":{"start":{"line":544,"column":6},"end":{"line":545,"column":47}},"type":"binary-expr","locations":[{"start":{"line":544,"column":6},"end":{"line":544,"column":47}},{"start":{"line":545,"column":6},"end":{"line":545,"column":47}}],"line":544},"35":{"loc":{"start":{"line":577,"column":4},"end":{"line":579,"column":5}},"type":"if","locations":[{"start":{"line":577,"column":4},"end":{"line":579,"column":5}},{"start":{},"end":{}}],"line":577},"36":{"loc":{"start":{"line":585,"column":4},"end":{"line":587,"column":5}},"type":"if","locations":[{"start":{"line":585,"column":4},"end":{"line":587,"column":5}},{"start":{},"end":{}}],"line":585},"37":{"loc":{"start":{"line":585,"column":8},"end":{"line":585,"column":34}},"type":"binary-expr","locations":[{"start":{"line":585,"column":8},"end":{"line":585,"column":19}},{"start":{"line":585,"column":23},"end":{"line":585,"column":34}}],"line":585},"38":{"loc":{"start":{"line":613,"column":6},"end":{"line":615,"column":7}},"type":"if","locations":[{"start":{"line":613,"column":6},"end":{"line":615,"column":7}},{"start":{},"end":{}}],"line":613},"39":{"loc":{"start":{"line":618,"column":6},"end":{"line":620,"column":7}},"type":"if","locations":[{"start":{"line":618,"column":6},"end":{"line":620,"column":7}},{"start":{},"end":{}}],"line":618},"40":{"loc":{"start":{"line":623,"column":6},"end":{"line":625,"column":7}},"type":"if","locations":[{"start":{"line":623,"column":6},"end":{"line":625,"column":7}},{"start":{},"end":{}}],"line":623},"41":{"loc":{"start":{"line":627,"column":6},"end":{"line":629,"column":7}},"type":"if","locations":[{"start":{"line":627,"column":6},"end":{"line":629,"column":7}},{"start":{},"end":{}}],"line":627},"42":{"loc":{"start":{"line":639,"column":14},"end":{"line":639,"column":32}},"type":"binary-expr","locations":[{"start":{"line":639,"column":14},"end":{"line":639,"column":19}},{"start":{"line":639,"column":23},"end":{"line":639,"column":32}}],"line":639},"43":{"loc":{"start":{"line":640,"column":14},"end":{"line":640,"column":30}},"type":"binary-expr","locations":[{"start":{"line":640,"column":14},"end":{"line":640,"column":18}},{"start":{"line":640,"column":22},"end":{"line":640,"column":30}}],"line":640},"44":{"loc":{"start":{"line":641,"column":14},"end":{"line":641,"column":46}},"type":"binary-expr","locations":[{"start":{"line":641,"column":14},"end":{"line":641,"column":26}},{"start":{"line":641,"column":30},"end":{"line":641,"column":46}}],"line":641},"45":{"loc":{"start":{"line":647,"column":6},"end":{"line":649,"column":7}},"type":"if","locations":[{"start":{"line":647,"column":6},"end":{"line":649,"column":7}},{"start":{},"end":{}}],"line":647},"46":{"loc":{"start":{"line":673,"column":4},"end":{"line":690,"column":5}},"type":"if","locations":[{"start":{"line":673,"column":4},"end":{"line":690,"column":5}},{"start":{},"end":{}}],"line":673},"47":{"loc":{"start":{"line":697,"column":4},"end":{"line":699,"column":5}},"type":"if","locations":[{"start":{"line":697,"column":4},"end":{"line":699,"column":5}},{"start":{},"end":{}}],"line":697},"48":{"loc":{"start":{"line":701,"column":4},"end":{"line":703,"column":5}},"type":"if","locations":[{"start":{"line":701,"column":4},"end":{"line":703,"column":5}},{"start":{},"end":{}}],"line":701},"49":{"loc":{"start":{"line":705,"column":4},"end":{"line":707,"column":5}},"type":"if","locations":[{"start":{"line":705,"column":4},"end":{"line":707,"column":5}},{"start":{},"end":{}}],"line":705},"50":{"loc":{"start":{"line":709,"column":4},"end":{"line":711,"column":5}},"type":"if","locations":[{"start":{"line":709,"column":4},"end":{"line":711,"column":5}},{"start":{},"end":{}}],"line":709},"51":{"loc":{"start":{"line":730,"column":4},"end":{"line":732,"column":5}},"type":"if","locations":[{"start":{"line":730,"column":4},"end":{"line":732,"column":5}},{"start":{},"end":{}}],"line":730},"52":{"loc":{"start":{"line":735,"column":4},"end":{"line":737,"column":5}},"type":"if","locations":[{"start":{"line":735,"column":4},"end":{"line":737,"column":5}},{"start":{},"end":{}}],"line":735},"53":{"loc":{"start":{"line":740,"column":4},"end":{"line":742,"column":5}},"type":"if","locations":[{"start":{"line":740,"column":4},"end":{"line":742,"column":5}},{"start":{},"end":{}}],"line":740},"54":{"loc":{"start":{"line":740,"column":8},"end":{"line":740,"column":68}},"type":"binary-expr","locations":[{"start":{"line":740,"column":8},"end":{"line":740,"column":32}},{"start":{"line":740,"column":36},"end":{"line":740,"column":68}}],"line":740},"55":{"loc":{"start":{"line":751,"column":4},"end":{"line":757,"column":5}},"type":"if","locations":[{"start":{"line":751,"column":4},"end":{"line":757,"column":5}},{"start":{},"end":{}}],"line":751},"56":{"loc":{"start":{"line":776,"column":4},"end":{"line":778,"column":5}},"type":"if","locations":[{"start":{"line":776,"column":4},"end":{"line":778,"column":5}},{"start":{},"end":{}}],"line":776},"57":{"loc":{"start":{"line":780,"column":4},"end":{"line":782,"column":5}},"type":"if","locations":[{"start":{"line":780,"column":4},"end":{"line":782,"column":5}},{"start":{},"end":{}}],"line":780},"58":{"loc":{"start":{"line":784,"column":4},"end":{"line":786,"column":5}},"type":"if","locations":[{"start":{"line":784,"column":4},"end":{"line":786,"column":5}},{"start":{},"end":{}}],"line":784}},"s":{"0":11,"1":11,"2":29,"3":29,"4":1,"5":28,"6":28,"7":11,"8":11,"9":19,"10":19,"11":1,"12":18,"13":18,"14":0,"15":18,"16":18,"17":18,"18":18,"19":10,"20":8,"21":8,"22":0,"23":8,"24":7,"25":7,"26":7,"27":7,"28":2,"29":2,"30":2,"31":2,"32":2,"33":2,"34":2,"35":2,"36":2,"37":2,"38":2,"39":2,"40":0,"41":0,"42":7,"43":5,"44":5,"45":5,"46":5,"47":0,"48":7,"49":11,"50":11,"51":10,"52":1,"53":0,"54":1,"55":1,"56":0,"57":11,"58":2,"59":2,"60":2,"61":2,"62":1,"63":1,"64":1,"65":1,"66":0,"67":0,"68":11,"69":11,"70":2,"71":2,"72":2,"73":2,"74":51,"75":2,"76":51,"77":2,"78":51,"79":2,"80":51,"81":2,"82":102,"83":2,"84":51,"85":51,"86":51,"87":51,"88":51,"89":51,"90":51,"91":2,"92":442,"93":2,"94":221,"95":221,"96":221,"97":0,"98":221,"99":0,"100":221,"101":2,"102":0,"103":0,"104":11,"105":13,"106":13,"107":13,"108":13,"109":13,"110":13,"111":2,"112":11,"113":2,"114":9,"115":0,"116":9,"117":0,"118":9,"119":9,"120":1,"121":8,"122":8,"123":0,"124":8,"125":8,"126":8,"127":8,"128":8,"129":8,"130":8,"131":8,"132":8,"133":8,"134":8,"135":1,"136":0,"137":8,"138":5,"139":5,"140":2,"141":3,"142":2,"143":1,"144":0,"145":1,"146":1,"147":0,"148":11,"149":5,"150":5,"151":5,"152":5,"153":5,"154":0,"155":5,"156":5,"157":5,"158":2,"159":3,"160":0,"161":0,"162":11,"163":6,"164":6,"165":6,"166":6,"167":6,"168":6,"169":6,"170":0,"171":6,"172":1,"173":5,"174":1,"175":4,"176":0,"177":4,"178":4,"179":0,"180":4,"181":4,"182":4,"183":4,"184":4,"185":4,"186":0,"187":4,"188":2,"189":2,"190":0,"191":2,"192":1,"193":1,"194":1,"195":0,"196":0,"197":0,"198":11,"199":2,"200":2,"201":2,"202":2,"203":2,"204":0,"205":2,"206":1,"207":1,"208":0,"209":1,"210":1,"211":1,"212":1,"213":1,"214":0,"215":0,"216":11,"217":0,"218":0,"219":0,"220":0,"221":0,"222":0,"223":0,"224":0,"225":0,"226":0,"227":0,"228":0,"229":0,"230":0},"f":{"0":29,"1":19,"2":18,"3":2,"4":2,"5":2,"6":51,"7":51,"8":51,"9":51,"10":102,"11":51,"12":442,"13":221,"14":13,"15":13,"16":1,"17":5,"18":6,"19":6,"20":2,"21":0},"b":{"0":[1,28],"1":[0,18],"2":[10,8],"3":[0,8],"4":[8,8],"5":[2,5],"6":[7,3],"7":[2,0],"8":[5,2],"9":[5,0],"10":[10,1],"11":[0,1],"12":[1,0],"13":[1,1],"14":[1,1],"15":[2,100],"16":[51,0],"17":[51,0],"18":[442,0],"19":[0,221],"20":[221,0],"21":[0,221],"22":[221,221],"23":[2,11],"24":[2,9],"25":[0,9],"26":[0,9],"27":[1,8],"28":[0,8],"29":[8,0],"30":[2,3],"31":[2,1],"32":[0,1],"33":[1,0],"34":[1,1],"35":[0,5],"36":[2,3],"37":[5,5],"38":[0,6],"39":[1,5],"40":[1,4],"41":[0,4],"42":[4,4],"43":[4,1],"44":[4,1],"45":[0,4],"46":[4,0],"47":[0,2],"48":[1,1],"49":[1,0],"50":[0,0],"51":[0,2],"52":[1,1],"53":[0,1],"54":[1,1],"55":[1,0],"56":[0,0],"57":[0,0],"58":[0,0]},"_coverageSchema":"1a1c01bbd47fc00a2c39e90264f33305004495a9","hash":"c8dc7c830ab98d8852b88a6db879a74a94cba65e"}
,"/Applications/MAMP/htdocs/marketplace/backend/src/routes/categories.js": {"path":"/Applications/MAMP/htdocs/marketplace/backend/src/routes/categories.js","statementMap":{"0":{"start":{"line":4,"column":15},"end":{"line":4,"column":23}},"1":{"start":{"line":7,"column":0},"end":{"line":27,"column":3}},"2":{"start":{"line":8,"column":2},"end":{"line":26,"column":3}},"3":{"start":{"line":9,"column":23},"end":{"line":21,"column":6}},"4":{"start":{"line":22,"column":4},"end":{"line":22,"column":25}},"5":{"start":{"line":24,"column":4},"end":{"line":24,"column":54}},"6":{"start":{"line":25,"column":4},"end":{"line":25,"column":64}},"7":{"start":{"line":30,"column":0},"end":{"line":65,"column":3}},"8":{"start":{"line":31,"column":17},"end":{"line":31,"column":27}},"9":{"start":{"line":34,"column":2},"end":{"line":36,"column":3}},"10":{"start":{"line":35,"column":4},"end":{"line":35,"column":65}},"11":{"start":{"line":38,"column":2},"end":{"line":64,"column":3}},"12":{"start":{"line":39,"column":21},"end":{"line":50,"column":6}},"13":{"start":{"line":52,"column":4},"end":{"line":54,"column":5}},"14":{"start":{"line":53,"column":6},"end":{"line":53,"column":67}},"15":{"start":{"line":56,"column":4},"end":{"line":56,"column":23}},"16":{"start":{"line":58,"column":4},"end":{"line":58,"column":52}},"17":{"start":{"line":60,"column":4},"end":{"line":62,"column":5}},"18":{"start":{"line":61,"column":6},"end":{"line":61,"column":67}},"19":{"start":{"line":63,"column":4},"end":{"line":63,"column":62}},"20":{"start":{"line":68,"column":0},"end":{"line":121,"column":3}},"21":{"start":{"line":69,"column":25},"end":{"line":69,"column":35}},"22":{"start":{"line":72,"column":2},"end":{"line":74,"column":3}},"23":{"start":{"line":73,"column":4},"end":{"line":73,"column":65}},"24":{"start":{"line":76,"column":2},"end":{"line":120,"column":3}},"25":{"start":{"line":78,"column":21},"end":{"line":81,"column":6}},"26":{"start":{"line":83,"column":4},"end":{"line":85,"column":5}},"27":{"start":{"line":84,"column":6},"end":{"line":84,"column":67}},"28":{"start":{"line":88,"column":19},"end":{"line":93,"column":6}},"29":{"start":{"line":95,"column":4},"end":{"line":97,"column":5}},"30":{"start":{"line":96,"column":6},"end":{"line":96,"column":68}},"31":{"start":{"line":99,"column":19},"end":{"line":99,"column":43}},"32":{"start":{"line":99,"column":35},"end":{"line":99,"column":42}},"33":{"start":{"line":100,"column":16},"end":{"line":100,"column":69}},"34":{"start":{"line":100,"column":42},"end":{"line":100,"column":49}},"35":{"start":{"line":101,"column":16},"end":{"line":101,"column":35}},"36":{"start":{"line":102,"column":16},"end":{"line":102,"column":35}},"37":{"start":{"line":104,"column":4},"end":{"line":110,"column":7}},"38":{"start":{"line":112,"column":4},"end":{"line":112,"column":57}},"39":{"start":{"line":115,"column":4},"end":{"line":117,"column":5}},"40":{"start":{"line":116,"column":6},"end":{"line":116,"column":67}},"41":{"start":{"line":119,"column":4},"end":{"line":119,"column":65}},"42":{"start":{"line":124,"column":0},"end":{"line":157,"column":3}},"43":{"start":{"line":125,"column":2},"end":{"line":156,"column":3}},"44":{"start":{"line":126,"column":32},"end":{"line":141,"column":6}},"45":{"start":{"line":143,"column":18},"end":{"line":150,"column":7}},"46":{"start":{"line":143,"column":55},"end":{"line":150,"column":5}},"47":{"start":{"line":152,"column":4},"end":{"line":152,"column":20}},"48":{"start":{"line":154,"column":4},"end":{"line":154,"column":58}},"49":{"start":{"line":155,"column":4},"end":{"line":155,"column":73}}},"fnMap":{"0":{"name":"(anonymous_0)","decl":{"start":{"line":7,"column":16},"end":{"line":7,"column":17}},"loc":{"start":{"line":7,"column":36},"end":{"line":27,"column":1}},"line":7},"1":{"name":"(anonymous_1)","decl":{"start":{"line":30,"column":19},"end":{"line":30,"column":20}},"loc":{"start":{"line":30,"column":39},"end":{"line":65,"column":1}},"line":30},"2":{"name":"(anonymous_2)","decl":{"start":{"line":68,"column":39},"end":{"line":68,"column":40}},"loc":{"start":{"line":68,"column":59},"end":{"line":121,"column":1}},"line":68},"3":{"name":"(anonymous_3)","decl":{"start":{"line":99,"column":30},"end":{"line":99,"column":31}},"loc":{"start":{"line":99,"column":35},"end":{"line":99,"column":42}},"line":99},"4":{"name":"(anonymous_4)","decl":{"start":{"line":100,"column":30},"end":{"line":100,"column":31}},"loc":{"start":{"line":100,"column":42},"end":{"line":100,"column":49}},"line":100},"5":{"name":"(anonymous_5)","decl":{"start":{"line":124,"column":30},"end":{"line":124,"column":31}},"loc":{"start":{"line":124,"column":50},"end":{"line":157,"column":1}},"line":124},"6":{"name":"(anonymous_6)","decl":{"start":{"line":143,"column":42},"end":{"line":143,"column":43}},"loc":{"start":{"line":143,"column":55},"end":{"line":150,"column":5}},"line":143}},"branchMap":{"0":{"loc":{"start":{"line":34,"column":2},"end":{"line":36,"column":3}},"type":"if","locations":[{"start":{"line":34,"column":2},"end":{"line":36,"column":3}},{"start":{},"end":{}}],"line":34},"1":{"loc":{"start":{"line":34,"column":6},"end":{"line":34,"column":29}},"type":"binary-expr","locations":[{"start":{"line":34,"column":6},"end":{"line":34,"column":9}},{"start":{"line":34,"column":13},"end":{"line":34,"column":29}}],"line":34},"2":{"loc":{"start":{"line":52,"column":4},"end":{"line":54,"column":5}},"type":"if","locations":[{"start":{"line":52,"column":4},"end":{"line":54,"column":5}},{"start":{},"end":{}}],"line":52},"3":{"loc":{"start":{"line":60,"column":4},"end":{"line":62,"column":5}},"type":"if","locations":[{"start":{"line":60,"column":4},"end":{"line":62,"column":5}},{"start":{},"end":{}}],"line":60},"4":{"loc":{"start":{"line":60,"column":8},"end":{"line":60,"column":71}},"type":"binary-expr","locations":[{"start":{"line":60,"column":8},"end":{"line":60,"column":30}},{"start":{"line":60,"column":34},"end":{"line":60,"column":71}}],"line":60},"5":{"loc":{"start":{"line":72,"column":2},"end":{"line":74,"column":3}},"type":"if","locations":[{"start":{"line":72,"column":2},"end":{"line":74,"column":3}},{"start":{},"end":{}}],"line":72},"6":{"loc":{"start":{"line":72,"column":6},"end":{"line":72,"column":45}},"type":"binary-expr","locations":[{"start":{"line":72,"column":6},"end":{"line":72,"column":17}},{"start":{"line":72,"column":21},"end":{"line":72,"column":45}}],"line":72},"7":{"loc":{"start":{"line":83,"column":4},"end":{"line":85,"column":5}},"type":"if","locations":[{"start":{"line":83,"column":4},"end":{"line":85,"column":5}},{"start":{},"end":{}}],"line":83},"8":{"loc":{"start":{"line":95,"column":4},"end":{"line":97,"column":5}},"type":"if","locations":[{"start":{"line":95,"column":4},"end":{"line":97,"column":5}},{"start":{},"end":{}}],"line":95},"9":{"loc":{"start":{"line":115,"column":4},"end":{"line":117,"column":5}},"type":"if","locations":[{"start":{"line":115,"column":4},"end":{"line":117,"column":5}},{"start":{},"end":{}}],"line":115},"10":{"loc":{"start":{"line":115,"column":8},"end":{"line":115,"column":71}},"type":"binary-expr","locations":[{"start":{"line":115,"column":8},"end":{"line":115,"column":30}},{"start":{"line":115,"column":34},"end":{"line":115,"column":71}}],"line":115}},"s":{"0":11,"1":11,"2":7,"3":7,"4":7,"5":0,"6":0,"7":11,"8":7,"9":7,"10":0,"11":7,"12":7,"13":7,"14":4,"15":3,"16":0,"17":0,"18":0,"19":0,"20":11,"21":5,"22":5,"23":0,"24":5,"25":5,"26":5,"27":2,"28":3,"29":3,"30":1,"31":2,"32":5,"33":2,"34":5,"35":2,"36":2,"37":2,"38":0,"39":0,"40":0,"41":0,"42":11,"43":0,"44":0,"45":0,"46":0,"47":0,"48":0,"49":0},"f":{"0":7,"1":7,"2":5,"3":5,"4":5,"5":0,"6":0},"b":{"0":[0,7],"1":[7,7],"2":[4,3],"3":[0,0],"4":[0,0],"5":[0,5],"6":[5,5],"7":[2,3],"8":[1,2],"9":[0,0],"10":[0,0]},"_coverageSchema":"1a1c01bbd47fc00a2c39e90264f33305004495a9","hash":"8fd863afe3c196fc4c18c528f5329b238cd80035"}
,"/Applications/MAMP/htdocs/marketplace/backend/src/routes/escrow.js": {"path":"/Applications/MAMP/htdocs/marketplace/backend/src/routes/escrow.js","statementMap":{"0":{"start":{"line":4,"column":15},"end":{"line":4,"column":23}},"1":{"start":{"line":7,"column":0},"end":{"line":32,"column":3}},"2":{"start":{"line":8,"column":20},"end":{"line":8,"column":30}},"3":{"start":{"line":10,"column":2},"end":{"line":31,"column":3}},"4":{"start":{"line":11,"column":19},"end":{"line":21,"column":6}},"5":{"start":{"line":23,"column":4},"end":{"line":25,"column":5}},"6":{"start":{"line":24,"column":6},"end":{"line":24,"column":65}},"7":{"start":{"line":27,"column":4},"end":{"line":27,"column":21}},"8":{"start":{"line":29,"column":4},"end":{"line":29,"column":50}},"9":{"start":{"line":30,"column":4},"end":{"line":30,"column":60}},"10":{"start":{"line":35,"column":0},"end":{"line":90,"column":3}},"11":{"start":{"line":36,"column":23},"end":{"line":36,"column":33}},"12":{"start":{"line":37,"column":17},"end":{"line":37,"column":41}},"13":{"start":{"line":39,"column":2},"end":{"line":41,"column":3}},"14":{"start":{"line":40,"column":4},"end":{"line":40,"column":63}},"15":{"start":{"line":43,"column":2},"end":{"line":89,"column":3}},"16":{"start":{"line":44,"column":19},"end":{"line":54,"column":6}},"17":{"start":{"line":56,"column":4},"end":{"line":58,"column":5}},"18":{"start":{"line":57,"column":6},"end":{"line":57,"column":65}},"19":{"start":{"line":61,"column":4},"end":{"line":63,"column":5}},"20":{"start":{"line":62,"column":6},"end":{"line":62,"column":61}},"21":{"start":{"line":65,"column":4},"end":{"line":67,"column":5}},"22":{"start":{"line":66,"column":6},"end":{"line":66,"column":74}},"23":{"start":{"line":69,"column":26},"end":{"line":75,"column":6}},"24":{"start":{"line":78,"column":22},"end":{"line":78,"column":46}},"25":{"start":{"line":79,"column":4},"end":{"line":83,"column":7}},"26":{"start":{"line":85,"column":4},"end":{"line":85,"column":28}},"27":{"start":{"line":87,"column":4},"end":{"line":87,"column":52}},"28":{"start":{"line":88,"column":4},"end":{"line":88,"column":64}},"29":{"start":{"line":93,"column":0},"end":{"line":155,"column":3}},"30":{"start":{"line":94,"column":35},"end":{"line":94,"column":43}},"31":{"start":{"line":95,"column":17},"end":{"line":95,"column":41}},"32":{"start":{"line":97,"column":2},"end":{"line":99,"column":3}},"33":{"start":{"line":98,"column":4},"end":{"line":98,"column":63}},"34":{"start":{"line":101,"column":2},"end":{"line":103,"column":3}},"35":{"start":{"line":102,"column":4},"end":{"line":102,"column":78}},"36":{"start":{"line":105,"column":2},"end":{"line":154,"column":3}},"37":{"start":{"line":107,"column":16},"end":{"line":107,"column":73}},"38":{"start":{"line":108,"column":16},"end":{"line":108,"column":73}},"39":{"start":{"line":110,"column":4},"end":{"line":112,"column":5}},"40":{"start":{"line":111,"column":6},"end":{"line":111,"column":80}},"41":{"start":{"line":115,"column":21},"end":{"line":115,"column":77}},"42":{"start":{"line":116,"column":4},"end":{"line":118,"column":5}},"43":{"start":{"line":117,"column":6},"end":{"line":117,"column":71}},"44":{"start":{"line":120,"column":19},"end":{"line":130,"column":6}},"45":{"start":{"line":133,"column":4},"end":{"line":136,"column":7}},"46":{"start":{"line":139,"column":22},"end":{"line":139,"column":46}},"47":{"start":{"line":140,"column":4},"end":{"line":148,"column":7}},"48":{"start":{"line":150,"column":4},"end":{"line":150,"column":25}},"49":{"start":{"line":152,"column":4},"end":{"line":152,"column":56}},"50":{"start":{"line":153,"column":4},"end":{"line":153,"column":68}}},"fnMap":{"0":{"name":"(anonymous_0)","decl":{"start":{"line":7,"column":26},"end":{"line":7,"column":27}},"loc":{"start":{"line":7,"column":46},"end":{"line":32,"column":1}},"line":7},"1":{"name":"(anonymous_1)","decl":{"start":{"line":35,"column":34},"end":{"line":35,"column":35}},"loc":{"start":{"line":35,"column":54},"end":{"line":90,"column":1}},"line":35},"2":{"name":"(anonymous_2)","decl":{"start":{"line":93,"column":21},"end":{"line":93,"column":22}},"loc":{"start":{"line":93,"column":41},"end":{"line":155,"column":1}},"line":93}},"branchMap":{"0":{"loc":{"start":{"line":23,"column":4},"end":{"line":25,"column":5}},"type":"if","locations":[{"start":{"line":23,"column":4},"end":{"line":25,"column":5}},{"start":{},"end":{}}],"line":23},"1":{"loc":{"start":{"line":39,"column":2},"end":{"line":41,"column":3}},"type":"if","locations":[{"start":{"line":39,"column":2},"end":{"line":41,"column":3}},{"start":{},"end":{}}],"line":39},"2":{"loc":{"start":{"line":56,"column":4},"end":{"line":58,"column":5}},"type":"if","locations":[{"start":{"line":56,"column":4},"end":{"line":58,"column":5}},{"start":{},"end":{}}],"line":56},"3":{"loc":{"start":{"line":61,"column":4},"end":{"line":63,"column":5}},"type":"if","locations":[{"start":{"line":61,"column":4},"end":{"line":63,"column":5}},{"start":{},"end":{}}],"line":61},"4":{"loc":{"start":{"line":65,"column":4},"end":{"line":67,"column":5}},"type":"if","locations":[{"start":{"line":65,"column":4},"end":{"line":67,"column":5}},{"start":{},"end":{}}],"line":65},"5":{"loc":{"start":{"line":97,"column":2},"end":{"line":99,"column":3}},"type":"if","locations":[{"start":{"line":97,"column":2},"end":{"line":99,"column":3}},{"start":{},"end":{}}],"line":97},"6":{"loc":{"start":{"line":101,"column":2},"end":{"line":103,"column":3}},"type":"if","locations":[{"start":{"line":101,"column":2},"end":{"line":103,"column":3}},{"start":{},"end":{}}],"line":101},"7":{"loc":{"start":{"line":101,"column":6},"end":{"line":101,"column":33}},"type":"binary-expr","locations":[{"start":{"line":101,"column":6},"end":{"line":101,"column":12}},{"start":{"line":101,"column":16},"end":{"line":101,"column":22}},{"start":{"line":101,"column":26},"end":{"line":101,"column":33}}],"line":101},"8":{"loc":{"start":{"line":110,"column":4},"end":{"line":112,"column":5}},"type":"if","locations":[{"start":{"line":110,"column":4},"end":{"line":112,"column":5}},{"start":{},"end":{}}],"line":110},"9":{"loc":{"start":{"line":110,"column":8},"end":{"line":110,"column":49}},"type":"binary-expr","locations":[{"start":{"line":110,"column":8},"end":{"line":110,"column":12}},{"start":{"line":110,"column":16},"end":{"line":110,"column":20}},{"start":{"line":110,"column":24},"end":{"line":110,"column":49}}],"line":110},"10":{"loc":{"start":{"line":116,"column":4},"end":{"line":118,"column":5}},"type":"if","locations":[{"start":{"line":116,"column":4},"end":{"line":118,"column":5}},{"start":{},"end":{}}],"line":116},"11":{"loc":{"start":{"line":145,"column":22},"end":{"line":145,"column":52}},"type":"binary-expr","locations":[{"start":{"line":145,"column":22},"end":{"line":145,"column":38}},{"start":{"line":145,"column":42},"end":{"line":145,"column":52}}],"line":145}},"s":{"0":11,"1":11,"2":3,"3":3,"4":3,"5":3,"6":1,"7":2,"8":0,"9":0,"10":11,"11":5,"12":5,"13":5,"14":1,"15":4,"16":4,"17":4,"18":1,"19":3,"20":1,"21":2,"22":1,"23":1,"24":1,"25":1,"26":1,"27":0,"28":0,"29":11,"30":0,"31":0,"32":0,"33":0,"34":0,"35":0,"36":0,"37":0,"38":0,"39":0,"40":0,"41":0,"42":0,"43":0,"44":0,"45":0,"46":0,"47":0,"48":0,"49":0,"50":0},"f":{"0":3,"1":5,"2":0},"b":{"0":[1,2],"1":[1,4],"2":[1,3],"3":[1,2],"4":[1,1],"5":[0,0],"6":[0,0],"7":[0,0,0],"8":[0,0],"9":[0,0,0],"10":[0,0],"11":[0,0]},"_coverageSchema":"1a1c01bbd47fc00a2c39e90264f33305004495a9","hash":"2971b80d3079b70a3284548e6d23c764856553b2"}
,"/Applications/MAMP/htdocs/marketplace/backend/src/routes/jobs.js": {"path":"/Applications/MAMP/htdocs/marketplace/backend/src/routes/jobs.js","statementMap":{"0":{"start":{"line":5,"column":15},"end":{"line":5,"column":23}},"1":{"start":{"line":7,"column":33},"end":{"line":15,"column":2}},"2":{"start":{"line":17,"column":33},"end":{"line":25,"column":2}},"3":{"start":{"line":27,"column":24},"end":{"line":29,"column":2}},"4":{"start":{"line":32,"column":21},"end":{"line":44,"column":1}},"5":{"start":{"line":33,"column":2},"end":{"line":43,"column":4}},"6":{"start":{"line":34,"column":4},"end":{"line":42,"column":5}},"7":{"start":{"line":35,"column":6},"end":{"line":35,"column":29}},"8":{"start":{"line":36,"column":6},"end":{"line":36,"column":13}},"9":{"start":{"line":38,"column":6},"end":{"line":41,"column":9}},"10":{"start":{"line":47,"column":20},"end":{"line":54,"column":1}},"11":{"start":{"line":48,"column":17},"end":{"line":48,"column":41}},"12":{"start":{"line":49,"column":2},"end":{"line":51,"column":3}},"13":{"start":{"line":50,"column":4},"end":{"line":50,"column":63}},"14":{"start":{"line":52,"column":2},"end":{"line":52,"column":22}},"15":{"start":{"line":53,"column":2},"end":{"line":53,"column":9}},"16":{"start":{"line":56,"column":0},"end":{"line":59,"column":3}},"17":{"start":{"line":57,"column":2},"end":{"line":57,"column":36}},"18":{"start":{"line":58,"column":2},"end":{"line":58,"column":50}},"19":{"start":{"line":62,"column":0},"end":{"line":296,"column":3}},"20":{"start":{"line":63,"column":2},"end":{"line":295,"column":3}},"21":{"start":{"line":64,"column":23},"end":{"line":64,"column":33}},"22":{"start":{"line":66,"column":4},"end":{"line":66,"column":48}},"23":{"start":{"line":67,"column":4},"end":{"line":67,"column":44}},"24":{"start":{"line":68,"column":4},"end":{"line":68,"column":59}},"25":{"start":{"line":71,"column":21},"end":{"line":84,"column":6}},"26":{"start":{"line":86,"column":4},"end":{"line":89,"column":5}},"27":{"start":{"line":87,"column":6},"end":{"line":87,"column":50}},"28":{"start":{"line":88,"column":6},"end":{"line":88,"column":75}},"29":{"start":{"line":92,"column":32},"end":{"line":94,"column":5}},"30":{"start":{"line":93,"column":14},"end":{"line":93,"column":27}},"31":{"start":{"line":95,"column":4},"end":{"line":95,"column":77}},"32":{"start":{"line":97,"column":4},"end":{"line":100,"column":5}},"33":{"start":{"line":98,"column":6},"end":{"line":98,"column":61}},"34":{"start":{"line":99,"column":6},"end":{"line":99,"column":26}},"35":{"start":{"line":103,"column":17},"end":{"line":169,"column":6}},"36":{"start":{"line":171,"column":4},"end":{"line":171,"column":54}},"37":{"start":{"line":174,"column":26},"end":{"line":186,"column":6}},"38":{"start":{"line":175,"column":6},"end":{"line":184,"column":7}},"39":{"start":{"line":177,"column":28},"end":{"line":177,"column":76}},"40":{"start":{"line":177,"column":51},"end":{"line":177,"column":75}},"41":{"start":{"line":178,"column":8},"end":{"line":183,"column":9}},"42":{"start":{"line":179,"column":10},"end":{"line":181,"column":12}},"43":{"start":{"line":182,"column":10},"end":{"line":182,"column":23}},"44":{"start":{"line":185,"column":6},"end":{"line":185,"column":18}},"45":{"start":{"line":188,"column":4},"end":{"line":188,"column":70}},"46":{"start":{"line":191,"column":26},"end":{"line":223,"column":6}},"47":{"start":{"line":193,"column":23},"end":{"line":193,"column":57}},"48":{"start":{"line":196,"column":30},"end":{"line":196,"column":34}},"49":{"start":{"line":197,"column":6},"end":{"line":201,"column":7}},"50":{"start":{"line":198,"column":25},"end":{"line":198,"column":48}},"51":{"start":{"line":199,"column":8},"end":{"line":199,"column":67}},"52":{"start":{"line":200,"column":8},"end":{"line":200,"column":51}},"53":{"start":{"line":203,"column":6},"end":{"line":222,"column":8}},"54":{"start":{"line":226,"column":26},"end":{"line":228,"column":12}},"55":{"start":{"line":227,"column":13},"end":{"line":227,"column":36}},"56":{"start":{"line":229,"column":26},"end":{"line":231,"column":12}},"57":{"start":{"line":230,"column":13},"end":{"line":230,"column":36}},"58":{"start":{"line":232,"column":4},"end":{"line":234,"column":6}},"59":{"start":{"line":237,"column":22},"end":{"line":237,"column":24}},"60":{"start":{"line":238,"column":27},"end":{"line":238,"column":29}},"61":{"start":{"line":240,"column":4},"end":{"line":281,"column":5}},"62":{"start":{"line":241,"column":28},"end":{"line":241,"column":76}},"63":{"start":{"line":241,"column":51},"end":{"line":241,"column":75}},"64":{"start":{"line":244,"column":23},"end":{"line":244,"column":57}},"65":{"start":{"line":247,"column":30},"end":{"line":247,"column":34}},"66":{"start":{"line":248,"column":6},"end":{"line":252,"column":7}},"67":{"start":{"line":249,"column":25},"end":{"line":249,"column":48}},"68":{"start":{"line":250,"column":8},"end":{"line":250,"column":67}},"69":{"start":{"line":251,"column":8},"end":{"line":251,"column":51}},"70":{"start":{"line":254,"column":27},"end":{"line":274,"column":7}},"71":{"start":{"line":273,"column":52},"end":{"line":273,"column":74}},"72":{"start":{"line":276,"column":6},"end":{"line":280,"column":7}},"73":{"start":{"line":277,"column":8},"end":{"line":277,"column":42}},"74":{"start":{"line":279,"column":8},"end":{"line":279,"column":37}},"75":{"start":{"line":283,"column":4},"end":{"line":285,"column":6}},"76":{"start":{"line":288,"column":4},"end":{"line":291,"column":7}},"77":{"start":{"line":293,"column":4},"end":{"line":293,"column":60}},"78":{"start":{"line":294,"column":4},"end":{"line":294,"column":68}},"79":{"start":{"line":299,"column":0},"end":{"line":310,"column":3}},"80":{"start":{"line":300,"column":25},"end":{"line":300,"column":35}},"81":{"start":{"line":302,"column":2},"end":{"line":309,"column":3}},"82":{"start":{"line":303,"column":23},"end":{"line":303,"column":75}},"83":{"start":{"line":304,"column":21},"end":{"line":304,"column":66}},"84":{"start":{"line":305,"column":4},"end":{"line":305,"column":23}},"85":{"start":{"line":307,"column":4},"end":{"line":307,"column":58}},"86":{"start":{"line":308,"column":4},"end":{"line":308,"column":68}},"87":{"start":{"line":313,"column":0},"end":{"line":327,"column":2}},"88":{"start":{"line":318,"column":4},"end":{"line":325,"column":5}},"89":{"start":{"line":319,"column":25},"end":{"line":319,"column":77}},"90":{"start":{"line":320,"column":18},"end":{"line":320,"column":75}},"91":{"start":{"line":321,"column":6},"end":{"line":321,"column":32}},"92":{"start":{"line":323,"column":6},"end":{"line":323,"column":61}},"93":{"start":{"line":324,"column":6},"end":{"line":324,"column":62}},"94":{"start":{"line":330,"column":0},"end":{"line":344,"column":2}},"95":{"start":{"line":335,"column":4},"end":{"line":342,"column":5}},"96":{"start":{"line":336,"column":25},"end":{"line":336,"column":77}},"97":{"start":{"line":337,"column":18},"end":{"line":337,"column":75}},"98":{"start":{"line":338,"column":6},"end":{"line":338,"column":32}},"99":{"start":{"line":340,"column":6},"end":{"line":340,"column":61}},"100":{"start":{"line":341,"column":6},"end":{"line":341,"column":62}},"101":{"start":{"line":347,"column":0},"end":{"line":386,"column":2}},"102":{"start":{"line":352,"column":4},"end":{"line":384,"column":5}},"103":{"start":{"line":353,"column":24},"end":{"line":353,"column":48}},"104":{"start":{"line":354,"column":25},"end":{"line":354,"column":62}},"105":{"start":{"line":355,"column":24},"end":{"line":355,"column":32}},"106":{"start":{"line":357,"column":21},"end":{"line":357,"column":75}},"107":{"start":{"line":360,"column":6},"end":{"line":371,"column":7}},"108":{"start":{"line":361,"column":8},"end":{"line":370,"column":10}},"109":{"start":{"line":373,"column":6},"end":{"line":373,"column":23}},"110":{"start":{"line":375,"column":6},"end":{"line":375,"column":51}},"111":{"start":{"line":376,"column":6},"end":{"line":381,"column":7}},"112":{"start":{"line":380,"column":8},"end":{"line":380,"column":68}},"113":{"start":{"line":383,"column":6},"end":{"line":383,"column":62}},"114":{"start":{"line":389,"column":0},"end":{"line":410,"column":3}},"115":{"start":{"line":390,"column":21},"end":{"line":390,"column":31}},"116":{"start":{"line":392,"column":2},"end":{"line":409,"column":3}},"117":{"start":{"line":393,"column":17},"end":{"line":403,"column":6}},"118":{"start":{"line":405,"column":4},"end":{"line":405,"column":19}},"119":{"start":{"line":407,"column":4},"end":{"line":407,"column":58}},"120":{"start":{"line":408,"column":4},"end":{"line":408,"column":69}},"121":{"start":{"line":413,"column":0},"end":{"line":435,"column":3}},"122":{"start":{"line":414,"column":21},"end":{"line":414,"column":31}},"123":{"start":{"line":416,"column":2},"end":{"line":434,"column":3}},"124":{"start":{"line":417,"column":17},"end":{"line":428,"column":6}},"125":{"start":{"line":430,"column":4},"end":{"line":430,"column":19}},"126":{"start":{"line":432,"column":4},"end":{"line":432,"column":57}},"127":{"start":{"line":433,"column":4},"end":{"line":433,"column":58}},"128":{"start":{"line":438,"column":0},"end":{"line":452,"column":3}},"129":{"start":{"line":439,"column":20},"end":{"line":439,"column":30}},"130":{"start":{"line":441,"column":2},"end":{"line":451,"column":3}},"131":{"start":{"line":442,"column":23},"end":{"line":442,"column":75}},"132":{"start":{"line":443,"column":16},"end":{"line":443,"column":50}},"133":{"start":{"line":444,"column":4},"end":{"line":446,"column":5}},"134":{"start":{"line":445,"column":6},"end":{"line":445,"column":62}},"135":{"start":{"line":447,"column":4},"end":{"line":447,"column":18}},"136":{"start":{"line":449,"column":4},"end":{"line":449,"column":47}},"137":{"start":{"line":450,"column":4},"end":{"line":450,"column":57}},"138":{"start":{"line":455,"column":0},"end":{"line":466,"column":3}},"139":{"start":{"line":456,"column":20},"end":{"line":456,"column":30}},"140":{"start":{"line":458,"column":2},"end":{"line":465,"column":3}},"141":{"start":{"line":459,"column":23},"end":{"line":459,"column":75}},"142":{"start":{"line":460,"column":4},"end":{"line":460,"column":50}},"143":{"start":{"line":461,"column":4},"end":{"line":461,"column":32}},"144":{"start":{"line":463,"column":4},"end":{"line":463,"column":49}},"145":{"start":{"line":464,"column":4},"end":{"line":464,"column":60}}},"fnMap":{"0":{"name":"(anonymous_0)","decl":{"start":{"line":32,"column":21},"end":{"line":32,"column":22}},"loc":{"start":{"line":32,"column":33},"end":{"line":44,"column":1}},"line":32},"1":{"name":"(anonymous_1)","decl":{"start":{"line":33,"column":9},"end":{"line":33,"column":10}},"loc":{"start":{"line":33,"column":29},"end":{"line":43,"column":3}},"line":33},"2":{"name":"(anonymous_2)","decl":{"start":{"line":47,"column":20},"end":{"line":47,"column":21}},"loc":{"start":{"line":47,"column":40},"end":{"line":54,"column":1}},"line":47},"3":{"name":"(anonymous_3)","decl":{"start":{"line":56,"column":20},"end":{"line":56,"column":21}},"loc":{"start":{"line":56,"column":34},"end":{"line":59,"column":1}},"line":56},"4":{"name":"(anonymous_4)","decl":{"start":{"line":62,"column":38},"end":{"line":62,"column":39}},"loc":{"start":{"line":62,"column":58},"end":{"line":296,"column":1}},"line":62},"5":{"name":"(anonymous_5)","decl":{"start":{"line":93,"column":6},"end":{"line":93,"column":7}},"loc":{"start":{"line":93,"column":14},"end":{"line":93,"column":27}},"line":93},"6":{"name":"(anonymous_6)","decl":{"start":{"line":174,"column":38},"end":{"line":174,"column":39}},"loc":{"start":{"line":174,"column":47},"end":{"line":186,"column":5}},"line":174},"7":{"name":"(anonymous_7)","decl":{"start":{"line":177,"column":42},"end":{"line":177,"column":43}},"loc":{"start":{"line":177,"column":51},"end":{"line":177,"column":75}},"line":177},"8":{"name":"(anonymous_8)","decl":{"start":{"line":191,"column":44},"end":{"line":191,"column":45}},"loc":{"start":{"line":191,"column":53},"end":{"line":223,"column":5}},"line":191},"9":{"name":"(anonymous_9)","decl":{"start":{"line":227,"column":6},"end":{"line":227,"column":7}},"loc":{"start":{"line":227,"column":13},"end":{"line":227,"column":36}},"line":227},"10":{"name":"(anonymous_10)","decl":{"start":{"line":230,"column":6},"end":{"line":230,"column":7}},"loc":{"start":{"line":230,"column":13},"end":{"line":230,"column":36}},"line":230},"11":{"name":"(anonymous_11)","decl":{"start":{"line":241,"column":42},"end":{"line":241,"column":43}},"loc":{"start":{"line":241,"column":51},"end":{"line":241,"column":75}},"line":241},"12":{"name":"(anonymous_12)","decl":{"start":{"line":273,"column":45},"end":{"line":273,"column":46}},"loc":{"start":{"line":273,"column":52},"end":{"line":273,"column":74}},"line":273},"13":{"name":"(anonymous_13)","decl":{"start":{"line":299,"column":42},"end":{"line":299,"column":43}},"loc":{"start":{"line":299,"column":62},"end":{"line":310,"column":1}},"line":299},"14":{"name":"(anonymous_14)","decl":{"start":{"line":317,"column":2},"end":{"line":317,"column":3}},"loc":{"start":{"line":317,"column":22},"end":{"line":326,"column":3}},"line":317},"15":{"name":"(anonymous_15)","decl":{"start":{"line":334,"column":2},"end":{"line":334,"column":3}},"loc":{"start":{"line":334,"column":22},"end":{"line":343,"column":3}},"line":334},"16":{"name":"(anonymous_16)","decl":{"start":{"line":351,"column":2},"end":{"line":351,"column":3}},"loc":{"start":{"line":351,"column":22},"end":{"line":385,"column":3}},"line":351},"17":{"name":"(anonymous_17)","decl":{"start":{"line":389,"column":37},"end":{"line":389,"column":38}},"loc":{"start":{"line":389,"column":57},"end":{"line":410,"column":1}},"line":389},"18":{"name":"(anonymous_18)","decl":{"start":{"line":413,"column":37},"end":{"line":413,"column":38}},"loc":{"start":{"line":413,"column":57},"end":{"line":435,"column":1}},"line":413},"19":{"name":"(anonymous_19)","decl":{"start":{"line":438,"column":22},"end":{"line":438,"column":23}},"loc":{"start":{"line":438,"column":42},"end":{"line":452,"column":1}},"line":438},"20":{"name":"(anonymous_20)","decl":{"start":{"line":455,"column":43},"end":{"line":455,"column":44}},"loc":{"start":{"line":455,"column":63},"end":{"line":466,"column":1}},"line":455}},"branchMap":{"0":{"loc":{"start":{"line":49,"column":2},"end":{"line":51,"column":3}},"type":"if","locations":[{"start":{"line":49,"column":2},"end":{"line":51,"column":3}},{"start":{},"end":{}}],"line":49},"1":{"loc":{"start":{"line":86,"column":4},"end":{"line":89,"column":5}},"type":"if","locations":[{"start":{"line":86,"column":4},"end":{"line":89,"column":5}},{"start":{},"end":{}}],"line":86},"2":{"loc":{"start":{"line":86,"column":8},"end":{"line":86,"column":39}},"type":"binary-expr","locations":[{"start":{"line":86,"column":8},"end":{"line":86,"column":17}},{"start":{"line":86,"column":21},"end":{"line":86,"column":39}}],"line":86},"3":{"loc":{"start":{"line":97,"column":4},"end":{"line":100,"column":5}},"type":"if","locations":[{"start":{"line":97,"column":4},"end":{"line":100,"column":5}},{"start":{},"end":{}}],"line":97},"4":{"loc":{"start":{"line":175,"column":6},"end":{"line":184,"column":7}},"type":"if","locations":[{"start":{"line":175,"column":6},"end":{"line":184,"column":7}},{"start":{},"end":{}}],"line":175},"5":{"loc":{"start":{"line":178,"column":8},"end":{"line":183,"column":9}},"type":"if","locations":[{"start":{"line":178,"column":8},"end":{"line":183,"column":9}},{"start":{},"end":{}}],"line":178},"6":{"loc":{"start":{"line":197,"column":6},"end":{"line":201,"column":7}},"type":"if","locations":[{"start":{"line":197,"column":6},"end":{"line":201,"column":7}},{"start":{},"end":{}}],"line":197},"7":{"loc":{"start":{"line":197,"column":10},"end":{"line":197,"column":56}},"type":"binary-expr","locations":[{"start":{"line":197,"column":10},"end":{"line":197,"column":35}},{"start":{"line":197,"column":39},"end":{"line":197,"column":56}}],"line":197},"8":{"loc":{"start":{"line":248,"column":6},"end":{"line":252,"column":7}},"type":"if","locations":[{"start":{"line":248,"column":6},"end":{"line":252,"column":7}},{"start":{},"end":{}}],"line":248},"9":{"loc":{"start":{"line":248,"column":10},"end":{"line":248,"column":56}},"type":"binary-expr","locations":[{"start":{"line":248,"column":10},"end":{"line":248,"column":35}},{"start":{"line":248,"column":39},"end":{"line":248,"column":56}}],"line":248},"10":{"loc":{"start":{"line":273,"column":15},"end":{"line":273,"column":86}},"type":"cond-expr","locations":[{"start":{"line":273,"column":31},"end":{"line":273,"column":79}},{"start":{"line":273,"column":82},"end":{"line":273,"column":86}}],"line":273},"11":{"loc":{"start":{"line":276,"column":6},"end":{"line":280,"column":7}},"type":"if","locations":[{"start":{"line":276,"column":6},"end":{"line":280,"column":7}},{"start":{"line":278,"column":13},"end":{"line":280,"column":7}}],"line":276},"12":{"loc":{"start":{"line":276,"column":10},"end":{"line":276,"column":52}},"type":"binary-expr","locations":[{"start":{"line":276,"column":10},"end":{"line":276,"column":35}},{"start":{"line":276,"column":39},"end":{"line":276,"column":52}}],"line":276},"13":{"loc":{"start":{"line":360,"column":6},"end":{"line":371,"column":7}},"type":"if","locations":[{"start":{"line":360,"column":6},"end":{"line":371,"column":7}},{"start":{},"end":{}}],"line":360},"14":{"loc":{"start":{"line":360,"column":10},"end":{"line":360,"column":61}},"type":"binary-expr","locations":[{"start":{"line":360,"column":10},"end":{"line":360,"column":25}},{"start":{"line":360,"column":29},"end":{"line":360,"column":61}}],"line":360},"15":{"loc":{"start":{"line":367,"column":26},"end":{"line":367,"column":63}},"type":"binary-expr","locations":[{"start":{"line":367,"column":26},"end":{"line":367,"column":47}},{"start":{"line":367,"column":51},"end":{"line":367,"column":63}}],"line":367},"16":{"loc":{"start":{"line":376,"column":6},"end":{"line":381,"column":7}},"type":"if","locations":[{"start":{"line":376,"column":6},"end":{"line":381,"column":7}},{"start":{},"end":{}}],"line":376},"17":{"loc":{"start":{"line":377,"column":8},"end":{"line":378,"column":54}},"type":"binary-expr","locations":[{"start":{"line":377,"column":8},"end":{"line":377,"column":45}},{"start":{"line":378,"column":8},"end":{"line":378,"column":54}}],"line":377},"18":{"loc":{"start":{"line":444,"column":4},"end":{"line":446,"column":5}},"type":"if","locations":[{"start":{"line":444,"column":4},"end":{"line":446,"column":5}},{"start":{},"end":{}}],"line":444}},"s":{"0":11,"1":11,"2":11,"3":11,"4":11,"5":33,"6":15,"7":15,"8":12,"9":3,"10":11,"11":28,"12":28,"13":4,"14":24,"15":24,"16":11,"17":2,"18":2,"19":11,"20":4,"21":4,"22":4,"23":4,"24":4,"25":4,"26":4,"27":0,"28":0,"29":4,"30":4,"31":4,"32":4,"33":0,"34":0,"35":4,"36":4,"37":4,"38":131,"39":0,"40":0,"41":0,"42":0,"43":0,"44":131,"45":4,"46":4,"47":131,"48":131,"49":131,"50":131,"51":131,"52":131,"53":131,"54":4,"55":131,"56":4,"57":131,"58":4,"59":4,"60":4,"61":4,"62":131,"63":0,"64":131,"65":131,"66":131,"67":131,"68":131,"69":131,"70":131,"71":0,"72":131,"73":0,"74":131,"75":4,"76":4,"77":0,"78":0,"79":11,"80":1,"81":1,"82":1,"83":1,"84":1,"85":0,"86":0,"87":11,"88":2,"89":2,"90":2,"91":2,"92":0,"93":0,"94":11,"95":1,"96":1,"97":1,"98":1,"99":0,"100":0,"101":11,"102":9,"103":9,"104":9,"105":9,"106":9,"107":4,"108":4,"109":4,"110":5,"111":5,"112":5,"113":0,"114":11,"115":2,"116":2,"117":2,"118":2,"119":0,"120":0,"121":11,"122":1,"123":1,"124":1,"125":1,"126":0,"127":0,"128":11,"129":6,"130":6,"131":6,"132":6,"133":6,"134":1,"135":5,"136":0,"137":0,"138":11,"139":2,"140":2,"141":2,"142":2,"143":2,"144":0,"145":0},"f":{"0":33,"1":15,"2":28,"3":2,"4":4,"5":4,"6":131,"7":0,"8":131,"9":131,"10":131,"11":0,"12":0,"13":1,"14":2,"15":1,"16":9,"17":2,"18":1,"19":6,"20":2},"b":{"0":[4,24],"1":[0,4],"2":[4,4],"3":[0,4],"4":[0,131],"5":[0,0],"6":[131,0],"7":[131,131],"8":[131,0],"9":[131,131],"10":[0,131],"11":[0,131],"12":[131,0],"13":[4,0],"14":[4,4],"15":[4,4],"16":[5,0],"17":[5,3],"18":[1,5]},"_coverageSchema":"1a1c01bbd47fc00a2c39e90264f33305004495a9","hash":"91bee27450a903448d3f19468d705343dc26101b"}
,"/Applications/MAMP/htdocs/marketplace/backend/src/routes/users.js": {"path":"/Applications/MAMP/htdocs/marketplace/backend/src/routes/users.js","statementMap":{"0":{"start":{"line":5,"column":15},"end":{"line":5,"column":23}},"1":{"start":{"line":7,"column":25},"end":{"line":12,"column":2}},"2":{"start":{"line":15,"column":0},"end":{"line":46,"column":3}},"3":{"start":{"line":16,"column":17},"end":{"line":16,"column":41}},"4":{"start":{"line":17,"column":2},"end":{"line":19,"column":3}},"5":{"start":{"line":18,"column":4},"end":{"line":18,"column":63}},"6":{"start":{"line":21,"column":2},"end":{"line":45,"column":3}},"7":{"start":{"line":22,"column":17},"end":{"line":35,"column":6}},"8":{"start":{"line":37,"column":4},"end":{"line":39,"column":5}},"9":{"start":{"line":38,"column":6},"end":{"line":38,"column":63}},"10":{"start":{"line":41,"column":4},"end":{"line":41,"column":19}},"11":{"start":{"line":43,"column":4},"end":{"line":43,"column":56}},"12":{"start":{"line":44,"column":4},"end":{"line":44,"column":66}},"13":{"start":{"line":49,"column":0},"end":{"line":68,"column":3}},"14":{"start":{"line":50,"column":2},"end":{"line":54,"column":3}},"15":{"start":{"line":51,"column":4},"end":{"line":51,"column":37}},"16":{"start":{"line":53,"column":4},"end":{"line":53,"column":90}},"17":{"start":{"line":56,"column":2},"end":{"line":67,"column":3}},"18":{"start":{"line":57,"column":17},"end":{"line":61,"column":6}},"19":{"start":{"line":63,"column":4},"end":{"line":63,"column":31}},"20":{"start":{"line":65,"column":4},"end":{"line":65,"column":58}},"21":{"start":{"line":66,"column":4},"end":{"line":66,"column":68}},"22":{"start":{"line":71,"column":0},"end":{"line":99,"column":3}},"23":{"start":{"line":72,"column":20},"end":{"line":72,"column":30}},"24":{"start":{"line":74,"column":2},"end":{"line":98,"column":3}},"25":{"start":{"line":75,"column":17},"end":{"line":88,"column":6}},"26":{"start":{"line":90,"column":4},"end":{"line":92,"column":5}},"27":{"start":{"line":91,"column":6},"end":{"line":91,"column":63}},"28":{"start":{"line":94,"column":4},"end":{"line":94,"column":19}},"29":{"start":{"line":96,"column":4},"end":{"line":96,"column":57}},"30":{"start":{"line":97,"column":4},"end":{"line":97,"column":58}}},"fnMap":{"0":{"name":"(anonymous_0)","decl":{"start":{"line":15,"column":23},"end":{"line":15,"column":24}},"loc":{"start":{"line":15,"column":43},"end":{"line":46,"column":1}},"line":15},"1":{"name":"(anonymous_1)","decl":{"start":{"line":49,"column":17},"end":{"line":49,"column":18}},"loc":{"start":{"line":49,"column":37},"end":{"line":68,"column":1}},"line":49},"2":{"name":"(anonymous_2)","decl":{"start":{"line":71,"column":31},"end":{"line":71,"column":32}},"loc":{"start":{"line":71,"column":51},"end":{"line":99,"column":1}},"line":71}},"branchMap":{"0":{"loc":{"start":{"line":17,"column":2},"end":{"line":19,"column":3}},"type":"if","locations":[{"start":{"line":17,"column":2},"end":{"line":19,"column":3}},{"start":{},"end":{}}],"line":17},"1":{"loc":{"start":{"line":37,"column":4},"end":{"line":39,"column":5}},"type":"if","locations":[{"start":{"line":37,"column":4},"end":{"line":39,"column":5}},{"start":{},"end":{}}],"line":37},"2":{"loc":{"start":{"line":90,"column":4},"end":{"line":92,"column":5}},"type":"if","locations":[{"start":{"line":90,"column":4},"end":{"line":92,"column":5}},{"start":{},"end":{}}],"line":90}},"s":{"0":11,"1":11,"2":11,"3":3,"4":3,"5":1,"6":2,"7":2,"8":2,"9":1,"10":1,"11":0,"12":0,"13":11,"14":6,"15":6,"16":1,"17":5,"18":5,"19":5,"20":0,"21":0,"22":11,"23":2,"24":2,"25":2,"26":2,"27":1,"28":1,"29":0,"30":0},"f":{"0":3,"1":6,"2":2},"b":{"0":[1,2],"1":[1,1],"2":[1,1]},"_coverageSchema":"1a1c01bbd47fc00a2c39e90264f33305004495a9","hash":"709bad3e82a81166cbb98cc7c85313487a39f4f4"}
,"/Applications/MAMP/htdocs/marketplace/backend/src/services/job.js": {"path":"/Applications/MAMP/htdocs/marketplace/backend/src/services/job.js","statementMap":{"0":{"start":{"line":6,"column":4},"end":{"line":6,"column":25}},"1":{"start":{"line":7,"column":4},"end":{"line":7,"column":31}},"2":{"start":{"line":11,"column":4},"end":{"line":48,"column":5}},"3":{"start":{"line":13,"column":28},"end":{"line":22,"column":8}},"4":{"start":{"line":24,"column":6},"end":{"line":32,"column":7}},"5":{"start":{"line":26,"column":8},"end":{"line":31,"column":10}},"6":{"start":{"line":34,"column":21},"end":{"line":36,"column":30}},"7":{"start":{"line":35,"column":22},"end":{"line":35,"column":36}},"8":{"start":{"line":36,"column":24},"end":{"line":36,"column":29}},"9":{"start":{"line":37,"column":20},"end":{"line":37,"column":33}},"10":{"start":{"line":39,"column":6},"end":{"line":44,"column":8}},"11":{"start":{"line":46,"column":6},"end":{"line":46,"column":60}},"12":{"start":{"line":47,"column":6},"end":{"line":47,"column":18}},"13":{"start":{"line":52,"column":4},"end":{"line":96,"column":5}},"14":{"start":{"line":54,"column":28},"end":{"line":54,"column":75}},"15":{"start":{"line":55,"column":29},"end":{"line":55,"column":46}},"16":{"start":{"line":58,"column":32},"end":{"line":58,"column":42}},"17":{"start":{"line":59,"column":6},"end":{"line":61,"column":8}},"18":{"start":{"line":63,"column":18},"end":{"line":87,"column":8}},"19":{"start":{"line":90,"column":6},"end":{"line":90,"column":44}},"20":{"start":{"line":92,"column":6},"end":{"line":92,"column":17}},"21":{"start":{"line":94,"column":6},"end":{"line":94,"column":61}},"22":{"start":{"line":95,"column":6},"end":{"line":95,"column":18}},"23":{"start":{"line":100,"column":4},"end":{"line":155,"column":5}},"24":{"start":{"line":102,"column":23},"end":{"line":102,"column":24}},"25":{"start":{"line":103,"column":24},"end":{"line":121,"column":7}},"26":{"start":{"line":123,"column":6},"end":{"line":125,"column":8}},"27":{"start":{"line":128,"column":6},"end":{"line":149,"column":7}},"28":{"start":{"line":129,"column":25},"end":{"line":134,"column":9}},"29":{"start":{"line":136,"column":8},"end":{"line":148,"column":11}},"30":{"start":{"line":151,"column":6},"end":{"line":151,"column":30}},"31":{"start":{"line":153,"column":6},"end":{"line":153,"column":57}},"32":{"start":{"line":154,"column":6},"end":{"line":154,"column":18}},"33":{"start":{"line":161,"column":4},"end":{"line":321,"column":5}},"34":{"start":{"line":162,"column":6},"end":{"line":164,"column":8}},"35":{"start":{"line":167,"column":21},"end":{"line":270,"column":8}},"36":{"start":{"line":169,"column":20},"end":{"line":175,"column":10}},"37":{"start":{"line":177,"column":8},"end":{"line":179,"column":9}},"38":{"start":{"line":178,"column":10},"end":{"line":178,"column":43}},"39":{"start":{"line":181,"column":8},"end":{"line":183,"column":9}},"40":{"start":{"line":182,"column":10},"end":{"line":182,"column":57}},"41":{"start":{"line":185,"column":8},"end":{"line":187,"column":9}},"42":{"start":{"line":186,"column":10},"end":{"line":186,"column":56}},"43":{"start":{"line":189,"column":8},"end":{"line":191,"column":9}},"44":{"start":{"line":190,"column":10},"end":{"line":190,"column":47}},"45":{"start":{"line":193,"column":8},"end":{"line":195,"column":9}},"46":{"start":{"line":194,"column":10},"end":{"line":194,"column":56}},"47":{"start":{"line":198,"column":25},"end":{"line":209,"column":10}},"48":{"start":{"line":211,"column":8},"end":{"line":213,"column":9}},"49":{"start":{"line":212,"column":10},"end":{"line":212,"column":56}},"50":{"start":{"line":215,"column":8},"end":{"line":217,"column":9}},"51":{"start":{"line":216,"column":10},"end":{"line":216,"column":55}},"52":{"start":{"line":219,"column":8},"end":{"line":221,"column":9}},"53":{"start":{"line":220,"column":10},"end":{"line":220,"column":74}},"54":{"start":{"line":224,"column":27},"end":{"line":235,"column":10}},"55":{"start":{"line":238,"column":8},"end":{"line":240,"column":9}},"56":{"start":{"line":239,"column":10},"end":{"line":239,"column":47}},"57":{"start":{"line":243,"column":25},"end":{"line":254,"column":10}},"58":{"start":{"line":257,"column":23},"end":{"line":263,"column":10}},"59":{"start":{"line":265,"column":8},"end":{"line":269,"column":10}},"60":{"start":{"line":272,"column":6},"end":{"line":274,"column":8}},"61":{"start":{"line":277,"column":6},"end":{"line":310,"column":7}},"62":{"start":{"line":278,"column":8},"end":{"line":
[...]
end":{"line":77,"column":40}},"30":{"start":{"line":79,"column":4},"end":{"line":87,"column":5}},"31":{"start":{"line":80,"column":6},"end":{"line":85,"column":8}},"32":{"start":{"line":86,"column":6},"end":{"line":86,"column":13}},"33":{"start":{"line":90,"column":4},"end":{"line":90,"column":37}},"34":{"start":{"line":91,"column":4},"end":{"line":91,"column":41}},"35":{"start":{"line":93,"column":4},"end":{"line":99,"column":6}},"36":{"start":{"line":101,"column":4},"end":{"line":101,"column":62}},"37":{"start":{"line":106,"column":23},"end":{"line":106,"column":55}},"38":{"start":{"line":107,"column":4},"end":{"line":126,"column":5}},"39":{"start":{"line":109,"column":6},"end":{"line":123,"column":7}},"40":{"start":{"line":110,"column":8},"end":{"line":115,"column":10}},"41":{"start":{"line":116,"column":8},"end":{"line":116,"column":79}},"42":{"start":{"line":118,"column":8},"end":{"line":121,"column":10}},"43":{"start":{"line":122,"column":8},"end":{"line":122,"column":44}},"44":{"start":{"line":125,"column":6},"end":{"line":125,"column":58}},"45":{"start":{"line":131,"column":23},"end":{"line":131,"column":55}},"46":{"start":{"line":132,"column":4},"end":{"line":151,"column":5}},"47":{"start":{"line":134,"column":6},"end":{"line":148,"column":7}},"48":{"start":{"line":135,"column":8},"end":{"line":140,"column":10}},"49":{"start":{"line":141,"column":8},"end":{"line":141,"column":79}},"50":{"start":{"line":143,"column":8},"end":{"line":146,"column":10}},"51":{"start":{"line":147,"column":8},"end":{"line":147,"column":44}},"52":{"start":{"line":150,"column":6},"end":{"line":150,"column":58}},"53":{"start":{"line":156,"column":20},"end":{"line":156,"column":21}},"54":{"start":{"line":158,"column":4},"end":{"line":178,"column":5}},"55":{"start":{"line":159,"column":6},"end":{"line":177,"column":7}},"56":{"start":{"line":164,"column":8},"end":{"line":176,"column":9}},"57":{"start":{"line":165,"column":10},"end":{"line":170,"column":12}},"58":{"start":{"line":171,"column":10},"end":{"line":171,"column":22}},"59":{"start":{"line":173,"column":10},"end":{"line":173,"column":79}},"60":{"start":{"line":174,"column":10},"end":{"line":174,"column":42}},"61":{"start":{"line":175,"column":10},"end":{"line":175,"column":40}},"62":{"start":{"line":180,"column":4},"end":{"line":180,"column":75}},"63":{"start":{"line":181,"column":4},"end":{"line":181,"column":21}},"64":{"start":{"line":186,"column":20},"end":{"line":186,"column":21}},"65":{"start":{"line":188,"column":4},"end":{"line":204,"column":5}},"66":{"start":{"line":189,"column":6},"end":{"line":203,"column":7}},"67":{"start":{"line":190,"column":8},"end":{"line":202,"column":9}},"68":{"start":{"line":191,"column":10},"end":{"line":196,"column":12}},"69":{"start":{"line":197,"column":10},"end":{"line":197,"column":22}},"70":{"start":{"line":199,"column":10},"end":{"line":199,"column":72}},"71":{"start":{"line":200,"column":10},"end":{"line":200,"column":42}},"72":{"start":{"line":201,"column":10},"end":{"line":201,"column":40}},"73":{"start":{"line":206,"column":4},"end":{"line":206,"column":68}},"74":{"start":{"line":207,"column":4},"end":{"line":207,"column":21}},"75":{"start":{"line":212,"column":4},"end":{"line":217,"column":6}},"76":{"start":{"line":222,"column":4},"end":{"line":222,"column":29}},"77":{"start":{"line":227,"column":4},"end":{"line":232,"column":5}},"78":{"start":{"line":228,"column":6},"end":{"line":228,"column":23}},"79":{"start":{"line":229,"column":6},"end":{"line":229,"column":31}},"80":{"start":{"line":230,"column":6},"end":{"line":230,"column":29}},"81":{"start":{"line":231,"column":6},"end":{"line":231,"column":45}}},"fnMap":{"0":{"name":"(anonymous_0)","decl":{"start":{"line":5,"column":2},"end":{"line":5,"column":3}},"loc":{"start":{"line":5,"column":16},"end":{"line":9,"column":3}},"line":5},"1":{"name":"(anonymous_1)","decl":{"start":{"line":11,"column":2},"end":{"line":11,"column":3}},"loc":{"start":{"line":11,"column":21},"end":{"line":61,"column":3}},"line":11},"2":{"name":"(anonymous_2)","decl":{"start":{"line":17,"column":30},"end":{"line":17,"column":31}},"loc":{"start":{"line":17,"column":47},"end":{"line":58,"column":5}},"line":17},"3":{"name":"(anonymous_3)","decl":{"start":{"line":20,"column":23},"end":{"line":20,"column":24}},"loc":{"start":{"line":20,"column":33},"end":{"line":33,"column":7}},"line":20},"4":{"name":"(anonymous_4)","decl":{"start":{"line":35,"column":21},"end":{"line":35,"column":22}},"loc":{"start":{"line":35,"column":27},"end":{"line":45,"column":7}},"line":35},"5":{"name":"(anonymous_5)","decl":{"start":{"line":47,"column":21},"end":{"line":47,"column":22}},"loc":{"start":{"line":47,"column":32},"end":{"line":49,"column":7}},"line":47},"6":{"name":"(anonymous_6)","decl":{"start":{"line":63,"column":2},"end":{"line":63,"column":3}},"loc":{"start":{"line":63,"column":29},"end":{"line":74,"column":3}},"line":63},"7":{"name":"(anonymous_7)","decl":{"start":{"line":76,"column":2},"end":{"line":76,"column":3}},"loc":{"start":{"line":76,"column":38},"end":{"line":102,"column":3}},"line":76},"8":{"name":"(anonymous_8)","decl":{"start":{"line":105,"column":2},"end":{"line":105,"column":3}},"loc":{"start":{"line":105,"column":35},"end":{"line":127,"column":3}},"line":105},"9":{"name":"(anonymous_9)","decl":{"start":{"line":130,"column":2},"end":{"line":130,"column":3}},"loc":{"start":{"line":130,"column":35},"end":{"line":152,"column":3}},"line":130},"10":{"name":"(anonymous_10)","decl":{"start":{"line":155,"column":2},"end":{"line":155,"column":3}},"loc":{"start":{"line":155,"column":45},"end":{"line":182,"column":3}},"line":155},"11":{"name":"(anonymous_11)","decl":{"start":{"line":185,"column":2},"end":{"line":185,"column":3}},"loc":{"start":{"line":185,"column":21},"end":{"line":208,"column":3}},"line":185},"12":{"name":"(anonymous_12)","decl":{"start":{"line":211,"column":2},"end":{"line":211,"column":3}},"loc":{"start":{"line":211,"column":13},"end":{"line":218,"column":3}},"line":211},"13":{"name":"(anonymous_13)","decl":{"start":{"line":221,"column":2},"end":{"line":221,"column":3}},"loc":{"start":{"line":221,"column":14},"end":{"line":223,"column":3}},"line":221},"14":{"name":"(anonymous_14)","decl":{"start":{"line":226,"column":2},"end":{"line":226,"column":3}},"loc":{"start":{"line":226,"column":10},"end":{"line":233,"column":3}},"line":226}},"branchMap":{"0":{"loc":{"start":{"line":38,"column":10},"end":{"line":43,"column":11}},"type":"if","locations":[{"start":{"line":38,"column":10},"end":{"line":43,"column":11}},{"start":{},"end":{}}],"line":38},"1":{"loc":{"start":{"line":64,"column":4},"end":{"line":73,"column":5}},"type":"switch","locations":[{"start":{"line":65,"column":6},"end":{"line":67,"column":14}},{"start":{"line":68,"column":6},"end":{"line":70,"column":14}},{"start":{"line":71,"column":6},"end":{"line":72,"column":59}}],"line":64},"2":{"loc":{"start":{"line":79,"column":4},"end":{"line":87,"column":5}},"type":"if","locations":[{"start":{"line":79,"column":4},"end":{"line":87,"column":5}},{"start":{},"end":{}}],"line":79},"3":{"loc":{"start":{"line":79,"column":8},"end":{"line":79,"column":28}},"type":"binary-expr","locations":[{"start":{"line":79,"column":8},"end":{"line":79,"column":15}},{"start":{"line":79,"column":19},"end":{"line":79,"column":28}}],"line":79},"4":{"loc":{"start":{"line":107,"column":4},"end":{"line":126,"column":5}},"type":"if","locations":[{"start":{"line":107,"column":4},"end":{"line":126,"column":5}},{"start":{"line":124,"column":11},"end":{"line":126,"column":5}}],"line":107},"5":{"loc":{"start":{"line":107,"column":8},"end":{"line":107,"column":49}},"type":"binary-expr","locations":[{"start":{"line":107,"column":8},"end":{"line":107,"column":18}},{"start":{"line":107,"column":22},"end":{"line":107,"column":49}}],"line":107},"6":{"loc":{"start":{"line":132,"column":4},"end":{"line":151,"column":5}},"type":"if","locations":[{"start":{"line":132,"column":4},"end":{"line":151,"column":5}},{"start":{"line":149,"column":11},"end":{"line":151,"column":5}}],"line":132},"7":{"loc":{"start":{"line":132,"column":8},"end":{"line":132,"column":49}},"type":"binary-expr","locations":[{"start":{"line":132,"column":8},"end":{"line":132,"column":18}},{"start":{"line":132,"column":22},"end":{"line":132,"column":49}}],"line":132},"8":{"loc":{"start":{"line":155,"column":28},"end":{"line":155,"column":43}},"type":"default-arg","locations":[{"start":{"line":155,"column":41},"end":{"line":155,"column":43}}],"line":155},"9":{"loc":{"start":{"line":159,"column":6},"end":{"line":177,"column":7}},"type":"if","locations":[{"start":{"line":159,"column":6},"end":{"line":177,"column":7}},{"start":{},"end":{}}],"line":159},"10":{"loc":{"start":{"line":160,"column":8},"end":{"line":162,"column":36}},"type":"binary-expr","locations":[{"start":{"line":160,"column":8},"end":{"line":160,"column":47}},{"start":{"line":161,"column":8},"end":{"line":161,"column":35}},{"start":{"line":162,"column":8},"end":{"line":162,"column":36}}],"line":160},"11":{"loc":{"start":{"line":189,"column":6},"end":{"line":203,"column":7}},"type":"if","locations":[{"start":{"line":189,"column":6},"end":{"line":203,"column":7}},{"start":{},"end":{}}],"line":189},"12":{"loc":{"start":{"line":213,"column":24},"end":{"line":213,"column":50}},"type":"binary-expr","locations":[{"start":{"line":213,"column":24},"end":{"line":213,"column":45}},{"start":{"line":213,"column":49},"end":{"line":213,"column":50}}],"line":213},"13":{"loc":{"start":{"line":214,"column":25},"end":{"line":216,"column":11}},"type":"cond-expr","locations":[{"start":{"line":215,"column":10},"end":{"line":215,"column":46}},{"start":{"line":216,"column":10},"end":{"line":216,"column":11}}],"line":214},"14":{"loc":{"start":{"line":227,"column":4},"end":{"line":232,"column":5}},"type":"if","locations":[{"start":{"line":227,"column":4},"end":{"line":232,"column":5}},{"start":{},"end":{}}],"line":227}},"s":{"0":33,"1":33,"2":33,"3":14,"4":14,"5":0,"6":0,"7":0,"8":0,"9":0,"10":0,"11":0,"12":0,"13":0,"14":0,"15":0,"16":0,"17":0,"18":0,"19":0,"20":0,"21":0,"22":14,"23":3,"24":1,"25":1,"26":1,"27":1,"28":1,"29":3,"30":3,"31":2,"32":2,"33":1,"34":1,"35":1,"36":1,"37":20,"38":20,"39":2,"40":2,"41":1,"42":1,"43":1,"44":18,"45":18,"46":18,"47":1,"48":1,"49":1,"50":0,"51":0,"52":17,"53":7,"54":7,"55":10,"56":6,"57":6,"58":5,"59":1,"60":1,"61":1,"62":7,"63":7,"64":1,"65":1,"66":2,"67":2,"68":2,"69":2,"70":0,"71":0,"72":0,"73":1,"74":1,"75":2,"76":3,"77":15,"78":15,"79":15,"80":15,"81":15},"f":{"0":33,"1":14,"2":0,"3":0,"4":0,"5":0,"6":3,"7":3,"8":20,"9":18,"10":7,"11":1,"12":2,"13":3,"14":15},"b":{"0":[0,0],"1":[1,1,1],"2":[2,1],"3":[3,2],"4":[2,18],"5":[20,3],"6":[1,17],"7":[18,1],"8":[3],"9":[6,4],"10":[10,6,6],"11":[2,0],"12":[2,2],"13":[2,0],"14":[15,0]},"_coverageSchema":"1a1c01bbd47fc00a2c39e90264f33305004495a9","hash":"258190379eafb70a3933e4bbed2f9ed4f11e7f75"}
,"/Applications/MAMP/htdocs/marketplace/backend/src/tests/integration/setup.js": {"path":"/Applications/MAMP/htdocs/marketplace/backend/src/tests/integration/setup.js","statementMap":{"0":{"start":{"line":17,"column":4},"end":{"line":17,"column":25}},"1":{"start":{"line":18,"column":4},"end":{"line":18,"column":41}},"2":{"start":{"line":19,"column":4},"end":{"line":19,"column":37}},"3":{"start":{"line":20,"column":4},"end":{"line":20,"column":44}},"4":{"start":{"line":25,"column":4},"end":{"line":25,"column":43}},"5":{"start":{"line":28,"column":4},"end":{"line":33,"column":6}},"6":{"start":{"line":34,"column":4},"end":{"line":34,"column":33}},"7":{"start":{"line":37,"column":4},"end":{"line":41,"column":7}},"8":{"start":{"line":38,"column":6},"end":{"line":38,"column":31}},"9":{"start":{"line":39,"column":6},"end":{"line":39,"column":37}},"10":{"start":{"line":40,"column":6},"end":{"line":40,"column":13}},"11":{"start":{"line":43,"column":4},"end":{"line":43,"column":46}},"12":{"start":{"line":46,"column":4},"end":{"line":46,"column":43}},"13":{"start":{"line":47,"column":4},"end":{"line":47,"column":41}},"14":{"start":{"line":48,"column":4},"end":{"line":48,"column":52}},"15":{"start":{"line":49,"column":4},"end":{"line":49,"column":41}},"16":{"start":{"line":50,"column":4},"end":{"line":50,"column":46}},"17":{"start":{"line":52,"column":4},"end":{"line":54,"column":7}},"18":{"start":{"line":53,"column":6},"end":{"line":53,"column":42}},"19":{"start":{"line":57,"column":4},"end":{"line":64,"column":7}},"20":{"start":{"line":58,"column":6},"end":{"line":63,"column":9}},"21":{"start":{"line":59,"column":21},"end":{"line":59,"column":47}},"22":{"start":{"line":60,"column":8},"end":{"line":60,"column":50}},"23":{"start":{"line":61,"column":8},"end":{"line":61,"column":62}},"24":{"start":{"line":62,"column":8},"end":{"line":62,"column":22}},"25":{"start":{"line":69,"column":4},"end":{"line":103,"column":5}},"26":{"start":{"line":70,"column":6},"end":{"line":70,"column":50}},"27":{"start":{"line":73,"column":6},"end":{"line":73,"column":44}},"28":{"start":{"line":76,"column":6},"end":{"line":76,"column":44}},"29":{"start":{"line":79,"column":6},"end":{"line":79,"column":41}},"30":{"start":{"line":82,"column":6},"end":{"line":82,"column":50}},"31":{"start":{"line":85,"column":6},"end":{"line":85,"column":41}},"32":{"start":{"line":88,"column":6},"end":{"line":88,"column":54}},"33":{"start":{"line":91,"column":6},"end":{"line":91,"column":46}},"34":{"start":{"line":94,"column":6},"end":{"line":94,"column":42}},"35":{"start":{"line":97,"column":6},"end":{"line":97,"column":46}},"36":{"start":{"line":99,"column":6},"end":{"line":99,"column":61}},"37":{"start":{"line":101,"column":6},"end":{"line":101,"column":45}},"38":{"start":{"line":107,"column":4},"end":{"line":107,"column":25}},"39":{"start":{"line":108,"column":4},"end":{"line":108,"column":36}},"40":{"start":{"line":109,"column":4},"end":{"line":109,"column":27}},"41":{"start":{"line":111,"column":4},"end":{"line":113,"column":7}},"42":{"start":{"line":112,"column":6},"end":{"line":112,"column":41}},"43":{"start":{"line":112,"column":30},"end":{"line":112,"column":39}},"44":{"start":{"line":117,"column":4},"end":{"line":117,"column":24}},"45":{"start":{"line":121,"column":4},"end":{"line":240,"column":5}},"46":{"start":{"line":122,"column":6},"end":{"line":122,"column":42}},"47":{"start":{"line":125,"column":24},"end":{"line":135,"column":8}},"48":{"start":{"line":137,"column":24},"end":{"line":147,"column":8}},"49":{"start":{"line":150,"column":23},"end":{"line":160,"column":8}},"50":{"start":{"line":163,"column":27},"end":{"line":173,"column":8}},"51":{"start":{"line":175,"column":23},"end":{"line":191,"column":8}},"52":{"start":{"line":194,"column":6},"end":{"line":206,"column":9}},"53":{"start":{"line":209,"column":6},"end":{"line":220,"column":9}},"54":{"start":{"line":222,"column":6},"end":{"line":222,"column":51}},"55":{"start":{"line":224,"column":6},"end":{"line":236,"column":8}},"56":{"start":{"line":238,"column":6},"end":{"line":238,"column":47}},"57":{"start":{"line":239,"column":6},"end":{"line":239,"column":18}},"58":{"start":{"line":244,"column":27},"end":{"line":254,"column":5}},"59":{"start":{"line":256,"column":4},"end":{"line":261,"column":7}},"60":{"start":{"line":265,"column":27},"end":{"line":269,"column":5}},"61":{"start":{"line":271,"column":4},"end":{"line":278,"column":7}},"62":{"start":{"line":282,"column":28},"end":{"line":287,"column":5}},"63":{"start":{"line":289,"column":17},"end":{"line":294,"column":6}},"64":{"start":{"line":296,"column":32},"end":{"line":305,"column":5}},"65":{"start":{"line":307,"column":21},"end":{"line":313,"column":6}},"66":{"start":{"line":315,"column":4},"end":{"line":315,"column":30}}},"fnMap":{"0":{"name":"(anonymous_0)","decl":{"start":{"line":16,"column":2},"end":{"line":16,"column":3}},"loc":{"start":{"line":16,"column":16},"end":{"line":21,"column":3}},"line":16},"1":{"name":"(anonymous_1)","decl":{"start":{"line":23,"column":2},"end":{"line":23,"column":3}},"loc":{"start":{"line":23,"column":16},"end":{"line":65,"column":3}},"line":23},"2":{"name":"(anonymous_2)","decl":{"start":{"line":37,"column":17},"end":{"line":37,"column":18}},"loc":{"start":{"line":37,"column":37},"end":{"line":41,"column":5}},"line":37},"3":{"name":"(anonymous_3)","decl":{"start":{"line":52,"column":34},"end":{"line":52,"column":35}},"loc":{"start":{"line":52,"column":48},"end":{"line":54,"column":5}},"line":52},"4":{"name":"(anonymous_4)","decl":{"start":{"line":57,"column":23},"end":{"line":57,"column":24}},"loc":{"start":{"line":57,"column":36},"end":{"line":64,"column":5}},"line":57},"5":{"name":"(anonymous_5)","decl":{"start":{"line":58,"column":28},"end":{"line":58,"column":29}},"loc":{"start":{"line":58,"column":34},"end":{"line":63,"column":7}},"line":58},"6":{"name":"(anonymous_6)","decl":{"start":{"line":67,"column":2},"end":{"line":67,"column":3}},"loc":{"start":{"line":67,"column":18},"end":{"line":104,"column":3}},"line":67},"7":{"name":"(anonymous_7)","decl":{"start":{"line":106,"column":2},"end":{"line":106,"column":3}},"loc":{"start":{"line":106,"column":19},"end":{"line":114,"column":3}},"line":106},"8":{"name":"(anonymous_8)","decl":{"start":{"line":111,"column":23},"end":{"line":111,"column":24}},"loc":{"start":{"line":111,"column":36},"end":{"line":113,"column":5}},"line":111},"9":{"name":"(anonymous_9)","decl":{"start":{"line":112,"column":24},"end":{"line":112,"column":25}},"loc":{"start":{"line":112,"column":30},"end":{"line":112,"column":39}},"line":112},"10":{"name":"(anonymous_10)","decl":{"start":{"line":116,"column":2},"end":{"line":116,"column":3}},"loc":{"start":{"line":116,"column":15},"end":{"line":118,"column":3}},"line":116},"11":{"name":"(anonymous_11)","decl":{"start":{"line":120,"column":2},"end":{"line":120,"column":3}},"loc":{"start":{"line":120,"column":23},"end":{"line":241,"column":3}},"line":120},"12":{"name":"(anonymous_12)","decl":{"start":{"line":243,"column":2},"end":{"line":243,"column":3}},"loc":{"start":{"line":243,"column":46},"end":{"line":262,"column":3}},"line":243},"13":{"name":"(anonymous_13)","decl":{"start":{"line":264,"column":2},"end":{"line":264,"column":3}},"loc":{"start":{"line":264,"column":55},"end":{"line":279,"column":3}},"line":264},"14":{"name":"(anonymous_14)","decl":{"start":{"line":281,"column":2},"end":{"line":281,"column":3}},"loc":{"start":{"line":281,"column":67},"end":{"line":316,"column":3}},"line":281}},"branchMap":{"0":{"loc":{"start":{"line":243,"column":32},"end":{"line":243,"column":44}},"type":"default-arg","locations":[{"start":{"line":243,"column":42},"end":{"line":243,"column":44}}],"line":243},"1":{"loc":{"start":{"line":264,"column":41},"end":{"line":264,"column":53}},"type":"default-arg","locations":[{"start":{"line":264,"column":51},"end":{"line":264,"column":53}}],"line":264},"2":{"loc":{"start":{"line":281,"column":33},"end":{"line":281,"column":46}},"type":"default-arg","locations":[{"start":{"line":281,"column":44},"end":{"line":281,"column":46}}],"line":281},"3":{"loc":{"start":{"line":281,"column":48},"end":{"line":281,"column":65}},"type":"default-arg","locations":[{"start":{"line":281,"column":63},"end":{"line":281,"column":65}}],"line":281}},"s":{"0":11,"1":11,"2":11,"3":11,"4":11,"5":11,"6":11,"7":11,"8":131,"9":131,"10":131,"11":11,"12":11,"13":11,"14":11,"15":11,"16":11,"17":11,"18":1,"19":11,"20":11,"21":11,"22":11,"23":11,"24":11,"25":108,"26":108,"27":108,"28":108,"29":108,"30":108,"31":108,"32":108,"33":108,"34":108,"35":108,"36":108,"37":0,"38":11,"39":11,"40":11,"41":11,"42":11,"43":11,"44":5,"45":76,"46":76,"47":76,"48":76,"49":76,"50":76,"51":76,"52":76,"53":76,"54":76,"55":76,"56":0,"57":0,"58":15,"59":15,"60":9,"61":9,"62":7,"63":7,"64":7,"65":7,"66":7},"f":{"0":11,"1":11,"2":131,"3":1,"4":11,"5":11,"6":108,"7":11,"8":11,"9":11,"10":5,"11":76,"12":15,"13":9,"14":7},"b":{"0":[0],"1":[0],"2":[0],"3":[5]},"_coverageSchema":"1a1c01bbd47fc00a2c39e90264f33305004495a9","hash":"c00f1d3edcf0737731e5d077355bce6916528056"}
}
