{"/Applications/MAMP/htdocs/marketplace/backend/src/middleware/rateLimit.js": {"path":"/Applications/MAMP/htdocs/marketplace/backend/src/middleware/rateLimit.js","statementMap":{"0":{"start":{"line":4,"column":28},"end":{"line":12,"column":2}}},"fnMap":{},"branchMap":{},"s":{"0":11},"f":{},"b":{},"_coverageSchema":"1a1c01bbd47fc00a2c39e90264f33305004495a9","hash":"6745e3dc406b5f656be40301afedebd45594b053"}
,"/Applications/MAMP/htdocs/marketplace/backend/src/routes/bids.js": {"path":"/Applications/MAMP/htdocs/marketplace/backend/src/routes/bids.js","statementMap":{"0":{"start":{"line":6,"column":15},"end":{"line":6,"column":23}},"1":{"start":{"line":9,"column":20},"end":{"line":16,"column":1}},"2":{"start":{"line":10,"column":17},"end":{"line":10,"column":41}},"3":{"start":{"line":11,"column":2},"end":{"line":13,"column":3}},"4":{"start":{"line":12,"column":4},"end":{"line":12,"column":63}},"5":{"start":{"line":14,"column":2},"end":{"line":14,"column":22}},"6":{"start":{"line":15,"column":2},"end":{"line":15,"column":9}},"7":{"start":{"line":18,"column":24},"end":{"line":23,"column":2}},"8":{"start":{"line":26,"column":0},"end":{"line":228,"column":3}},"9":{"start":{"line":27,"column":2},"end":{"line":33,"column":3}},"10":{"start":{"line":28,"column":4},"end":{"line":28,"column":36}},"11":{"start":{"line":30,"column":4},"end":{"line":32,"column":70}},"12":{"start":{"line":35,"column":21},"end":{"line":35,"column":45}},"13":{"start":{"line":36,"column":2},"end":{"line":38,"column":3}},"14":{"start":{"line":37,"column":4},"end":{"line":37,"column":63}},"15":{"start":{"line":40,"column":2},"end":{"line":227,"column":3}},"16":{"start":{"line":42,"column":19},"end":{"line":90,"column":6}},"17":{"start":{"line":44,"column":26},"end":{"line":51,"column":8}},"18":{"start":{"line":53,"column":6},"end":{"line":55,"column":7}},"19":{"start":{"line":54,"column":8},"end":{"line":54,"column":39}},"20":{"start":{"line":58,"column":18},"end":{"line":63,"column":8}},"21":{"start":{"line":65,"column":6},"end":{"line":67,"column":7}},"22":{"start":{"line":66,"column":8},"end":{"line":66,"column":45}},"23":{"start":{"line":70,"column":18},"end":{"line":87,"column":8}},"24":{"start":{"line":89,"column":6},"end":{"line":89,"column":26}},"25":{"start":{"line":92,"column":25},"end":{"line":92,"column":31}},"26":{"start":{"line":95,"column":23},"end":{"line":95,"column":28}},"27":{"start":{"line":98,"column":4},"end":{"line":180,"column":5}},"28":{"start":{"line":99,"column":6},"end":{"line":179,"column":7}},"29":{"start":{"line":101,"column":8},"end":{"line":140,"column":11}},"30":{"start":{"line":103,"column":10},"end":{"line":113,"column":13}},"31":{"start":{"line":116,"column":10},"end":{"line":122,"column":13}},"32":{"start":{"line":125,"column":10},"end":{"line":130,"column":13}},"33":{"start":{"line":133,"column":10},"end":{"line":139,"column":13}},"34":{"start":{"line":142,"column":8},"end":{"line":142,"column":28}},"35":{"start":{"line":145,"column":26},"end":{"line":145,"column":50}},"36":{"start":{"line":146,"column":8},"end":{"line":175,"column":9}},"37":{"start":{"line":147,"column":10},"end":{"line":174,"column":11}},"38":{"start":{"line":148,"column":12},"end":{"line":158,"column":15}},"39":{"start":{"line":161,"column":12},"end":{"line":170,"column":15}},"40":{"start":{"line":172,"column":12},"end":{"line":172,"column":68}},"41":{"start":{"line":177,"column":8},"end":{"line":177,"column":52}},"42":{"start":{"line":182,"column":4},"end":{"line":203,"column":5}},"43":{"start":{"line":184,"column":24},"end":{"line":184,"column":48}},"44":{"start":{"line":185,"column":6},"end":{"line":202,"column":7}},"45":{"start":{"line":186,"column":8},"end":{"line":201,"column":9}},"46":{"start":{"line":187,"column":10},"end":{"line":197,"column":13}},"47":{"start":{"line":199,"column":10},"end":{"line":199,"column":66}},"48":{"start":{"line":205,"column":4},"end":{"line":208,"column":7}},"49":{"start":{"line":210,"column":4},"end":{"line":210,"column":48}},"50":{"start":{"line":213,"column":4},"end":{"line":215,"column":5}},"51":{"start":{"line":214,"column":6},"end":{"line":214,"column":60}},"52":{"start":{"line":217,"column":4},"end":{"line":219,"column":5}},"53":{"start":{"line":218,"column":6},"end":{"line":218,"column":80}},"54":{"start":{"line":222,"column":4},"end":{"line":224,"column":5}},"55":{"start":{"line":223,"column":6},"end":{"line":223,"column":60}},"56":{"start":{"line":226,"column":4},"end":{"line":226,"column":60}},"57":{"start":{"line":231,"column":0},"end":{"line":276,"column":3}},"58":{"start":{"line":232,"column":20},"end":{"line":232,"column":30}},"59":{"start":{"line":233,"column":21},"end":{"line":233,"column":30}},"60":{"start":{"line":235,"column":2},"end":{"line":275,"column":3}},"61":{"start":{"line":236,"column":4},"end":{"line":271,"column":5}},"62":{"start":{"line":238,"column":19},"end":{"line":255,"column":8}},"63":{"start":{"line":256,"column":6},"end":{"line":256,"column":21}},"64":{"start":{"line":259,"column":19},"end":{"line":269,"column":8}},"65":{"start":{"line":270,"column":6},"end":{"line":270,"column":21}},"66":{"start":{"line":273,"column":4},"end":{"line":273,"column":48}},"67":{"start":{"line":274,"column":4},"end":{"line":274,"column":58}},"68":{"start":{"line":280,"column":16},"end":{"line":285,"column":1}},"69":{"start":{"line":287,"column":0},"end":{"line":342,"column":3}},"70":{"start":{"line":288,"column":20},"end":{"line":288,"column":30}},"71":{"start":{"line":290,"column":2},"end":{"line":341,"column":3}},"72":{"start":{"line":291,"column":17},"end":{"line":303,"column":6}},"73":{"start":{"line":306,"column":21},"end":{"line":306,"column":58}},"74":{"start":{"line":306,"column":49},"end":{"line":306,"column":56}},"75":{"start":{"line":307,"column":21},"end":{"line":307,"column":58}},"76":{"start":{"line":307,"column":49},"end":{"line":307,"column":56}},"77":{"start":{"line":308,"column":19},"end":{"line":308,"column":63}},"78":{"start":{"line":308,"column":47},"end":{"line":308,"column":61}},"79":{"start":{"line":309,"column":19},"end":{"line":309,"column":63}},"80":{"start":{"line":309,"column":47},"end":{"line":309,"column":61}},"81":{"start":{"line":311,"column":22},"end":{"line":312,"column":49}},"82":{"start":{"line":312,"column":6},"end":{"line":312,"column":49}},"83":{"start":{"line":314,"column":23},"end":{"line":332,"column":6}},"84":{"start":{"line":315,"column":23},"end":{"line":315,"column":45}},"85":{"start":{"line":317,"column":24},"end":{"line":317,"column":68}},"86":{"start":{"line":318,"column":25},"end":{"line":318,"column":59}},"87":{"start":{"line":319,"column":22},"end":{"line":319,"column":69}},"88":{"start":{"line":320,"column":30},"end":{"line":320,"column":71}},"89":{"start":{"line":323,"column":8},"end":{"line":326,"column":45}},"90":{"start":{"line":328,"column":6},"end":{"line":331,"column":8}},"91":{"start":{"line":335,"column":4},"end":{"line":335,"column":59}},"92":{"start":{"line":335,"column":30},"end":{"line":335,"column":57}},"93":{"start":{"line":337,"column":4},"end":{"line":337,"column":25}},"94":{"start":{"line":339,"column":4},"end":{"line":339,"column":59}},"95":{"start":{"line":340,"column":4},"end":{"line":340,"column":70}},"96":{"start":{"line":344,"column":0},"end":{"line":542,"column":3}},"97":{"start":{"line":345,"column":20},"end":{"line":345,"column":30}},"98":{"start":{"line":346,"column":21},"end":{"line":346,"column":31}},"99":{"start":{"line":348,"column":2},"end":{"line":541,"column":3}},"100":{"start":{"line":350,"column":19},"end":{"line":459,"column":6}},"101":{"start":{"line":352,"column":18},"end":{"line":366,"column":8}},"102":{"start":{"line":368,"column":6},"end":{"line":370,"column":7}},"103":{"start":{"line":369,"column":8},"end":{"line":369,"column":41}},"104":{"start":{"line":373,"column":6},"end":{"line":375,"column":7}},"105":{"start":{"line":374,"column":8},"end":{"line":374,"column":40}},"106":{"start":{"line":378,"column":6},"end":{"line":380,"column":7}},"107":{"start":{"line":379,"column":8},"end":{"line":379,"column":56}},"108":{"start":{"line":383,"column":6},"end":{"line":385,"column":7}},"109":{"start":{"line":384,"column":8},"end":{"line":384,"column":49}},"110":{"start":{"line":390,"column":30},"end":{"line":400,"column":8}},"111":{"start":{"line":402,"column":6},"end":{"line":404,"column":7}},"112":{"start":{"line":403,"column":8},"end":{"line":403,"column":49}},"113":{"start":{"line":407,"column":30},"end":{"line":416,"column":8}},"114":{"start":{"line":418,"column":6},"end":{"line":420,"column":7}},"115":{"start":{"line":419,"column":8},"end":{"line":419,"column":49}},"116":{"start":{"line":423,"column":21},"end":{"line":429,"column":8}},"117":{"start":{"line":432,"column":6},"end":{"line":442,"column":9}},"118":{"start":{"line":445,"column":25},"end":{"line":447,"column":8}},"119":{"start":{"line":449,"column":25},"end":{"line":451,"column":8}},"120":{"start":{"line":453,"column":6},"end":{"line":458,"column":8}},"121":{"start":{"line":462,"column":22},"end":{"line":462,"column":46}},"122":{"start":{"line":463,"column":4},"end":{"line":503,"column":5}},"123":{"start":{"line":464,"column":6},"end":{"line":502,"column":7}},"124":{"start":{"line":466,"column":8},"end":{"line":478,"column":11}},"125":{"start":{"line":481,"column":29},"end":{"line":490,"column":10}},"126":{"start":{"line":492,"column":8},"end":{"line":498,"column":11}},"127":{"start":{"line":493,"column":10},"end":{"line":497,"column":13}},"128":{"start":{"line":500,"column":8},"end":{"line":500,"column":64}},"129":{"start":{"line":505,"column":4},"end":{"line":516,"column":7}},"130":{"start":{"line":518,"column":4},"end":{"line":518,"column":49}},"131":{"start":{"line":521,"column":4},"end":{"line":523,"column":5}},"132":{"start":{"line":522,"column":6},"end":{"line":522,"column":62}},"133":{"start":{"line":525,"column":4},"end":{"line":527,"column":5}},"134":{"start":{"line":526,"column":6},"end":{"line":526,"column":61}},"135":{"start":{"line":529,"column":4},"end":{"line":531,"column":5}},"136":{"start":{"line":530,"column":6},"end":{"line":530,"column":80}},"137":{"start":{"line":533,"column":4},"end":{"line":538,"column":5}},"138":{"start":{"line":537,"column":6},"end":{"line":537,"column":79}},"139":{"start":{"line":540,"column":4},"end":{"line":540,"column":60}},"140":{"start":{"line":545,"column":0},"end":{"line":584,"column":3}},"141":{"start":{"line":546,"column":20},"end":{"line":546,"column":30}},"142":{"start":{"line":547,"column":17},"end":{"line":547,"column":27}},"143":{"start":{"line":549,"column":2},"end":{"line":583,"column":3}},"144":{"start":{"line":550,"column":16},"end":{"line":565,"column":6}},"145":{"start":{"line":567,"column":4},"end":{"line":569,"column":5}},"146":{"start":{"line":568,"column":6},"end":{"line":568,"column":62}},"147":{"start":{"line":572,"column":23},"end":{"line":572,"column":52}},"148":{"start":{"line":573,"column":23},"end":{"line":573,"column":48}},"149":{"start":{"line":575,"column":4},"end":{"line":577,"column":5}},"150":{"start":{"line":576,"column":6},"end":{"line":576,"column":61}},"151":{"start":{"line":579,"column":4},"end":{"line":579,"column":18}},"152":{"start":{"line":581,"column":4},"end":{"line":581,"column":47}},"153":{"start":{"line":582,"column":4},"end":{"line":582,"column":57}},"154":{"start":{"line":587,"column":0},"end":{"line":705,"column":3}},"155":{"start":{"line":588,"column":20},"end":{"line":588,"column":30}},"156":{"start":{"line":589,"column":21},"end":{"line":589,"column":31}},"157":{"start":{"line":590,"column":40},"end":{"line":590,"column":48}},"158":{"start":{"line":592,"column":2},"end":{"line":704,"column":3}},"159":{"start":{"line":594,"column":19},"end":{"line":659,"column":6}},"160":{"start":{"line":596,"column":18},"end":{"line":601,"column":8}},"161":{"start":{"line":603,"column":6},"end":{"line":605,"column":7}},"162":{"start":{"line":604,"column":8},"end":{"line":604,"column":41}},"163":{"start":{"line":608,"column":6},"end":{"line":610,"column":7}},"164":{"start":{"line":609,"column":8},"end":{"line":609,"column":40}},"165":{"start":{"line":613,"column":6},"end":{"line":615,"column":7}},"166":{"start":{"line":614,"column":8},"end":{"line":614,"column":49}},"167":{"start":{"line":617,"column":6},"end":{"line":619,"column":7}},"168":{"start":{"line":618,"column":8},"end":{"line":618,"column":56}},"169":{"start":{"line":622,"column":27},"end":{"line":634,"column":8}},"170":{"start":{"line":637,"column":6},"end":{"line":639,"column":7}},"171":{"start":{"line":638,"column":8},"end":{"line":638,"column":49}},"172":{"start":{"line":642,"column":25},"end":{"line":656,"column":8}},"173":{"start":{"line":658,"column":6},"end":{"line":658,"column":24}},"174":{"start":{"line":662,"column":22},"end":{"line":662,"column":46}},"175":{"start":{"line":663,"column":4},"end":{"line":680,"column":5}},"176":{"start":{"line":664,"column":6},"end":{"line":679,"column":7}},"177":{"start":{"line":665,"column":8},"end":{"line":675,"column":11}},"178":{"start":{"line":677,"column":8},"end":{"line":677,"column":64}},"179":{"start":{"line":682,"column":4},"end":{"line":682,"column":21}},"180":{"start":{"line":684,"column":4},"end":{"line":684,"column":48}},"181":{"start":{"line":687,"column":4},"end":{"line":689,"column":5}},"182":{"start":{"line":688,"column":6},"end":{"line":688,"column":62}},"183":{"start":{"line":691,"column":4},"end":{"line":693,"column":5}},"184":{"start":{"line":692,"column":6},"end":{"line":692,"column":61}},"185":{"start":{"line":695,"column":4},"end":{"line":697,"column":5}},"186":{"start":{"line":696,"column":6},"end":{"line":696,"column":77}},"187":{"start":{"line":699,"column":4},"end":{"line":701,"column":5}},"188":{"start":{"line":700,"column":6},"end":{"line":700,"column":80}},"189":{"start":{"line":703,"column":4},"end":{"line":703,"column":60}},"190":{"start":{"line":708,"column":0},"end":{"line":754,"column":3}},"191":{"start":{"line":709,"column":20},"end":{"line":709,"column":30}},"192":{"start":{"line":710,"column":21},"end":{"line":710,"column":31}},"193":{"start":{"line":712,"column":2},"end":{"line":753,"column":3}},"194":{"start":{"line":713,"column":16},"end":{"line":718,"column":6}},"195":{"start":{"line":720,"column":4},"end":{"line":722,"column":5}},"196":{"start":{"line":721,"column":6},"end":{"line":721,"column":62}},"197":{"start":{"line":725,"column":4},"end":{"line":727,"column":5}},"198":{"start":{"line":726,"column":6},"end":{"line":726,"column":61}},"199":{"start":{"line":730,"column":4},"end":{"line":732,"column":5}},"200":{"start":{"line":731,"column":6},"end":{"line":731,"column":79}},"201":{"start":{"line":735,"column":4},"end":{"line":737,"column":7}},"202":{"start":{"line":740,"column":22},"end":{"line":740,"column":46}},"203":{"start":{"line":741,"column":4},"end":{"line":747,"column":5}},"204":{"start":{"line":742,"column":6},"end":{"line":746,"column":9}},"205":{"start":{"line":749,"column":4},"end":{"line":749,"column":71}},"206":{"start":{"line":751,"column":4},"end":{"line":751,"column":51}},"207":{"start":{"line":752,"column":4},"end":{"line":752,"column":62}}},"fnMap":{"0":{"name":"(anonymous_0)","decl":{"start":{"line":9,"column":20},"end":{"line":9,"column":21}},"loc":{"start":{"line":9,"column":40},"end":{"line":16,"column":1}},"line":9},"1":{"name":"(anonymous_1)","decl":{"start":{"line":26,"column":31},"end":{"line":26,"column":32}},"loc":{"start":{"line":26,"column":51},"end":{"line":228,"column":1}},"line":26},"2":{"name":"(anonymous_2)","decl":{"start":{"line":42,"column":49},"end":{"line":42,"column":50}},"loc":{"start":{"line":42,"column":67},"end":{"line":90,"column":5}},"line":42},"3":{"name":"(anonymous_3)","decl":{"start":{"line":101,"column":38},"end":{"line":101,"column":39}},"loc":{"start":{"line":101,"column":56},"end":{"line":140,"column":9}},"line":101},"4":{"name":"(anonymous_4)","decl":{"start":{"line":231,"column":26},"end":{"line":231,"column":27}},"loc":{"start":{"line":231,"column":46},"end":{"line":276,"column":1}},"line":231},"5":{"name":"(anonymous_5)","decl":{"start":{"line":287,"column":47},"end":{"line":287,"column":48}},"loc":{"start":{"line":287,"column":67},"end":{"line":342,"column":1}},"line":287},"6":{"name":"(anonymous_6)","decl":{"start":{"line":306,"column":42},"end":{"line":306,"column":43}},"loc":{"start":{"line":306,"column":49},"end":{"line":306,"column":56}},"line":306},"7":{"name":"(anonymous_7)","decl":{"start":{"line":307,"column":42},"end":{"line":307,"column":43}},"loc":{"start":{"line":307,"column":49},"end":{"line":307,"column":56}},"line":307},"8":{"name":"(anonymous_8)","decl":{"start":{"line":308,"column":40},"end":{"line":308,"column":41}},"loc":{"start":{"line":308,"column":47},"end":{"line":308,"column":61}},"line":308},"9":{"name":"(anonymous_9)","decl":{"start":{"line":309,"column":40},"end":{"line":309,"column":41}},"loc":{"start":{"line":309,"column":47},"end":{"line":309,"column":61}},"line":309},"10":{"name":"(anonymous_10)","decl":{"start":{"line":311,"column":22},"end":{"line":311,"column":23}},"loc":{"start":{"line":312,"column":6},"end":{"line":312,"column":49}},"line":312},"11":{"name":"(anonymous_11)","decl":{"start":{"line":314,"column":32},"end":{"line":314,"column":33}},"loc":{"start":{"line":314,"column":41},"end":{"line":332,"column":5}},"line":314},"12":{"name":"(anonymous_12)","decl":{"start":{"line":335,"column":20},"end":{"line":335,"column":21}},"loc":{"start":{"line":335,"column":30},"end":{"line":335,"column":57}},"line":335},"13":{"name":"(anonymous_13)","decl":{"start":{"line":344,"column":43},"end":{"line":344,"column":44}},"loc":{"start":{"line":344,"column":63},"end":{"line":542,"column":1}},"line":344},"14":{"name":"(anonymous_14)","decl":{"start":{"line":350,"column":49},"end":{"line":350,"column":50}},"loc":{"start":{"line":350,"column":67},"end":{"line":459,"column":5}},"line":350},"15":{"name":"(anonymous_15)","decl":{"start":{"line":492,"column":29},"end":{"line":492,"column":30}},"loc":{"start":{"line":492,"column":46},"end":{"line":498,"column":9}},"line":492},"16":{"name":"(anonymous_16)","decl":{"start":{"line":545,"column":35},"end":{"line":545,"column":36}},"loc":{"start":{"line":545,"column":55},"end":{"line":584,"column":1}},"line":545},"17":{"name":"(anonymous_17)","decl":{"start":{"line":587,"column":49},"end":{"line":587,"column":50}},"loc":{"start":{"line":587,"column":69},"end":{"line":705,"column":1}},"line":587},"18":{"name":"(anonymous_18)","decl":{"start":{"line":594,"column":49},"end":{"line":594,"column":50}},"loc":{"start":{"line":594,"column":67},"end":{"line":659,"column":5}},"line":594},"19":{"name":"(anonymous_19)","decl":{"start":{"line":708,"column":52},"end":{"line":708,"column":53}},"loc":{"start":{"line":708,"column":72},"end":{"line":754,"column":1}},"line":708}},"branchMap":{"0":{"loc":{"start":{"line":11,"column":2},"end":{"line":13,"column":3}},"type":"if","locations":[{"start":{"line":11,"column":2},"end":{"line":13,"column":3}},{"start":{},"end":{}}],"line":11},"1":{"loc":{"start":{"line":36,"column":2},"end":{"line":38,"column":3}},"type":"if","locations":[{"start":{"line":36,"column":2},"end":{"line":38,"column":3}},{"start":{},"end":{}}],"line":36},"2":{"loc":{"start":{"line":53,"column":6},"end":{"line":55,"column":7}},"type":"if","locations":[{"start":{"line":53,"column":6},"end":{"line":55,"column":7}},{"start":{},"end":{}}],"line":53},"3":{"loc":{"start":{"line":65,"column":6},"end":{"line":67,"column":7}},"type":"if","locations":[{"start":{"line":65,"column":6},"end":{"line":67,"column":7}},{"start":{},"end":{}}],"line":65},"4":{"loc":{"start":{"line":65,"column":10},"end":{"line":65,"column":46}},"type":"binary-expr","locations":[{"start":{"line":65,"column":10},"end":{"line":65,"column":14}},{"start":{"line":65,"column":18},"end":{"line":65,"column":46}}],"line":65},"5":{"loc":{"start":{"line":98,"column":4},"end":{"line":180,"column":5}},"type":"if","locations":[{"start":{"line":98,"column":4},"end":{"line":180,"column":5}},{"start":{},"end":{}}],"line":98},"6":{"loc":{"start":{"line":98,"column":8},"end":{"line":98,"column":55}},"type":"binary-expr","locations":[{"start":{"line":98,"column":8},"end":{"line":98,"column":23}},{"start":{"line":98,"column":27},"end":{"line":98,"column":55}}],"line":98},"7":{"loc":{"start":{"line":146,"column":8},"end":{"line":175,"column":9}},"type":"if","locations":[{"start":{"line":146,"column":8},"end":{"line":175,"column":9}},{"start":{},"end":{}}],"line":146},"8":{"loc":{"start":{"line":182,"column":4},"end":{"line":203,"column":5}},"type":"if","locations":[{"start":{"line":182,"column":4},"end":{"line":203,"column":5}},{"start":{},"end":{}}],"line":182},"9":{"loc":{"start":{"line":185,"column":6},"end":{"line":202,"column":7}},"type":"if","locations":[{"start":{"line":185,"column":6},"end":{"line":202,"column":7}},{"start":{},"end":{}}],"line":185},"10":{"loc":{"start":{"line":213,"column":4},"end":{"line":215,"column":5}},"type":"if","locations":[{"start":{"line":213,"column":4},"end":{"line":215,"column":5}},{"start":{},"end":{}}],"line":213},"11":{"loc":{"start":{"line":217,"column":4},"end":{"line":219,"column":5}},"type":"if","locations":[{"start":{"line":217,"column":4},"end":{"line":219,"column":5}},{"start":{},"end":{}}],"line":217},"12":{"loc":{"start":{"line":222,"column":4},"end":{"line":224,"column":5}},"type":"if","locations":[{"start":{"line":222,"column":4},"end":{"line":224,"column":5}},{"start":{},"end":{}}],"line":222},"13":{"loc":{"start":{"line":222,"column":8},"end":{"line":222,"column":71}},"type":"binary-expr","locations":[{"start":{"line":222,"column":8},"end":{"line":222,"column":30}},{"start":{"line":222,"column":34},"end":{"line":222,"column":71}}],"line":222},"14":{"loc":{"start":{"line":236,"column":4},"end":{"line":271,"column":5}},"type":"if","locations":[{"start":{"line":236,"column":4},"end":{"line":271,"column":5}},{"start":{"line":257,"column":11},"end":{"line":271,"column":5}}],"line":236},"15":{"loc":{"start":{"line":312,"column":6},"end":{"line":312,"column":49}},"type":"cond-expr","locations":[{"start":{"line":312,"column":20},"end":{"line":312,"column":21}},{"start":{"line":312,"column":24},"end":{"line":312,"column":49}}],"line":312},"16":{"loc":{"start":{"line":318,"column":26},"end":{"line":318,"column":54}},"type":"binary-expr","locations":[{"start":{"line":318,"column":26},"end":{"line":318,"column":49}},{"start":{"line":318,"column":53},"end":{"line":318,"column":54}}],"line":318},"17":{"loc":{"start":{"line":320,"column":31},"end":{"line":320,"column":64}},"type":"binary-expr","locations":[{"start":{"line":320,"column":31},"end":{"line":320,"column":57}},{"start":{"line":320,"column":61},"end":{"line":320,"column":64}}],"line":320},"18":{"loc":{"start":{"line":368,"column":6},"end":{"line":370,"column":7}},"type":"if","locations":[{"start":{"line":368,"column":6},"end":{"line":370,"column":7}},{"start":{},"end":{}}],"line":368},"19":{"loc":{"start":{"line":373,"column":6},"end":{"line":375,"column":7}},"type":"if","locations":[{"start":{"line":373,"column":6},"end":{"line":375,"column":7}},{"start":{},"end":{}}],"line":373},"20":{"loc":{"start":{"line":378,"column":6},"end":{"line":380,"column":7}},"type":"if","locations":[{"start":{"line":378,"column":6},"end":{"line":380,"column":7}},{"start":{},"end":{}}],"line":378},"21":{"loc":{"start":{"line":383,"column":6},"end":{"line":385,"column":7}},"type":"if","locations":[{"start":{"line":383,"column":6},"end":{"line":385,"column":7}},{"start":{},"end":{}}],"line":383},"22":{"loc":{"start":{"line":402,"column":6},"end":{"line":404,"column":7}},"type":"if","locations":[{"start":{"line":402,"column":6},"end":{"line":404,"column":7}},{"start":{},"end":{}}],"line":402},"23":{"loc":{"start":{"line":418,"column":6},"end":{"line":420,"column":7}},"type":"if","locations":[{"start":{"line":418,"column":6},"end":{"line":420,"column":7}},{"start":{},"end":{}}],"line":418},"24":{"loc":{"start":{"line":463,"column":4},"end":{"line":503,"column":5}},"type":"if","locations":[{"start":{"line":463,"column":4},"end":{"line":503,"column":5}},{"start":{},"end":{}}],"line":463},"25":{"loc":{"start":{"line":521,"column":4},"end":{"line":523,"column":5}},"type":"if","locations":[{"start":{"line":521,"column":4},"end":{"line":523,"column":5}},{"start":{},"end":{}}],"line":521},"26":{"loc":{"start":{"line":525,"column":4},"end":{"line":527,"column":5}},"type":"if","locations":[{"start":{"line":525,"column":4},"end":{"line":527,"column":5}},{"start":{},"end":{}}],"line":525},"27":{"loc":{"start":{"line":529,"column":4},"end":{"line":531,"column":5}},"type":"if","locations":[{"start":{"line":529,"column":4},"end":{"line":531,"column":5}},{"start":{},"end":{}}],"line":529},"28":{"loc":{"start":{"line":533,"column":4},"end":{"line":538,"column":5}},"type":"if","locations":[{"start":{"line":533,"column":4},"end":{"line":538,"column":5}},{"start":{},"end":{}}],"line":533},"29":{"loc":{"start":{"line":534,"column":6},"end":{"line":535,"column":47}},"type":"binary-expr","locations":[{"start":{"line":534,"column":6},"end":{"line":534,"column":47}},{"start":{"line":535,"column":6},"end":{"line":535,"column":47}}],"line":534},"30":{"loc":{"start":{"line":567,"column":4},"end":{"line":569,"column":5}},"type":"if","locations":[{"start":{"line":567,"column":4},"end":{"line":569,"column":5}},{"start":{},"end":{}}],"line":567},"31":{"loc":{"start":{"line":575,"column":4},"end":{"line":577,"column":5}},"type":"if","locations":[{"start":{"line":575,"column":4},"end":{"line":577,"column":5}},{"start":{},"end":{}}],"line":575},"32":{"loc":{"start":{"line":575,"column":8},"end":{"line":575,"column":34}},"type":"binary-expr","locations":[{"start":{"line":575,"column":8},"end":{"line":575,"column":19}},{"start":{"line":575,"column":23},"end":{"line":575,"column":34}}],"line":575},"33":{"loc":{"start":{"line":603,"column":6},"end":{"line":605,"column":7}},"type":"if","locations":[{"start":{"line":603,"column":6},"end":{"line":605,"column":7}},{"start":{},"end":{}}],"line":603},"34":{"loc":{"start":{"line":608,"column":6},"end":{"line":610,"column":7}},"type":"if","locations":[{"start":{"line":608,"column":6},"end":{"line":610,"column":7}},{"start":{},"end":{}}],"line":608},"35":{"loc":{"start":{"line":613,"column":6},"end":{"line":615,"column":7}},"type":"if","locations":[{"start":{"line":613,"column":6},"end":{"line":615,"column":7}},{"start":{},"end":{}}],"line":613},"36":{"loc":{"start":{"line":617,"column":6},"end":{"line":619,"column":7}},"type":"if","locations":[{"start":{"line":617,"column":6},"end":{"line":619,"column":7}},{"start":{},"end":{}}],"line":617},"37":{"loc":{"start":{"line":629,"column":14},"end":{"line":629,"column":32}},"type":"binary-expr","locations":[{"start":{"line":629,"column":14},"end":{"line":629,"column":19}},{"start":{"line":629,"column":23},"end":{"line":629,"column":32}}],"line":629},"38":{"loc":{"start":{"line":630,"column":14},"end":{"line":630,"column":30}},"type":"binary-expr","locations":[{"start":{"line":630,"column":14},"end":{"line":630,"column":18}},{"start":{"line":630,"column":22},"end":{"line":630,"column":30}}],"line":630},"39":{"loc":{"start":{"line":631,"column":14},"end":{"line":631,"column":46}},"type":"binary-expr","locations":[{"start":{"line":631,"column":14},"end":{"line":631,"column":26}},{"start":{"line":631,"column":30},"end":{"line":631,"column":46}}],"line":631},"40":{"loc":{"start":{"line":637,"column":6},"end":{"line":639,"column":7}},"type":"if","locations":[{"start":{"line":637,"column":6},"end":{"line":639,"column":7}},{"start":{},"end":{}}],"line":637},"41":{"loc":{"start":{"line":663,"column":4},"end":{"line":680,"column":5}},"type":"if","locations":[{"start":{"line":663,"column":4},"end":{"line":680,"column":5}},{"start":{},"end":{}}],"line":663},"42":{"loc":{"start":{"line":687,"column":4},"end":{"line":689,"column":5}},"type":"if","locations":[{"start":{"line":687,"column":4},"end":{"line":689,"column":5}},{"start":{},"end":{}}],"line":687},"43":{"loc":{"start":{"line":691,"column":4},"end":{"line":693,"column":5}},"type":"if","locations":[{"start":{"line":691,"column":4},"end":{"line":693,"column":5}},{"start":{},"end":{}}],"line":691},"44":{"loc":{"start":{"line":695,"column":4},"end":{"line":697,"column":5}},"type":"if","locations":[{"start":{"line":695,"column":4},"end":{"line":697,"column":5}},{"start":{},"end":{}}],"line":695},"45":{"loc":{"start":{"line":699,"column":4},"end":{"line":701,"column":5}},"type":"if","locations":[{"start":{"line":699,"column":4},"end":{"line":701,"column":5}},{"start":{},"end":{}}],"line":699},"46":{"loc":{"start":{"line":720,"column":4},"end":{"line":722,"column":5}},"type":"if","locations":[{"start":{"line":720,"column":4},"end":{"line":722,"column":5}},{"start":{},"end":{}}],"line":720},"47":{"loc":{"start":{"line":725,"column":4},"end":{"line":727,"column":5}},"type":"if","locations":[{"start":{"line":725,"column":4},"end":{"line":727,"column":5}},{"start":{},"end":{}}],"line":725},"48":{"loc":{"start":{"line":730,"column":4},"end":{"line":732,"column":5}},"type":"if","locations":[{"start":{"line":730,"column":4},"end":{"line":732,"column":5}},{"start":{},"end":{}}],"line":730},"49":{"loc":{"start":{"line":730,"column":8},"end":{"line":730,"column":68}},"type":"binary-expr","locations":[{"start":{"line":730,"column":8},"end":{"line":730,"column":32}},{"start":{"line":730,"column":36},"end":{"line":730,"column":68}}],"line":730},"50":{"loc":{"start":{"line":741,"column":4},"end":{"line":747,"column":5}},"type":"if","locations":[{"start":{"line":741,"column":4},"end":{"line":747,"column":5}},{"start":{},"end":{}}],"line":741}},"s":{"0":11,"1":11,"2":29,"3":29,"4":1,"5":28,"6":28,"7":11,"8":11,"9":19,"10":19,"11":1,"12":18,"13":18,"14":0,"15":18,"16":18,"17":18,"18":18,"19":10,"20":8,"21":8,"22":0,"23":8,"24":7,"25":7,"26":7,"27":7,"28":2,"29":2,"30":2,"31":2,"32":2,"33":2,"34":2,"35":2,"36":2,"37":2,"38":2,"39":2,"40":0,"41":0,"42":7,"43":5,"44":5,"45":5,"46":5,"47":0,"48":7,"49":11,"50":11,"51":10,"52":1,"53":0,"54":1,"55":1,"56":0,"57":11,"58":2,"59":2,"60":2,"61":2,"62":1,"63":1,"64":1,"65":1,"66":0,"67":0,"68":11,"69":11,"70":2,"71":2,"72":2,"73":2,"74":51,"75":2,"76":51,"77":2,"78":51,"79":2,"80":51,"81":2,"82":102,"83":2,"84":51,"85":51,"86":51,"87":51,"88":51,"89":51,"90":51,"91":2,"92":222,"93":2,"94":0,"95":0,"96":11,"97":13,"98":13,"99":13,"100":13,"101":13,"102":13,"103":2,"104":11,"105":2,"106":9,"107":0,"108":9,"109":0,"110":9,"111":9,"112":1,"113":8,"114":8,"115":0,"116":8,"117":8,"118":8,"119":8,"120":8,"121":8,"122":8,"123":8,"124":8,"125":8,"126":8,"127":1,"128":0,"129":8,"130":5,"131":5,"132":2,"133":3,"134":2,"135":1,"136":0,"137":1,"138":1,"139":0,"140":11,"141":5,"142":5,"143":5,"144":5,"145":5,"146":0,"147":5,"148":5,"149":5,"150":2,"151":3,"152":0,"153":0,"154":11,"155":6,"156":6,"157":6,"158":6,"159":6,"160":6,"161":6,"162":0,"163":6,"164":1,"165":5,"166":1,"167":4,"168":0,"169":4,"170":4,"171":0,"172":4,"173":4,"174":4,"175":4,"176":4,"177":4,"178":0,"179":4,"180":2,"181":2,"182":0,"183":2,"184":1,"185":1,"186":1,"187":0,"188":0,"189":0,"190":11,"191":2,"192":2,"193":2,"194":2,"195":2,"196":0,"197":2,"198":1,"199":1,"200":0,"201":1,"202":1,"203":1,"204":1,"205":1,"206":0,"207":0},"f":{"0":29,"1":19,"2":18,"3":2,"4":2,"5":2,"6":51,"7":51,"8":51,"9":51,"10":102,"11":51,"12":222,"13":13,"14":13,"15":1,"16":5,"17":6,"18":6,"19":2},"b":{"0":[1,28],"1":[0,18],"2":[10,8],"3":[0,8],"4":[8,8],"5":[2,5],"6":[7,3],"7":[2,0],"8":[5,2],"9":[5,0],"10":[10,1],"11":[0,1],"12":[1,0],"13":[1,1],"14":[1,1],"15":[2,100],"16":[51,0],"17":[51,0],"18":[2,11],"19":[2,9],"20":[0,9],"21":[0,9],"22":[1,8],"23":[0,8],"24":[8,0],"25":[2,3],"26":[2,1],"27":[0,1],"28":[1,0],"29":[1,1],"30":[0,5],"31":[2,3],"32":[5,5],"33":[0,6],"34":[1,5],"35":[1,4],"36":[0,4],"37":[4,4],"38":[4,1],"39":[4,1],"40":[0,4],"41":[4,0],"42":[0,2],"43":[1,1],"44":[1,0],"45":[0,0],"46":[0,2],"47":[1,1],"48":[0,1],"49":[1,1],"50":[1,0]},"_coverageSchema":"1a1c01bbd47fc00a2c39e90264f33305004495a9","hash":"4c1c79e87164c9890262157126111c06a0288e07"}
,"/Applications/MAMP/htdocs/marketplace/backend/src/routes/categories.js": {"path":"/Applications/MAMP/htdocs/marketplace/backend/src/routes/categories.js","statementMap":{"0":{"start":{"line":4,"column":15},"end":{"line":4,"column":23}},"1":{"start":{"line":7,"column":0},"end":{"line":27,"column":3}},"2":{"start":{"line":8,"column":2},"end":{"line":26,"column":3}},"3":{"start":{"line":9,"column":23},"end":{"line":21,"column":6}},"4":{"start":{"line":22,"column":4},"end":{"line":22,"column":25}},"5":{"start":{"line":24,"column":4},"end":{"line":24,"column":54}},"6":{"start":{"line":25,"column":4},"end":{"line":25,"column":64}},"7":{"start":{"line":30,"column":0},"end":{"line":65,"column":3}},"8":{"start":{"line":31,"column":17},"end":{"line":31,"column":27}},"9":{"start":{"line":34,"column":2},"end":{"line":36,"column":3}},"10":{"start":{"line":35,"column":4},"end":{"line":35,"column":65}},"11":{"start":{"line":38,"column":2},"end":{"line":64,"column":3}},"12":{"start":{"line":39,"column":21},"end":{"line":50,"column":6}},"13":{"start":{"line":52,"column":4},"end":{"line":54,"column":5}},"14":{"start":{"line":53,"column":6},"end":{"line":53,"column":67}},"15":{"start":{"line":56,"column":4},"end":{"line":56,"column":23}},"16":{"start":{"line":58,"column":4},"end":{"line":58,"column":52}},"17":{"start":{"line":60,"column":4},"end":{"line":62,"column":5}},"18":{"start":{"line":61,"column":6},"end":{"line":61,"column":67}},"19":{"start":{"line":63,"column":4},"end":{"line":63,"column":62}},"20":{"start":{"line":68,"column":0},"end":{"line":121,"column":3}},"21":{"start":{"line":69,"column":25},"end":{"line":69,"column":35}},"22":{"start":{"line":72,"column":2},"end":{"line":74,"column":3}},"23":{"start":{"line":73,"column":4},"end":{"line":73,"column":65}},"24":{"start":{"line":76,"column":2},"end":{"line":120,"column":3}},"25":{"start":{"line":78,"column":21},"end":{"line":81,"column":6}},"26":{"start":{"line":83,"column":4},"end":{"line":85,"column":5}},"27":{"start":{"line":84,"column":6},"end":{"line":84,"column":67}},"28":{"start":{"line":88,"column":19},"end":{"line":93,"column":6}},"29":{"start":{"line":95,"column":4},"end":{"line":97,"column":5}},"30":{"start":{"line":96,"column":6},"end":{"line":96,"column":68}},"31":{"start":{"line":99,"column":19},"end":{"line":99,"column":43}},"32":{"start":{"line":99,"column":35},"end":{"line":99,"column":42}},"33":{"start":{"line":100,"column":16},"end":{"line":100,"column":69}},"34":{"start":{"line":100,"column":42},"end":{"line":100,"column":49}},"35":{"start":{"line":101,"column":16},"end":{"line":101,"column":35}},"36":{"start":{"line":102,"column":16},"end":{"line":102,"column":35}},"37":{"start":{"line":104,"column":4},"end":{"line":110,"column":7}},"38":{"start":{"line":112,"column":4},"end":{"line":112,"column":57}},"39":{"start":{"line":115,"column":4},"end":{"line":117,"column":5}},"40":{"start":{"line":116,"column":6},"end":{"line":116,"column":67}},"41":{"start":{"line":119,"column":4},"end":{"line":119,"column":65}},"42":{"start":{"line":124,"column":0},"end":{"line":157,"column":3}},"43":{"start":{"line":125,"column":2},"end":{"line":156,"column":3}},"44":{"start":{"line":126,"column":32},"end":{"line":141,"column":6}},"45":{"start":{"line":143,"column":18},"end":{"line":150,"column":7}},"46":{"start":{"line":143,"column":55},"end":{"line":150,"column":5}},"47":{"start":{"line":152,"column":4},"end":{"line":152,"column":20}},"48":{"start":{"line":154,"column":4},"end":{"line":154,"column":58}},"49":{"start":{"line":155,"column":4},"end":{"line":155,"column":73}}},"fnMap":{"0":{"name":"(anonymous_0)","decl":{"start":{"line":7,"column":16},"end":{"line":7,"column":17}},"loc":{"start":{"line":7,"column":36},"end":{"line":27,"column":1}},"line":7},"1":{"name":"(anonymous_1)","decl":{"start":{"line":30,"column":19},"end":{"line":30,"column":20}},"loc":{"start":{"line":30,"column":39},"end":{"line":65,"column":1}},"line":30},"2":{"name":"(anonymous_2)","decl":{"start":{"line":68,"column":39},"end":{"line":68,"column":40}},"loc":{"start":{"line":68,"column":59},"end":{"line":121,"column":1}},"line":68},"3":{"name":"(anonymous_3)","decl":{"start":{"line":99,"column":30},"end":{"line":99,"column":31}},"loc":{"start":{"line":99,"column":35},"end":{"line":99,"column":42}},"line":99},"4":{"name":"(anonymous_4)","decl":{"start":{"line":100,"column":30},"end":{"line":100,"column":31}},"loc":{"start":{"line":100,"column":42},"end":{"line":100,"column":49}},"line":100},"5":{"name":"(anonymous_5)","decl":{"start":{"line":124,"column":30},"end":{"line":124,"column":31}},"loc":{"start":{"line":124,"column":50},"end":{"line":157,"column":1}},"line":124},"6":{"name":"(anonymous_6)","decl":{"start":{"line":143,"column":42},"end":{"line":143,"column":43}},"loc":{"start":{"line":143,"column":55},"end":{"line":150,"column":5}},"line":143}},"branchMap":{"0":{"loc":{"start":{"line":34,"column":2},"end":{"line":36,"column":3}},"type":"if","locations":[{"start":{"line":34,"column":2},"end":{"line":36,"column":3}},{"start":{},"end":{}}],"line":34},"1":{"loc":{"start":{"line":34,"column":6},"end":{"line":34,"column":29}},"type":"binary-expr","locations":[{"start":{"line":34,"column":6},"end":{"line":34,"column":9}},{"start":{"line":34,"column":13},"end":{"line":34,"column":29}}],"line":34},"2":{"loc":{"start":{"line":52,"column":4},"end":{"line":54,"column":5}},"type":"if","locations":[{"start":{"line":52,"column":4},"end":{"line":54,"column":5}},{"start":{},"end":{}}],"line":52},"3":{"loc":{"start":{"line":60,"column":4},"end":{"line":62,"column":5}},"type":"if","locations":[{"start":{"line":60,"column":4},"end":{"line":62,"column":5}},{"start":{},"end":{}}],"line":60},"4":{"loc":{"start":{"line":60,"column":8},"end":{"line":60,"column":71}},"type":"binary-expr","locations":[{"start":{"line":60,"column":8},"end":{"line":60,"column":30}},{"start":{"line":60,"column":34},"end":{"line":60,"column":71}}],"line":60},"5":{"loc":{"start":{"line":72,"column":2},"end":{"line":74,"column":3}},"type":"if","locations":[{"start":{"line":72,"column":2},"end":{"line":74,"column":3}},{"start":{},"end":{}}],"line":72},"6":{"loc":{"start":{"line":72,"column":6},"end":{"line":72,"column":45}},"type":"binary-expr","locations":[{"start":{"line":72,"column":6},"end":{"line":72,"column":17}},{"start":{"line":72,"column":21},"end":{"line":72,"column":45}}],"line":72},"7":{"loc":{"start":{"line":83,"column":4},"end":{"line":85,"column":5}},"type":"if","locations":[{"start":{"line":83,"column":4},"end":{"line":85,"column":5}},{"start":{},"end":{}}],"line":83},"8":{"loc":{"start":{"line":95,"column":4},"end":{"line":97,"column":5}},"type":"if","locations":[{"start":{"line":95,"column":4},"end":{"line":97,"column":5}},{"start":{},"end":{}}],"line":95},"9":{"loc":{"start":{"line":115,"column":4},"end":{"line":117,"column":5}},"type":"if","locations":[{"start":{"line":115,"column":4},"end":{"line":117,"column":5}},{"start":{},"end":{}}],"line":115},"10":{"loc":{"start":{"line":115,"column":8},"end":{"line":115,"column":71}},"type":"binary-expr","locations":[{"start":{"line":115,"column":8},"end":{"line":115,"column":30}},{"start":{"line":115,"column":34},"end":{"line":115,"column":71}}],"line":115}},"s":{"0":11,"1":11,"2":7,"3":7,"4":7,"5":0,"6":0,"7":11,"8":7,"9":7,"10":0,"11":7,"12":7,"13":7,"14":4,"15":3,"16":0,"17":0,"18":0,"19":0,"20":11,"21":5,"22":5,"23":0,"24":5,"25":5,"26":5,"27":2,"28":3,"29":3,"30":1,"31":2,"32":5,"33":2,"34":5,"35":2,"36":2,"37":2,"38":0,"39":0,"40":0,"41":0,"42":11,"43":0,"44":0,"45":0,"46":0,"47":0,"48":0,"49":0},"f":{"0":7,"1":7,"2":5,"3":5,"4":5,"5":0,"6":0},"b":{"0":[0,7],"1":[7,7],"2":[4,3],"3":[0,0],"4":[0,0],"5":[0,5],"6":[5,5],"7":[2,3],"8":[1,2],"9":[0,0],"10":[0,0]},"_coverageSchema":"1a1c01bbd47fc00a2c39e90264f33305004495a9","hash":"8fd863afe3c196fc4c18c528f5329b238cd80035"}
,"/Applications/MAMP/htdocs/marketplace/backend/src/routes/escrow.js": {"path":"/Applications/MAMP/htdocs/marketplace/backend/src/routes/escrow.js","statementMap":{"0":{"start":{"line":4,"column":15},"end":{"line":4,"column":23}},"1":{"start":{"line":7,"column":0},"end":{"line":32,"column":3}},"2":{"start":{"line":8,"column":20},"end":{"line":8,"column":30}},"3":{"start":{"line":10,"column":2},"end":{"line":31,"column":3}},"4":{"start":{"line":11,"column":19},"end":{"line":21,"column":6}},"5":{"start":{"line":23,"column":4},"end":{"line":25,"column":5}},"6":{"start":{"line":24,"column":6},"end":{"line":24,"column":65}},"7":{"start":{"line":27,"column":4},"end":{"line":27,"column":21}},"8":{"start":{"line":29,"column":4},"end":{"line":29,"column":50}},"9":{"start":{"line":30,"column":4},"end":{"line":30,"column":60}},"10":{"start":{"line":35,"column":0},"end":{"line":90,"column":3}},"11":{"start":{"line":36,"column":23},"end":{"line":36,"column":33}},"12":{"start":{"line":37,"column":17},"end":{"line":37,"column":41}},"13":{"start":{"line":39,"column":2},"end":{"line":41,"column":3}},"14":{"start":{"line":40,"column":4},"end":{"line":40,"column":63}},"15":{"start":{"line":43,"column":2},"end":{"line":89,"column":3}},"16":{"start":{"line":44,"column":19},"end":{"line":54,"column":6}},"17":{"start":{"line":56,"column":4},"end":{"line":58,"column":5}},"18":{"start":{"line":57,"column":6},"end":{"line":57,"column":65}},"19":{"start":{"line":61,"column":4},"end":{"line":63,"column":5}},"20":{"start":{"line":62,"column":6},"end":{"line":62,"column":61}},"21":{"start":{"line":65,"column":4},"end":{"line":67,"column":5}},"22":{"start":{"line":66,"column":6},"end":{"line":66,"column":74}},"23":{"start":{"line":69,"column":26},"end":{"line":75,"column":6}},"24":{"start":{"line":78,"column":22},"end":{"line":78,"column":46}},"25":{"start":{"line":79,"column":4},"end":{"line":83,"column":7}},"26":{"start":{"line":85,"column":4},"end":{"line":85,"column":28}},"27":{"start":{"line":87,"column":4},"end":{"line":87,"column":52}},"28":{"start":{"line":88,"column":4},"end":{"line":88,"column":64}}},"fnMap":{"0":{"name":"(anonymous_0)","decl":{"start":{"line":7,"column":26},"end":{"line":7,"column":27}},"loc":{"start":{"line":7,"column":46},"end":{"line":32,"column":1}},"line":7},"1":{"name":"(anonymous_1)","decl":{"start":{"line":35,"column":34},"end":{"line":35,"column":35}},"loc":{"start":{"line":35,"column":54},"end":{"line":90,"column":1}},"line":35}},"branchMap":{"0":{"loc":{"start":{"line":23,"column":4},"end":{"line":25,"column":5}},"type":"if","locations":[{"start":{"line":23,"column":4},"end":{"line":25,"column":5}},{"start":{},"end":{}}],"line":23},"1":{"loc":{"start":{"line":39,"column":2},"end":{"line":41,"column":3}},"type":"if","locations":[{"start":{"line":39,"column":2},"end":{"line":41,"column":3}},{"start":{},"end":{}}],"line":39},"2":{"loc":{"start":{"line":56,"column":4},"end":{"line":58,"column":5}},"type":"if","locations":[{"start":{"line":56,"column":4},"end":{"line":58,"column":5}},{"start":{},"end":{}}],"line":56},"3":{"loc":{"start":{"line":61,"column":4},"end":{"line":63,"column":5}},"type":"if","locations":[{"start":{"line":61,"column":4},"end":{"line":63,"column":5}},{"start":{},"end":{}}],"line":61},"4":{"loc":{"start":{"line":65,"column":4},"end":{"line":67,"column":5}},"type":"if","locations":[{"start":{"line":65,"column":4},"end":{"line":67,"column":5}},{"start":{},"end":{}}],"line":65}},"s":{"0":11,"1":11,"2":3,"3":3,"4":3,"5":3,"6":1,"7":2,"8":0,"9":0,"10":11,"11":5,"12":5,"13":5,"14":1,"15":4,"16":4,"17":4,"18":1,"19":3,"20":1,"21":2,"22":1,"23":1,"24":1,"25":1,"26":1,"27":0,"28":0},"f":{"0":3,"1":5},"b":{"0":[1,2],"1":[1,4],"2":[1,3],"3":[1,2],"4":[1,1]},"_coverageSchema":"1a1c01bbd47fc00a2c39e90264f33305004495a9","hash":"19993028e3abbd58a9aee5254d02e4f066eeb445"}
,"/Applications/MAMP/htdocs/marketplace/backend/src/routes/jobs.js": {"path":"/Applications/MAMP/htdocs/marketplace/backend/src/routes/jobs.js","statementMap":{"0":{"start":{"line":5,"column":15},"end":{"line":5,"column":23}},"1":{"start":{"line":7,"column":33},"end":{"line":15,"column":2}},"2":{"start":{"line":17,"column":33},"end":{"line":25,"column":2}},"3":{"start":{"line":27,"column":24},"end":{"line":29,"column":2}},"4":{"start":{"line":32,"column":21},"end":{"line":44,"column":1}},"5":{"start":{"line":33,"column":2},"end":{"line":43,"column":4}},"6":{"start":{"line":34,"column":4},"end":{"line":42,"column":5}},"7":{"start":{"line":35,"column":6},"end":{"line":35,"column":29}},"8":{"start":{"line":36,"column":6},"end":{"line":36,"column":13}},"9":{"start":{"line":38,"column":6},"end":{"line":41,"column":9}},"10":{"start":{"line":47,"column":20},"end":{"line":54,"column":1}},"11":{"start":{"line":48,"column":17},"end":{"line":48,"column":41}},"12":{"start":{"line":49,"column":2},"end":{"line":51,"column":3}},"13":{"start":{"line":50,"column":4},"end":{"line":50,"column":63}},"14":{"start":{"line":52,"column":2},"end":{"line":52,"column":22}},"15":{"start":{"line":53,"column":2},"end":{"line":53,"column":9}},"16":{"start":{"line":56,"column":0},"end":{"line":59,"column":3}},"17":{"start":{"line":57,"column":2},"end":{"line":57,"column":36}},"18":{"start":{"line":58,"column":2},"end":{"line":58,"column":50}},"19":{"start":{"line":62,"column":0},"end":{"line":240,"column":3}},"20":{"start":{"line":63,"column":2},"end":{"line":239,"column":3}},"21":{"start":{"line":64,"column":23},"end":{"line":64,"column":33}},"22":{"start":{"line":66,"column":4},"end":{"line":66,"column":48}},"23":{"start":{"line":67,"column":4},"end":{"line":67,"column":44}},"24":{"start":{"line":68,"column":4},"end":{"line":68,"column":59}},"25":{"start":{"line":71,"column":21},"end":{"line":84,"column":6}},"26":{"start":{"line":86,"column":4},"end":{"line":89,"column":5}},"27":{"start":{"line":87,"column":6},"end":{"line":87,"column":50}},"28":{"start":{"line":88,"column":6},"end":{"line":88,"column":75}},"29":{"start":{"line":92,"column":32},"end":{"line":94,"column":5}},"30":{"start":{"line":93,"column":14},"end":{"line":93,"column":27}},"31":{"start":{"line":95,"column":4},"end":{"line":95,"column":77}},"32":{"start":{"line":97,"column":4},"end":{"line":100,"column":5}},"33":{"start":{"line":98,"column":6},"end":{"line":98,"column":61}},"34":{"start":{"line":99,"column":6},"end":{"line":99,"column":26}},"35":{"start":{"line":103,"column":17},"end":{"line":169,"column":6}},"36":{"start":{"line":171,"column":4},"end":{"line":171,"column":54}},"37":{"start":{"line":174,"column":26},"end":{"line":186,"column":6}},"38":{"start":{"line":175,"column":6},"end":{"line":184,"column":7}},"39":{"start":{"line":177,"column":28},"end":{"line":177,"column":76}},"40":{"start":{"line":177,"column":51},"end":{"line":177,"column":75}},"41":{"start":{"line":178,"column":8},"end":{"line":183,"column":9}},"42":{"start":{"line":179,"column":10},"end":{"line":181,"column":12}},"43":{"start":{"line":182,"column":10},"end":{"line":182,"column":23}},"44":{"start":{"line":185,"column":6},"end":{"line":185,"column":18}},"45":{"start":{"line":188,"column":4},"end":{"line":188,"column":70}},"46":{"start":{"line":191,"column":26},"end":{"line":222,"column":6}},"47":{"start":{"line":193,"column":23},"end":{"line":193,"column":57}},"48":{"start":{"line":196,"column":30},"end":{"line":196,"column":34}},"49":{"start":{"line":197,"column":6},"end":{"line":201,"column":7}},"50":{"start":{"line":198,"column":25},"end":{"line":198,"column":48}},"51":{"start":{"line":199,"column":8},"end":{"line":199,"column":67}},"52":{"start":{"line":200,"column":8},"end":{"line":200,"column":51}},"53":{"start":{"line":203,"column":6},"end":{"line":221,"column":8}},"54":{"start":{"line":225,"column":26},"end":{"line":227,"column":12}},"55":{"start":{"line":226,"column":13},"end":{"line":226,"column":36}},"56":{"start":{"line":228,"column":26},"end":{"line":230,"column":12}},"57":{"start":{"line":229,"column":13},"end":{"line":229,"column":36}},"58":{"start":{"line":231,"column":4},"end":{"line":233,"column":6}},"59":{"start":{"line":235,"column":4},"end":{"line":235,"column":28}},"60":{"start":{"line":237,"column":4},"end":{"line":237,"column":60}},"61":{"start":{"line":238,"column":4},"end":{"line":238,"column":68}},"62":{"start":{"line":243,"column":0},"end":{"line":254,"column":3}},"63":{"start":{"line":244,"column":25},"end":{"line":244,"column":35}},"64":{"start":{"line":246,"column":2},"end":{"line":253,"column":3}},"65":{"start":{"line":247,"column":23},"end":{"line":247,"column":75}},"66":{"start":{"line":248,"column":21},"end":{"line":248,"column":66}},"67":{"start":{"line":249,"column":4},"end":{"line":249,"column":23}},"68":{"start":{"line":251,"column":4},"end":{"line":251,"column":58}},"69":{"start":{"line":252,"column":4},"end":{"line":252,"column":68}},"70":{"start":{"line":257,"column":0},"end":{"line":271,"column":2}},"71":{"start":{"line":262,"column":4},"end":{"line":269,"column":5}},"72":{"start":{"line":263,"column":25},"end":{"line":263,"column":77}},"73":{"start":{"line":264,"column":18},"end":{"line":264,"column":75}},"74":{"start":{"line":265,"column":6},"end":{"line":265,"column":32}},"75":{"start":{"line":267,"column":6},"end":{"line":267,"column":61}},"76":{"start":{"line":268,"column":6},"end":{"line":268,"column":62}},"77":{"start":{"line":274,"column":0},"end":{"line":288,"column":2}},"78":{"start":{"line":279,"column":4},"end":{"line":286,"column":5}},"79":{"start":{"line":280,"column":25},"end":{"line":280,"column":77}},"80":{"start":{"line":281,"column":18},"end":{"line":281,"column":75}},"81":{"start":{"line":282,"column":6},"end":{"line":282,"column":32}},"82":{"start":{"line":284,"column":6},"end":{"line":284,"column":61}},"83":{"start":{"line":285,"column":6},"end":{"line":285,"column":62}},"84":{"start":{"line":291,"column":0},"end":{"line":313,"column":2}},"85":{"start":{"line":296,"column":4},"end":{"line":311,"column":5}},"86":{"start":{"line":297,"column":25},"end":{"line":297,"column":77}},"87":{"start":{"line":298,"column":24},"end":{"line":298,"column":32}},"88":{"start":{"line":299,"column":21},"end":{"line":299,"column":75}},"89":{"start":{"line":300,"column":6},"end":{"line":300,"column":23}},"90":{"start":{"line":302,"column":6},"end":{"line":302,"column":51}},"91":{"start":{"line":303,"column":6},"end":{"line":308,"column":7}},"92":{"start":{"line":307,"column":8},"end":{"line":307,"column":68}},"93":{"start":{"line":310,"column":6},"end":{"line":310,"column":62}},"94":{"start":{"line":316,"column":0},"end":{"line":337,"column":3}},"95":{"start":{"line":317,"column":21},"end":{"line":317,"column":31}},"96":{"start":{"line":319,"column":2},"end":{"line":336,"column":3}},"97":{"start":{"line":320,"column":17},"end":{"line":330,"column":6}},"98":{"start":{"line":332,"column":4},"end":{"line":332,"column":19}},"99":{"start":{"line":334,"column":4},"end":{"line":334,"column":58}},"100":{"start":{"line":335,"column":4},"end":{"line":335,"column":69}},"101":{"start":{"line":340,"column":0},"end":{"line":362,"column":3}},"102":{"start":{"line":341,"column":21},"end":{"line":341,"column":31}},"103":{"start":{"line":343,"column":2},"end":{"line":361,"column":3}},"104":{"start":{"line":344,"column":17},"end":{"line":355,"column":6}},"105":{"start":{"line":357,"column":4},"end":{"line":357,"column":19}},"106":{"start":{"line":359,"column":4},"end":{"line":359,"column":57}},"107":{"start":{"line":360,"column":4},"end":{"line":360,"column":58}},"108":{"start":{"line":365,"column":0},"end":{"line":379,"column":3}},"109":{"start":{"line":366,"column":20},"end":{"line":366,"column":30}},"110":{"start":{"line":368,"column":2},"end":{"line":378,"column":3}},"111":{"start":{"line":369,"column":23},"end":{"line":369,"column":75}},"112":{"start":{"line":370,"column":16},"end":{"line":370,"column":50}},"113":{"start":{"line":371,"column":4},"end":{"line":373,"column":5}},"114":{"start":{"line":372,"column":6},"end":{"line":372,"column":62}},"115":{"start":{"line":374,"column":4},"end":{"line":374,"column":18}},"116":{"start":{"line":376,"column":4},"end":{"line":376,"column":47}},"117":{"start":{"line":377,"column":4},"end":{"line":377,"column":57}},"118":{"start":{"line":382,"column":0},"end":{"line":393,"column":3}},"119":{"start":{"line":383,"column":20},"end":{"line":383,"column":30}},"120":{"start":{"line":385,"column":2},"end":{"line":392,"column":3}},"121":{"start":{"line":386,"column":23},"end":{"line":386,"column":75}},"122":{"start":{"line":387,"column":4},"end":{"line":387,"column":50}},"123":{"start":{"line":388,"column":4},"end":{"line":388,"column":32}},"124":{"start":{"line":390,"column":4},"end":{"line":390,"column":49}},"125":{"start":{"line":391,"column":4},"end":{"line":391,"column":60}}},"fnMap":{"0":{"name":"(anonymous_0)","decl":{"start":{"line":32,"column":21},"end":{"line":32,"column":22}},"loc":{"start":{"line":32,"column":33},"end":{"line":44,"column":1}},"line":32},"1":{"name":"(anonymous_1)","decl":{"start":{"line":33,"column":9},"end":{"line":33,"column":10}},"loc":{"start":{"line":33,"column":29},"end":{"line":43,"column":3}},"line":33},"2":{"name":"(anonymous_2)","decl":{"start":{"line":47,"column":20},"end":{"line":47,"column":21}},"loc":{"start":{"line":47,"column":40},"end":{"line":54,"column":1}},"line":47},"3":{"name":"(anonymous_3)","decl":{"start":{"line":56,"column":20},"end":{"line":56,"column":21}},"loc":{"start":{"line":56,"column":34},"end":{"line":59,"column":1}},"line":56},"4":{"name":"(anonymous_4)","decl":{"start":{"line":62,"column":38},"end":{"line":62,"column":39}},"loc":{"start":{"line":62,"column":58},"end":{"line":240,"column":1}},"line":62},"5":{"name":"(anonymous_5)","decl":{"start":{"line":93,"column":6},"end":{"line":93,"column":7}},"loc":{"start":{"line":93,"column":14},"end":{"line":93,"column":27}},"line":93},"6":{"name":"(anonymous_6)","decl":{"start":{"line":174,"column":38},"end":{"line":174,"column":39}},"loc":{"start":{"line":174,"column":47},"end":{"line":186,"column":5}},"line":174},"7":{"name":"(anonymous_7)","decl":{"start":{"line":177,"column":42},"end":{"line":177,"column":43}},"loc":{"start":{"line":177,"column":51},"end":{"line":177,"column":75}},"line":177},"8":{"name":"(anonymous_8)","decl":{"start":{"line":191,"column":44},"end":{"line":191,"column":45}},"loc":{"start":{"line":191,"column":53},"end":{"line":222,"column":5}},"line":191},"9":{"name":"(anonymous_9)","decl":{"start":{"line":226,"column":6},"end":{"line":226,"column":7}},"loc":{"start":{"line":226,"column":13},"end":{"line":226,"column":36}},"line":226},"10":{"name":"(anonymous_10)","decl":{"start":{"line":229,"column":6},"end":{"line":229,"column":7}},"loc":{"start":{"line":229,"column":13},"end":{"line":229,"column":36}},"line":229},"11":{"name":"(anonymous_11)","decl":{"start":{"line":243,"column":42},"end":{"line":243,"column":43}},"loc":{"start":{"line":243,"column":62},"end":{"line":254,"column":1}},"line":243},"12":{"name":"(anonymous_12)","decl":{"start":{"line":261,"column":2},"end":{"line":261,"column":3}},"loc":{"start":{"line":261,"column":22},"end":{"line":270,"column":3}},"line":261},"13":{"name":"(anonymous_13)","decl":{"start":{"line":278,"column":2},"end":{"line":278,"column":3}},"loc":{"start":{"line":278,"column":22},"end":{"line":287,"column":3}},"line":278},"14":{"name":"(anonymous_14)","decl":{"start":{"line":295,"column":2},"end":{"line":295,"column":3}},"loc":{"start":{"line":295,"column":22},"end":{"line":312,"column":3}},"line":295},"15":{"name":"(anonymous_15)","decl":{"start":{"line":316,"column":37},"end":{"line":316,"column":38}},"loc":{"start":{"line":316,"column":57},"end":{"line":337,"column":1}},"line":316},"16":{"name":"(anonymous_16)","decl":{"start":{"line":340,"column":37},"end":{"line":340,"column":38}},"loc":{"start":{"line":340,"column":57},"end":{"line":362,"column":1}},"line":340},"17":{"name":"(anonymous_17)","decl":{"start":{"line":365,"column":22},"end":{"line":365,"column":23}},"loc":{"start":{"line":365,"column":42},"end":{"line":379,"column":1}},"line":365},"18":{"name":"(anonymous_18)","decl":{"start":{"line":382,"column":43},"end":{"line":382,"column":44}},"loc":{"start":{"line":382,"column":63},"end":{"line":393,"column":1}},"line":382}},"branchMap":{"0":{"loc":{"start":{"line":49,"column":2},"end":{"line":51,"column":3}},"type":"if","locations":[{"start":{"line":49,"column":2},"end":{"line":51,"column":3}},{"start":{},"end":{}}],"line":49},"1":{"loc":{"start":{"line":86,"column":4},"end":{"line":89,"column":5}},"type":"if","locations":[{"start":{"line":86,"column":4},"end":{"line":89,"column":5}},{"start":{},"end":{}}],"line":86},"2":{"loc":{"start":{"line":86,"column":8},"end":{"line":86,"column":39}},"type":"binary-expr","locations":[{"start":{"line":86,"column":8},"end":{"line":86,"column":17}},{"start":{"line":86,"column":21},"end":{"line":86,"column":39}}],"line":86},"3":{"loc":{"start":{"line":97,"column":4},"end":{"line":100,"column":5}},"type":"if","locations":[{"start":{"line":97,"column":4},"end":{"line":100,"column":5}},{"start":{},"end":{}}],"line":97},"4":{"loc":{"start":{"line":175,"column":6},"end":{"line":184,"column":7}},"type":"if","locations":[{"start":{"line":175,"column":6},"end":{"line":184,"column":7}},{"start":{},"end":{}}],"line":175},"5":{"loc":{"start":{"line":178,"column":8},"end":{"line":183,"column":9}},"type":"if","locations":[{"start":{"line":178,"column":8},"end":{"line":183,"column":9}},{"start":{},"end":{}}],"line":178},"6":{"loc":{"start":{"line":197,"column":6},"end":{"line":201,"column":7}},"type":"if","locations":[{"start":{"line":197,"column":6},"end":{"line":201,"column":7}},{"start":{},"end":{}}],"line":197},"7":{"loc":{"start":{"line":197,"column":10},"end":{"line":197,"column":56}},"type":"binary-expr","locations":[{"start":{"line":197,"column":10},"end":{"line":197,"column":35}},{"start":{"line":197,"column":39},"end":{"line":197,"column":56}}],"line":197},"8":{"loc":{"start":{"line":303,"column":6},"end":{"line":308,"column":7}},"type":"if","locations":[{"start":{"line":303,"column":6},"end":{"line":308,"column":7}},{"start":{},"end":{}}],"line":303},"9":{"loc":{"start":{"line":304,"column":8},"end":{"line":305,"column":54}},"type":"binary-expr","locations":[{"start":{"line":304,"column":8},"end":{"line":304,"column":45}},{"start":{"line":305,"column":8},"end":{"line":305,"column":54}}],"line":304},"10":{"loc":{"start":{"line":371,"column":4},"end":{"line":373,"column":5}},"type":"if","locations":[{"start":{"line":371,"column":4},"end":{"line":373,"column":5}},{"start":{},"end":{}}],"line":371}},"s":{"0":11,"1":11,"2":11,"3":11,"4":11,"5":33,"6":15,"7":15,"8":12,"9":3,"10":11,"11":28,"12":28,"13":4,"14":24,"15":24,"16":11,"17":2,"18":2,"19":11,"20":4,"21":4,"22":4,"23":4,"24":4,"25":4,"26":4,"27":0,"28":0,"29":4,"30":4,"31":4,"32":4,"33":0,"34":0,"35":4,"36":4,"37":4,"38":131,"39":0,"40":0,"41":0,"42":0,"43":0,"44":131,"45":4,"46":4,"47":131,"48":131,"49":131,"50":131,"51":131,"52":131,"53":131,"54":4,"55":131,"56":4,"57":131,"58":4,"59":4,"60":0,"61":0,"62":11,"63":1,"64":1,"65":1,"66":1,"67":1,"68":0,"69":0,"70":11,"71":2,"72":2,"73":2,"74":2,"75":0,"76":0,"77":11,"78":1,"79":1,"80":1,"81":1,"82":0,"83":0,"84":11,"85":9,"86":9,"87":9,"88":9,"89":4,"90":5,"91":5,"92":5,"93":0,"94":11,"95":2,"96":2,"97":2,"98":2,"99":0,"100":0,"101":11,"102":1,"103":1,"104":1,"105":1,"106":0,"107":0,"108":11,"109":6,"110":6,"111":6,"112":6,"113":6,"114":1,"115":5,"116":0,"117":0,"118":11,"119":2,"120":2,"121":2,"122":2,"123":2,"124":0,"125":0},"f":{"0":33,"1":15,"2":28,"3":2,"4":4,"5":4,"6":131,"7":0,"8":131,"9":131,"10":131,"11":1,"12":2,"13":1,"14":9,"15":2,"16":1,"17":6,"18":2},"b":{"0":[4,24],"1":[0,4],"2":[4,4],"3":[0,4],"4":[0,131],"5":[0,0],"6":[131,0],"7":[131,131],"8":[5,0],"9":[5,2],"10":[1,5]},"_coverageSchema":"1a1c01bbd47fc00a2c39e90264f33305004495a9","hash":"4f2f6c6f0cdec29062ca0c520c73ce3d5e17ab25"}
,"/Applications/MAMP/htdocs/marketplace/backend/src/routes/users.js": {"path":"/Applications/MAMP/htdocs/marketplace/backend/src/routes/users.js","statementMap":{"0":{"start":{"line":5,"column":15},"end":{"line":5,"column":23}},"1":{"start":{"line":7,"column":25},"end":{"line":12,"column":2}},"2":{"start":{"line":15,"column":0},"end":{"line":46,"column":3}},"3":{"start":{"line":16,"column":17},"end":{"line":16,"column":41}},"4":{"start":{"line":17,"column":2},"end":{"line":19,"column":3}},"5":{"start":{"line":18,"column":4},"end":{"line":18,"column":63}},"6":{"start":{"line":21,"column":2},"end":{"line":45,"column":3}},"7":{"start":{"line":22,"column":17},"end":{"line":35,"column":6}},"8":{"start":{"line":37,"column":4},"end":{"line":39,"column":5}},"9":{"start":{"line":38,"column":6},"end":{"line":38,"column":63}},"10":{"start":{"line":41,"column":4},"end":{"line":41,"column":19}},"11":{"start":{"line":43,"column":4},"end":{"line":43,"column":56}},"12":{"start":{"line":44,"column":4},"end":{"line":44,"column":66}},"13":{"start":{"line":49,"column":0},"end":{"line":68,"column":3}},"14":{"start":{"line":50,"column":2},"end":{"line":54,"column":3}},"15":{"start":{"line":51,"column":4},"end":{"line":51,"column":37}},"16":{"start":{"line":53,"column":4},"end":{"line":53,"column":90}},"17":{"start":{"line":56,"column":2},"end":{"line":67,"column":3}},"18":{"start":{"line":57,"column":17},"end":{"line":61,"column":6}},"19":{"start":{"line":63,"column":4},"end":{"line":63,"column":31}},"20":{"start":{"line":65,"column":4},"end":{"line":65,"column":58}},"21":{"start":{"line":66,"column":4},"end":{"line":66,"column":68}},"22":{"start":{"line":71,"column":0},"end":{"line":99,"column":3}},"23":{"start":{"line":72,"column":20},"end":{"line":72,"column":30}},"24":{"start":{"line":74,"column":2},"end":{"line":98,"column":3}},"25":{"start":{"line":75,"column":17},"end":{"line":88,"column":6}},"26":{"start":{"line":90,"column":4},"end":{"line":92,"column":5}},"27":{"start":{"line":91,"column":6},"end":{"line":91,"column":63}},"28":{"start":{"line":94,"column":4},"end":{"line":94,"column":19}},"29":{"start":{"line":96,"column":4},"end":{"line":96,"column":57}},"30":{"start":{"line":97,"column":4},"end":{"line":97,"column":58}}},"fnMap":{"0":{"name":"(anonymous_0)","decl":{"start":{"line":15,"column":23},"end":{"line":15,"column":24}},"loc":{"start":{"line":15,"column":43},"end":{"line":46,"column":1}},"line":15},"1":{"name":"(anonymous_1)","decl":{"start":{"line":49,"column":17},"end":{"line":49,"column":18}},"loc":{"start":{"line":49,"column":37},"end":{"line":68,"column":1}},"line":49},"2":{"name":"(anonymous_2)","decl":{"start":{"line":71,"column":31},"end":{"line":71,"column":32}},"loc":{"start":{"line":71,"column":51},"end":{"line":99,"column":1}},"line":71}},"branchMap":{"0":{"loc":{"start":{"line":17,"column":2},"end":{"line":19,"column":3}},"type":"if","locations":[{"start":{"line":17,"column":2},"end":{"line":19,"column":3}},{"start":{},"end":{}}],"line":17},"1":{"loc":{"start":{"line":37,"column":4},"end":{"line":39,"column":5}},"type":"if","locations":[{"start":{"line":37,"column":4},"end":{"line":39,"column":5}},{"start":{},"end":{}}],"line":37},"2":{"loc":{"start":{"line":90,"column":4},"end":{"line":92,"column":5}},"type":"if","locations":[{"start":{"line":90,"column":4},"end":{"line":92,"column":5}},{"start":{},"end":{}}],"line":90}},"s":{"0":11,"1":11,"2":11,"3":3,"4":3,"5":1,"6":2,"7":2,"8":2,"9":1,"10":1,"11":0,"12":0,"13":11,"14":6,"15":6,"16":1,"17":5,"18":5,"19":5,"20":0,"21":0,"22":11,"23":2,"24":2,"25":2,"26":2,"27":1,"28":1,"29":0,"30":0},"f":{"0":3,"1":6,"2":2},"b":{"0":[1,2],"1":[1,1],"2":[1,1]},"_coverageSchema":"1a1c01bbd47fc00a2c39e90264f33305004495a9","hash":"709bad3e82a81166cbb98cc7c85313487a39f4f4"}
,"/Applications/MAMP/htdocs/marketplace/backend/src/services/job.js": {"path":"/Applications/MAMP/htdocs/marketplace/backend/src/services/job.js","statementMap":{"0":{"start":{"line":6,"column":4},"end":{"line":6,"column":25}},"1":{"start":{"line":7,"column":4},"end":{"line":7,"column":31}},"2":{"start":{"line":11,"column":4},"end":{"line":48,"column":5}},"3":{"start":{"line":13,"column":28},"end":{"line":22,"column":8}},"4":{"start":{"line":24,"column":6},"end":{"line":32,"column":7}},"5":{"start":{"line":26,"column":8},"end":{"line":31,"column":10}},"6":{"start":{"line":34,"column":21},"end":{"line":36,"column":30}},"7":{"start":{"line":35,"column":22},"end":{"line":35,"column":36}},"8":{"start":{"line":36,"column":24},"end":{"line":36,"column":29}},"9":{"start":{"line":37,"column":20},"end":{"line":37,"column":33}},"10":{"start":{"line":39,"column":6},"end":{"line":44,"column":8}},"11":{"start":{"line":46,"column":6},"end":{"line":46,"column":60}},"12":{"start":{"line":47,"column":6},"end":{"line":47,"column":18}},"13":{"start":{"line":52,"column":4},"end":{"line":96,"column":5}},"14":{"start":{"line":54,"column":28},"end":{"line":54,"column":75}},"15":{"start":{"line":55,"column":29},"end":{"line":55,"column":46}},"16":{"start":{"line":58,"column":32},"end":{"line":58,"column":42}},"17":{"start":{"line":59,"column":6},"end":{"line":61,"column":8}},"18":{"start":{"line":63,"column":18},"end":{"line":87,"column":8}},"19":{"start":{"line":90,"column":6},"end":{"line":90,"column":44}},"20":{"start":{"line":92,"column":6},"end":{"line":92,"column":17}},"21":{"start":{"line":94,"column":6},"end":{"line":94,"column":61}},"22":{"start":{"line":95,"column":6},"end":{"line":95,"column":18}},"23":{"start":{"line":100,"column":4},"end":{"line":155,"column":5}},"24":{"start":{"line":102,"column":23},"end":{"line":102,"column":24}},"25":{"start":{"line":103,"column":24},"end":{"line":121,"column":7}},"26":{"start":{"line":123,"column":6},"end":{"line":125,"column":8}},"27":{"start":{"line":128,"column":6},"end":{"line":149,"column":7}},"28":{"start":{"line":129,"column":25},"end":{"line":134,"column":9}},"29":{"start":{"line":136,"column":8},"end":{"line":148,"column":11}},"30":{"start":{"line":151,"column":6},"end":{"line":151,"column":30}},"31":{"start":{"line":153,"column":6},"end":{"line":153,"column":57}},"32":{"start":{"line":154,"column":6},"end":{"line":154,"column":18}},"33":{"start":{"line":161,"column":4},"end":{"line":321,"column":5}},"34":{"start":{"line":162,"column":6},"end":{"line":164,"column":8}},"35":{"start":{"line":167,"column":21},"end":{"line":270,"column":8}},"36":{"start":{"line":169,"column":20},"end":{"line":175,"column":10}},"37":{"start":{"line":177,"column":8},"end":{"line":179,"column":9}},"38":{"start":{"line":178,"column":10},"end":{"line":178,"column":43}},"39":{"start":{"line":181,"column":8},"end":{"line":183,"column":9}},"40":{"start":{"line":182,"column":10},"end":{"line":182,"column":57}},"41":{"start":{"line":185,"column":8},"end":{"line":187,"column":9}},"42":{"start":{"line":186,"column":10},"end":{"line":186,"column":56}},"43":{"start":{"line":189,"column":8},"end":{"line":191,"column":9}},"44":{"start":{"line":190,"column":10},"end":{"line":190,"column":47}},"45":{"start":{"line":193,"column":8},"end":{"line":195,"column":9}},"46":{"start":{"line":194,"column":10},"end":{"line":194,"column":56}},"47":{"start":{"line":198,"column":25},"end":{"line":209,"column":10}},"48":{"start":{"line":211,"column":8},"end":{"line":213,"column":9}},"49":{"start":{"line":212,"column":10},"end":{"line":212,"column":56}},"50":{"start":{"line":215,"column":8},"end":{"line":217,"column":9}},"51":{"start":{"line":216,"column":10},"end":{"line":216,"column":55}},"52":{"start":{"line":219,"column":8},"end":{"line":221,"column":9}},"53":{"start":{"line":220,"column":10},"end":{"line":220,"column":74}},"54":{"start":{"line":224,"column":27},"end":{"line":235,"column":10}},"55":{"start":{"line":238,"column":8},"end":{"line":240,"column":9}},"56":{"start":{"line":239,"column":10},"end":{"line":239,"column":47}},"57":{"start":{"line":243,"column":25},"end":{"line":254,"column":10}},"58":{"start":{"line":257,"column":23},"end":{"line":263,"column":10}},"59":{"start":{"line":265,"column":8},"end":{"line":269,"column":10}},"60":{"start":{"line":272,"column":6},"end":{"line":274,"column":8}},"61":{"start":{"line":277,"column":6},"end":{"line":310,"column":7}},"62":{"start":{"line":278,"column":8},"end":{"line":306,"column":9}},"63":{"start":{"line":280,"column":10},"end":{"line":291,"column":13}},"64":{"start":{"line":294,"column":10},"end":{"line":305,"column":13}},"65":{"start":{"line":308,"column":8},"end":{"line":308,"column":64}},"66":{"start":{"line":312,"column":6},"end":{"line":317,"column":8}},"67":{"start":{"line":319,"column":6},"end":{"line":319,"column":51}},"68":{"start":{"line":320,"column":6},"end":{"line":320,"column":18}},"69":{"start":{"line":325,"column":4},"end":{"line":364,"column":5}},"70":{"start":{"line":327,"column":28},"end":{"line":327,"column":38}},"71":{"start":{"line":328,"column":6},"end":{"line":328,"column":60}},"72":{"start":{"line":330,"column":18},"end":{"line":355,"column":8}},"73":{"start":{"line":358,"column":6},"end":{"line":358,"column":44}},"74":{"start":{"line":360,"column":6},"end":{"line":360,"column":17}},"75":{"start":{"line":362,"column":6},"end":{"line":362,"column":61}},"76":{"start":{"line":363,"column":6},"end":{"line":363,"column":18}},"77":{"start":{"line":368,"column":4},"end":{"line":407,"column":5}},"78":{"start":{"line":369,"column":6},"end":{"line":369,"column":66}},"79":{"start":{"line":372,"column":6},"end":{"line":372,"column":59}},"80":{"start":{"line":375,"column":6},"end":{"line":388,"column":24}},"81":{"start":{"line":376,"column":8},"end":{"line":387,"column":9}},"82":{"start":{"line":377,"column":10},"end":{"line":377,"column":61}},"83":{"start":{"line":378,"column":10},"end":{"line":384,"column":13}},"84":{"start":{"line":386,"column":10},"end":{"line":386,"column":62}},"85":{"start":{"line":391,"column":6},"end":{"line":404,"column":25}},"86":{"start":{"line":392,"column":8},"end":{"line":403,"column":9}},"87":{"start":{"line":393,"column":10},"end":{"line":393,"column":63}},"88":{"start":{"line":394,"column":10},"end":{"line":400,"column":13}},"89":{"start":{"line":402,"column":10},"end":{"line":402,"column":62}},"90":{"start":{"line":406,"column":6},"end":{"line":406,"column":64}},"91":{"start":{"line":413,"column":4},"end":{"line":517,"column":5}},"92":{"start":{"line":416,"column":6},"end":{"line":476,"column":7}},"93":{"start":{"line":418,"column":8},"end":{"line":464,"column":9}},"94":{"start":{"line":420,"column":10},"end":{"line":441,"column":10}},"95":{"start":{"line":444,"column":10},"end":{"line":463,"column":10}},"96":{"start":{"line":467,"column":8},"end":{"line":475,"column":8}},"97":{"start":{"line":478,"column":6},"end":{"line":482,"column":8}},"98":{"start":{"line":485,"column":6},"end":{"line":511,"column":7}},"99":{"start":{"line":486,"column":23},"end":{"line":486,"column":27}},"100":{"start":{"line":487,"column":8},"end":{"line":494,"column":9}},"101":{"start":{"line":488,"column":10},"end":{"line":493,"column":12}},"102":{"start":{"line":496,"column":8},"end":{"line":510,"column":11}},"103":{"start":{"line":513,"column":6},"end":{"line":513,"column":30}},"104":{"start":{"line":515,"column":6},"end":{"line":515,"column":65}},"105":{"start":{"line":516,"column":6},"end":{"line":516,"column":18}},"106":{"start":{"line":521,"column":4},"end":{"line":533,"column":7}},"107":{"start":{"line":537,"column":4},"end":{"line":545,"column":7}},"108":{"start":{"line":550,"column":21},"end":{"line":559,"column":6}},"109":{"start":{"line":561,"column":4},"end":{"line":568,"column":5}},"110":{"start":{"line":567,"column":6},"end":{"line":567,"column":16}},"111":{"start":{"line":570,"column":24},"end":{"line":570,"column":70}},"112":{"start":{"line":570,"column":56},"end":{"line":570,"column":69}},"113":{"start":{"line":573,"column":17},"end":{"line":588,"column":6}},"114":{"start":{"line":591,"column":23},"end":{"line":602,"column":46}},"115":{"start":{"line":592,"column":21},"end":{"line":600,"column":7}},"116":{"start":{"line":601,"column":23},"end":{"line":601,"column":40}},"117":{"start":{"line":602,"column":22},"end":{"line":602,"column":45}},"118":{"start":{"line":604,"column":4},"end":{"line":604,"column":22}},"119":{"start":{"line":608,"column":4},"end":{"line":629,"column":7}},"120":{"start":{"line":633,"column":16},"end":{"line":636,"column":6}},"121":{"start":{"line":638,"column":4},"end":{"line":640,"column":5}},"122":{"start":{"line":639,"column":6},"end":{"line":639,"column":39}},"123":{"start":{"line":642,"column":4},"end":{"line":644,"column":5}},"124":{"start":{"line":643,"column":6},"end":{"line":643,"column":38}},"125":{"start":{"line":646,"column":4},"end":{"line":648,"column":5}},"126":{"start":{"line":647,"column":6},"end":{"line":647,"column":48}},"127":{"start":{"line":652,"column":6},"end":{"line":654,"column":33}},"128":{"start":{"line":656,"column":23},"end":{"line":661,"column":6}},"129":{"start":{"line":664,"column":4},"end":{"line":671,"column":5}},"130":{"start":{"line":665,"column":6},"end":{"line":670,"column":9}},"131":{"start":{"line":674,"column":4},"end":{"line":680,"column":5}},"132":{"start":{"line":675,"column":6},"end":{"line":679,"column":9}},"133":{"start":{"line":682,"column":4},"end":{"line":688,"column":5}},"134":{"start":{"line":683,"column":6},"end":{"line":687,"column":9}},"135":{"start":{"line":690,"column":4},"end":{"line":690,"column":22}}},"fnMap":{"0":{"name":"(anonymous_0)","decl":{"start":{"line":5,"column":2},"end":{"line":5,"column":3}},"loc":{"start":{"line":5,"column":33},"end":{"line":8,"column":3}},"line":5},"1":{"name":"(anonymous_1)","decl":{"start":{"line":10,"column":2},"end":{"line":10,"column":3}},"loc":{"start":{"line":10,"column":37},"end":{"line":49,"column":3}},"line":10},"2":{"name":"(anonymous_2)","decl":{"start":{"line":35,"column":13},"end":{"line":35,"column":14}},"loc":{"start":{"line":35,"column":22},"end":{"line":35,"column":36}},"line":35},"3":{"name":"(anonymous_3)","decl":{"start":{"line":36,"column":14},"end":{"line":36,"column":15}},"loc":{"start":{"line":36,"column":24},"end":{"line":36,"column":29}},"line":36},"4":{"name":"(anonymous_4)","decl":{"start":{"line":51,"column":2},"end":{"line":51,"column":3}},"loc":{"start":{"line":51,"column":48},"end":{"line":97,"column":3}},"line":51},"5":{"name":"(anonymous_5)","decl":{"start":{"line":99,"column":2},"end":{"line":99,"column":3}},"loc":{"start":{"line":99,"column":35},"end":{"line":156,"column":3}},"line":99},"6":{"name":"(anonymous_6)","decl":{"start":{"line":160,"column":2},"end":{"line":160,"column":3}},"loc":{"start":{"line":160,"column":46},"end":{"line":322,"column":3}},"line":160},"7":{"name":"(anonymous_7)","decl":{"start":{"line":167,"column":52},"end":{"line":167,"column":53}},"loc":{"start":{"line":167,"column":70},"end":{"line":270,"column":7}},"line":167},"8":{"name":"(anonymous_8)","decl":{"start":{"line":324,"column":2},"end":{"line":324,"column":3}},"loc":{"start":{"line":324,"column":48},"end":{"line":365,"column":3}},"line":324},"9":{"name":"(anonymous_9)","decl":{"start":{"line":367,"column":2},"end":{"line":367,"column":3}},"loc":{"start":{"line":367,"column":35},"end":{"line":408,"column":3}},"line":367},"10":{"name":"(anonymous_10)","decl":{"start":{"line":375,"column":17},"end":{"line":375,"column":18}},"loc":{"start":{"line":375,"column":29},"end":{"line":388,"column":7}},"line":375},"11":{"name":"(anonymous_11)","decl":{"start":{"line":391,"column":17},"end":{"line":391,"column":18}},"loc":{"start":{"line":391,"column":29},"end":{"line":404,"column":7}},"line":391},"12":{"name":"(anonymous_12)","decl":{"start":{"line":412,"column":2},"end":{"line":412,"column":3}},"loc":{"start":{"line":412,"column":63},"end":{"line":518,"column":3}},"line":412},"13":{"name":"(anonymous_13)","decl":{"start":{"line":520,"column":2},"end":{"line":520,"column":3}},"loc":{"start":{"line":520,"column":36},"end":{"line":534,"column":3}},"line":520},"14":{"name":"(anonymous_14)","decl":{"start":{"line":536,"column":2},"end":{"line":536,"column":3}},"loc":{"start":{"line":536,"column":36},"end":{"line":546,"column":3}},"line":536},"15":{"name":"(anonymous_15)","decl":{"start":{"line":548,"column":2},"end":{"line":548,"column":3}},"loc":{"start":{"line":548,"column":48},"end":{"line":605,"column":3}},"line":548},"16":{"name":"(anonymous_16)","decl":{"start":{"line":570,"column":48},"end":{"line":570,"column":49}},"loc":{"start":{"line":570,"column":56},"end":{"line":570,"column":69}},"line":570},"17":{"name":"(anonymous_17)","decl":{"start":{"line":592,"column":11},"end":{"line":592,"column":12}},"loc":{"start":{"line":592,"column":21},"end":{"line":600,"column":7}},"line":592},"18":{"name":"(anonymous_18)","decl":{"start":{"line":601,"column":14},"end":{"line":601,"column":15}},"loc":{"start":{"line":601,"column":23},"end":{"line":601,"column":40}},"line":601},"19":{"name":"(anonymous_19)","decl":{"start":{"line":602,"column":12},"end":{"line":602,"column":13}},"loc":{"start":{"line":602,"column":22},"end":{"line":602,"column":45}},"line":602},"20":{"name":"(anonymous_20)","decl":{"start":{"line":607,"column":2},"end":{"line":607,"column":3}},"loc":{"start":{"line":607,"column":26},"end":{"line":630,"column":3}},"line":607},"21":{"name":"(anonymous_21)","decl":{"start":{"line":632,"column":2},"end":{"line":632,"column":3}},"loc":{"start":{"line":632,"column":33},"end":{"line":691,"column":3}},"line":632}},"branchMap":{"0":{"loc":{"start":{"line":24,"column":6},"end":{"line":32,"column":7}},"type":"if","locations":[{"start":{"line":24,"column":6},"end":{"line":32,"column":7}},{"start":{},"end":{}}],"line":24},"1":{"loc":{"start":{"line":40,"column":24},"end":{"line":40,"column":68}},"type":"binary-expr","locations":[{"start":{"line":40,"column":24},"end":{"line":40,"column":55}},{"start":{"line":40,"column":59},"end":{"line":40,"column":68}}],"line":40},"2":{"loc":{"start":{"line":42,"column":24},"end":{"line":42,"column":76}},"type":"binary-expr","locations":[{"start":{"line":42,"column":24},"end":{"line":42,"column":55}},{"start":{"line":42,"column":59},"end":{"line":42,"column":76}}],"line":42},"3":{"loc":{"start":{"line":177,"column":8},"end":{"line":179,"column":9}},"type":"if","locations":[{"start":{"line":177,"column":8},"end":{"line":179,"column":9}},{"start":{},"end":{}}],"line":177},"4":{"loc":{"start":{"line":181,"column":8},"end":{"line":183,"column":9}},"type":"if","locations":[{"start":{"line":181,"column":8},"end":{"line":183,"column":9}},{"start":{},"end":{}}],"line":181},"5":{"loc":{"start":{"line":185,"column":8},"end":{"line":187,"column":9}},"type":"if","locations":[{"start":{"line":185,"column":8},"end":{"line":187,"column":9}},{"start":{},"end":{}}],"line":185},"6":{"loc":{"start":{"line":189,"column":8},"end":{"line":191,"column":9}},"type":"if","locations":[{"start":{"line":189,"column":8},"end":{"line":191,"column":9}},{"start":{},"end":{}}],"line":189},"7":{"loc":{"start":{"line":193,"column":8},"end":{"line":195,"column":9}},"type":"if","locations":[{"start":{"line":193,"column":8},"end":{"line":195,"column":9}},{"start":{},"end":{}}],"line":193},"8":{"loc":{"start":{"line":211,"column":8},"end":{"line":213,"column":9}},"type":"if","locations":[{"start":{"line":211,"column":8},"end":{"line":213,"column":9}},{"start":{},"end":{}}],"line":211},"9":{"loc":{"start":{"line":211,"column":12},"end":{"line":211,"column":43}},"type":"binary-expr","locations":[{"start":{"line":211,"column":12},"end":{"line":211,"column":21}},{"start":{"line":211,"column":25},"end":{"line":211,"column":43}}],"line":211},"10":{"loc":{"start":{"line":215,"column":8},"end":{"line":217,"column":9}},"type":"if","locations":[{"start":{"line":215,"column":8},"end":{"line":217,"column":9}},{"start":{},"end":{}}],"line":215},"11":{"loc":{"start":{"line":219,"column":8},"end":{"line":221,"column":9}},"type":"if","locations":[{"start":{"line":219,"column":8},"end":{"line":221,"column":9}},{"start":{},"end":{}}],"line":219},"12"
[...]
umn":50}},"27":{"start":{"line":70,"column":8},"end":{"line":70,"column":14}},"28":{"start":{"line":72,"column":8},"end":{"line":72,"column":59}},"29":{"start":{"line":77,"column":33},"end":{"line":77,"column":40}},"30":{"start":{"line":79,"column":4},"end":{"line":87,"column":5}},"31":{"start":{"line":80,"column":6},"end":{"line":85,"column":8}},"32":{"start":{"line":86,"column":6},"end":{"line":86,"column":13}},"33":{"start":{"line":90,"column":4},"end":{"line":90,"column":37}},"34":{"start":{"line":91,"column":4},"end":{"line":91,"column":41}},"35":{"start":{"line":93,"column":4},"end":{"line":99,"column":6}},"36":{"start":{"line":101,"column":4},"end":{"line":101,"column":62}},"37":{"start":{"line":106,"column":23},"end":{"line":106,"column":55}},"38":{"start":{"line":107,"column":4},"end":{"line":126,"column":5}},"39":{"start":{"line":109,"column":6},"end":{"line":123,"column":7}},"40":{"start":{"line":110,"column":8},"end":{"line":115,"column":10}},"41":{"start":{"line":116,"column":8},"end":{"line":116,"column":79}},"42":{"start":{"line":118,"column":8},"end":{"line":121,"column":10}},"43":{"start":{"line":122,"column":8},"end":{"line":122,"column":44}},"44":{"start":{"line":125,"column":6},"end":{"line":125,"column":58}},"45":{"start":{"line":131,"column":23},"end":{"line":131,"column":55}},"46":{"start":{"line":132,"column":4},"end":{"line":151,"column":5}},"47":{"start":{"line":134,"column":6},"end":{"line":148,"column":7}},"48":{"start":{"line":135,"column":8},"end":{"line":140,"column":10}},"49":{"start":{"line":141,"column":8},"end":{"line":141,"column":79}},"50":{"start":{"line":143,"column":8},"end":{"line":146,"column":10}},"51":{"start":{"line":147,"column":8},"end":{"line":147,"column":44}},"52":{"start":{"line":150,"column":6},"end":{"line":150,"column":58}},"53":{"start":{"line":156,"column":20},"end":{"line":156,"column":21}},"54":{"start":{"line":158,"column":4},"end":{"line":176,"column":5}},"55":{"start":{"line":159,"column":33},"end":{"line":159,"column":59}},"56":{"start":{"line":161,"column":6},"end":{"line":175,"column":7}},"57":{"start":{"line":162,"column":8},"end":{"line":174,"column":9}},"58":{"start":{"line":163,"column":10},"end":{"line":168,"column":12}},"59":{"start":{"line":169,"column":10},"end":{"line":169,"column":22}},"60":{"start":{"line":171,"column":10},"end":{"line":171,"column":79}},"61":{"start":{"line":172,"column":10},"end":{"line":172,"column":42}},"62":{"start":{"line":173,"column":10},"end":{"line":173,"column":40}},"63":{"start":{"line":178,"column":4},"end":{"line":178,"column":75}},"64":{"start":{"line":179,"column":4},"end":{"line":179,"column":21}},"65":{"start":{"line":184,"column":20},"end":{"line":184,"column":21}},"66":{"start":{"line":186,"column":4},"end":{"line":202,"column":5}},"67":{"start":{"line":187,"column":6},"end":{"line":201,"column":7}},"68":{"start":{"line":188,"column":8},"end":{"line":200,"column":9}},"69":{"start":{"line":189,"column":10},"end":{"line":194,"column":12}},"70":{"start":{"line":195,"column":10},"end":{"line":195,"column":22}},"71":{"start":{"line":197,"column":10},"end":{"line":197,"column":72}},"72":{"start":{"line":198,"column":10},"end":{"line":198,"column":42}},"73":{"start":{"line":199,"column":10},"end":{"line":199,"column":40}},"74":{"start":{"line":204,"column":4},"end":{"line":204,"column":68}},"75":{"start":{"line":205,"column":4},"end":{"line":205,"column":21}},"76":{"start":{"line":210,"column":4},"end":{"line":215,"column":6}},"77":{"start":{"line":220,"column":4},"end":{"line":220,"column":29}},"78":{"start":{"line":225,"column":4},"end":{"line":230,"column":5}},"79":{"start":{"line":226,"column":6},"end":{"line":226,"column":23}},"80":{"start":{"line":227,"column":6},"end":{"line":227,"column":31}},"81":{"start":{"line":228,"column":6},"end":{"line":228,"column":29}},"82":{"start":{"line":229,"column":6},"end":{"line":229,"column":45}}},"fnMap":{"0":{"name":"(anonymous_0)","decl":{"start":{"line":5,"column":2},"end":{"line":5,"column":3}},"loc":{"start":{"line":5,"column":16},"end":{"line":9,"column":3}},"line":5},"1":{"name":"(anonymous_1)","decl":{"start":{"line":11,"column":2},"end":{"line":11,"column":3}},"loc":{"start":{"line":11,"column":21},"end":{"line":61,"column":3}},"line":11},"2":{"name":"(anonymous_2)","decl":{"start":{"line":17,"column":30},"end":{"line":17,"column":31}},"loc":{"start":{"line":17,"column":47},"end":{"line":58,"column":5}},"line":17},"3":{"name":"(anonymous_3)","decl":{"start":{"line":20,"column":23},"end":{"line":20,"column":24}},"loc":{"start":{"line":20,"column":33},"end":{"line":33,"column":7}},"line":20},"4":{"name":"(anonymous_4)","decl":{"start":{"line":35,"column":21},"end":{"line":35,"column":22}},"loc":{"start":{"line":35,"column":27},"end":{"line":45,"column":7}},"line":35},"5":{"name":"(anonymous_5)","decl":{"start":{"line":47,"column":21},"end":{"line":47,"column":22}},"loc":{"start":{"line":47,"column":32},"end":{"line":49,"column":7}},"line":47},"6":{"name":"(anonymous_6)","decl":{"start":{"line":63,"column":2},"end":{"line":63,"column":3}},"loc":{"start":{"line":63,"column":29},"end":{"line":74,"column":3}},"line":63},"7":{"name":"(anonymous_7)","decl":{"start":{"line":76,"column":2},"end":{"line":76,"column":3}},"loc":{"start":{"line":76,"column":38},"end":{"line":102,"column":3}},"line":76},"8":{"name":"(anonymous_8)","decl":{"start":{"line":105,"column":2},"end":{"line":105,"column":3}},"loc":{"start":{"line":105,"column":35},"end":{"line":127,"column":3}},"line":105},"9":{"name":"(anonymous_9)","decl":{"start":{"line":130,"column":2},"end":{"line":130,"column":3}},"loc":{"start":{"line":130,"column":35},"end":{"line":152,"column":3}},"line":130},"10":{"name":"(anonymous_10)","decl":{"start":{"line":155,"column":2},"end":{"line":155,"column":3}},"loc":{"start":{"line":155,"column":28},"end":{"line":180,"column":3}},"line":155},"11":{"name":"(anonymous_11)","decl":{"start":{"line":183,"column":2},"end":{"line":183,"column":3}},"loc":{"start":{"line":183,"column":21},"end":{"line":206,"column":3}},"line":183},"12":{"name":"(anonymous_12)","decl":{"start":{"line":209,"column":2},"end":{"line":209,"column":3}},"loc":{"start":{"line":209,"column":13},"end":{"line":216,"column":3}},"line":209},"13":{"name":"(anonymous_13)","decl":{"start":{"line":219,"column":2},"end":{"line":219,"column":3}},"loc":{"start":{"line":219,"column":14},"end":{"line":221,"column":3}},"line":219},"14":{"name":"(anonymous_14)","decl":{"start":{"line":224,"column":2},"end":{"line":224,"column":3}},"loc":{"start":{"line":224,"column":10},"end":{"line":231,"column":3}},"line":224}},"branchMap":{"0":{"loc":{"start":{"line":38,"column":10},"end":{"line":43,"column":11}},"type":"if","locations":[{"start":{"line":38,"column":10},"end":{"line":43,"column":11}},{"start":{},"end":{}}],"line":38},"1":{"loc":{"start":{"line":64,"column":4},"end":{"line":73,"column":5}},"type":"switch","locations":[{"start":{"line":65,"column":6},"end":{"line":67,"column":14}},{"start":{"line":68,"column":6},"end":{"line":70,"column":14}},{"start":{"line":71,"column":6},"end":{"line":72,"column":59}}],"line":64},"2":{"loc":{"start":{"line":79,"column":4},"end":{"line":87,"column":5}},"type":"if","locations":[{"start":{"line":79,"column":4},"end":{"line":87,"column":5}},{"start":{},"end":{}}],"line":79},"3":{"loc":{"start":{"line":79,"column":8},"end":{"line":79,"column":28}},"type":"binary-expr","locations":[{"start":{"line":79,"column":8},"end":{"line":79,"column":15}},{"start":{"line":79,"column":19},"end":{"line":79,"column":28}}],"line":79},"4":{"loc":{"start":{"line":107,"column":4},"end":{"line":126,"column":5}},"type":"if","locations":[{"start":{"line":107,"column":4},"end":{"line":126,"column":5}},{"start":{"line":124,"column":11},"end":{"line":126,"column":5}}],"line":107},"5":{"loc":{"start":{"line":107,"column":8},"end":{"line":107,"column":49}},"type":"binary-expr","locations":[{"start":{"line":107,"column":8},"end":{"line":107,"column":18}},{"start":{"line":107,"column":22},"end":{"line":107,"column":49}}],"line":107},"6":{"loc":{"start":{"line":132,"column":4},"end":{"line":151,"column":5}},"type":"if","locations":[{"start":{"line":132,"column":4},"end":{"line":151,"column":5}},{"start":{"line":149,"column":11},"end":{"line":151,"column":5}}],"line":132},"7":{"loc":{"start":{"line":132,"column":8},"end":{"line":132,"column":49}},"type":"binary-expr","locations":[{"start":{"line":132,"column":8},"end":{"line":132,"column":18}},{"start":{"line":132,"column":22},"end":{"line":132,"column":49}}],"line":132},"8":{"loc":{"start":{"line":161,"column":6},"end":{"line":175,"column":7}},"type":"if","locations":[{"start":{"line":161,"column":6},"end":{"line":175,"column":7}},{"start":{},"end":{}}],"line":161},"9":{"loc":{"start":{"line":161,"column":10},"end":{"line":161,"column":72}},"type":"binary-expr","locations":[{"start":{"line":161,"column":10},"end":{"line":161,"column":41}},{"start":{"line":161,"column":45},"end":{"line":161,"column":72}}],"line":161},"10":{"loc":{"start":{"line":187,"column":6},"end":{"line":201,"column":7}},"type":"if","locations":[{"start":{"line":187,"column":6},"end":{"line":201,"column":7}},{"start":{},"end":{}}],"line":187},"11":{"loc":{"start":{"line":211,"column":24},"end":{"line":211,"column":50}},"type":"binary-expr","locations":[{"start":{"line":211,"column":24},"end":{"line":211,"column":45}},{"start":{"line":211,"column":49},"end":{"line":211,"column":50}}],"line":211},"12":{"loc":{"start":{"line":212,"column":25},"end":{"line":214,"column":11}},"type":"cond-expr","locations":[{"start":{"line":213,"column":10},"end":{"line":213,"column":46}},{"start":{"line":214,"column":10},"end":{"line":214,"column":11}}],"line":212},"13":{"loc":{"start":{"line":225,"column":4},"end":{"line":230,"column":5}},"type":"if","locations":[{"start":{"line":225,"column":4},"end":{"line":230,"column":5}},{"start":{},"end":{}}],"line":225}},"s":{"0":33,"1":33,"2":33,"3":14,"4":14,"5":0,"6":0,"7":0,"8":0,"9":0,"10":0,"11":0,"12":0,"13":0,"14":0,"15":0,"16":0,"17":0,"18":0,"19":0,"20":0,"21":0,"22":14,"23":3,"24":1,"25":1,"26":1,"27":1,"28":1,"29":3,"30":3,"31":2,"32":2,"33":1,"34":1,"35":1,"36":1,"37":20,"38":20,"39":2,"40":2,"41":1,"42":1,"43":1,"44":18,"45":18,"46":18,"47":1,"48":1,"49":1,"50":0,"51":0,"52":17,"53":3,"54":3,"55":10,"56":10,"57":6,"58":6,"59":5,"60":1,"61":1,"62":1,"63":3,"64":3,"65":1,"66":1,"67":2,"68":2,"69":2,"70":2,"71":0,"72":0,"73":0,"74":1,"75":1,"76":2,"77":3,"78":15,"79":15,"80":15,"81":15,"82":15},"f":{"0":33,"1":14,"2":0,"3":0,"4":0,"5":0,"6":3,"7":3,"8":20,"9":18,"10":3,"11":1,"12":2,"13":3,"14":15},"b":{"0":[0,0],"1":[1,1,1],"2":[2,1],"3":[3,2],"4":[2,18],"5":[20,3],"6":[1,17],"7":[18,1],"8":[6,4],"9":[10,6],"10":[2,0],"11":[2,2],"12":[2,0],"13":[15,0]},"_coverageSchema":"1a1c01bbd47fc00a2c39e90264f33305004495a9","hash":"a6721aa4fe2fccec31e0fee4bd588e13c97660a7"}
,"/Applications/MAMP/htdocs/marketplace/backend/src/tests/integration/setup.js": {"path":"/Applications/MAMP/htdocs/marketplace/backend/src/tests/integration/setup.js","statementMap":{"0":{"start":{"line":17,"column":4},"end":{"line":17,"column":25}},"1":{"start":{"line":18,"column":4},"end":{"line":18,"column":41}},"2":{"start":{"line":19,"column":4},"end":{"line":19,"column":37}},"3":{"start":{"line":20,"column":4},"end":{"line":20,"column":44}},"4":{"start":{"line":25,"column":4},"end":{"line":25,"column":43}},"5":{"start":{"line":28,"column":4},"end":{"line":33,"column":6}},"6":{"start":{"line":34,"column":4},"end":{"line":34,"column":33}},"7":{"start":{"line":37,"column":4},"end":{"line":41,"column":7}},"8":{"start":{"line":38,"column":6},"end":{"line":38,"column":31}},"9":{"start":{"line":39,"column":6},"end":{"line":39,"column":37}},"10":{"start":{"line":40,"column":6},"end":{"line":40,"column":13}},"11":{"start":{"line":43,"column":4},"end":{"line":43,"column":46}},"12":{"start":{"line":46,"column":4},"end":{"line":46,"column":43}},"13":{"start":{"line":47,"column":4},"end":{"line":47,"column":41}},"14":{"start":{"line":48,"column":4},"end":{"line":48,"column":52}},"15":{"start":{"line":49,"column":4},"end":{"line":49,"column":41}},"16":{"start":{"line":50,"column":4},"end":{"line":50,"column":46}},"17":{"start":{"line":52,"column":4},"end":{"line":54,"column":7}},"18":{"start":{"line":53,"column":6},"end":{"line":53,"column":42}},"19":{"start":{"line":57,"column":4},"end":{"line":64,"column":7}},"20":{"start":{"line":58,"column":6},"end":{"line":63,"column":9}},"21":{"start":{"line":59,"column":21},"end":{"line":59,"column":47}},"22":{"start":{"line":60,"column":8},"end":{"line":60,"column":50}},"23":{"start":{"line":61,"column":8},"end":{"line":61,"column":62}},"24":{"start":{"line":62,"column":8},"end":{"line":62,"column":22}},"25":{"start":{"line":69,"column":4},"end":{"line":103,"column":5}},"26":{"start":{"line":70,"column":6},"end":{"line":70,"column":50}},"27":{"start":{"line":73,"column":6},"end":{"line":73,"column":44}},"28":{"start":{"line":76,"column":6},"end":{"line":76,"column":44}},"29":{"start":{"line":79,"column":6},"end":{"line":79,"column":41}},"30":{"start":{"line":82,"column":6},"end":{"line":82,"column":50}},"31":{"start":{"line":85,"column":6},"end":{"line":85,"column":41}},"32":{"start":{"line":88,"column":6},"end":{"line":88,"column":54}},"33":{"start":{"line":91,"column":6},"end":{"line":91,"column":46}},"34":{"start":{"line":94,"column":6},"end":{"line":94,"column":42}},"35":{"start":{"line":97,"column":6},"end":{"line":97,"column":46}},"36":{"start":{"line":99,"column":6},"end":{"line":99,"column":61}},"37":{"start":{"line":101,"column":6},"end":{"line":101,"column":45}},"38":{"start":{"line":107,"column":4},"end":{"line":107,"column":25}},"39":{"start":{"line":108,"column":4},"end":{"line":108,"column":36}},"40":{"start":{"line":109,"column":4},"end":{"line":109,"column":27}},"41":{"start":{"line":111,"column":4},"end":{"line":113,"column":7}},"42":{"start":{"line":112,"column":6},"end":{"line":112,"column":41}},"43":{"start":{"line":112,"column":30},"end":{"line":112,"column":39}},"44":{"start":{"line":117,"column":4},"end":{"line":117,"column":24}},"45":{"start":{"line":121,"column":4},"end":{"line":240,"column":5}},"46":{"start":{"line":122,"column":6},"end":{"line":122,"column":42}},"47":{"start":{"line":125,"column":24},"end":{"line":135,"column":8}},"48":{"start":{"line":137,"column":24},"end":{"line":147,"column":8}},"49":{"start":{"line":150,"column":23},"end":{"line":160,"column":8}},"50":{"start":{"line":163,"column":27},"end":{"line":173,"column":8}},"51":{"start":{"line":175,"column":23},"end":{"line":191,"column":8}},"52":{"start":{"line":194,"column":6},"end":{"line":206,"column":9}},"53":{"start":{"line":209,"column":6},"end":{"line":220,"column":9}},"54":{"start":{"line":222,"column":6},"end":{"line":222,"column":51}},"55":{"start":{"line":224,"column":6},"end":{"line":236,"column":8}},"56":{"start":{"line":238,"column":6},"end":{"line":238,"column":47}},"57":{"start":{"line":239,"column":6},"end":{"line":239,"column":18}},"58":{"start":{"line":244,"column":27},"end":{"line":254,"column":5}},"59":{"start":{"line":256,"column":4},"end":{"line":261,"column":7}},"60":{"start":{"line":265,"column":27},"end":{"line":269,"column":5}},"61":{"start":{"line":271,"column":4},"end":{"line":278,"column":7}},"62":{"start":{"line":282,"column":28},"end":{"line":287,"column":5}},"63":{"start":{"line":289,"column":17},"end":{"line":294,"column":6}},"64":{"start":{"line":296,"column":32},"end":{"line":305,"column":5}},"65":{"start":{"line":307,"column":21},"end":{"line":313,"column":6}},"66":{"start":{"line":315,"column":4},"end":{"line":315,"column":30}}},"fnMap":{"0":{"name":"(anonymous_0)","decl":{"start":{"line":16,"column":2},"end":{"line":16,"column":3}},"loc":{"start":{"line":16,"column":16},"end":{"line":21,"column":3}},"line":16},"1":{"name":"(anonymous_1)","decl":{"start":{"line":23,"column":2},"end":{"line":23,"column":3}},"loc":{"start":{"line":23,"column":16},"end":{"line":65,"column":3}},"line":23},"2":{"name":"(anonymous_2)","decl":{"start":{"line":37,"column":17},"end":{"line":37,"column":18}},"loc":{"start":{"line":37,"column":37},"end":{"line":41,"column":5}},"line":37},"3":{"name":"(anonymous_3)","decl":{"start":{"line":52,"column":34},"end":{"line":52,"column":35}},"loc":{"start":{"line":52,"column":48},"end":{"line":54,"column":5}},"line":52},"4":{"name":"(anonymous_4)","decl":{"start":{"line":57,"column":23},"end":{"line":57,"column":24}},"loc":{"start":{"line":57,"column":36},"end":{"line":64,"column":5}},"line":57},"5":{"name":"(anonymous_5)","decl":{"start":{"line":58,"column":28},"end":{"line":58,"column":29}},"loc":{"start":{"line":58,"column":34},"end":{"line":63,"column":7}},"line":58},"6":{"name":"(anonymous_6)","decl":{"start":{"line":67,"column":2},"end":{"line":67,"column":3}},"loc":{"start":{"line":67,"column":18},"end":{"line":104,"column":3}},"line":67},"7":{"name":"(anonymous_7)","decl":{"start":{"line":106,"column":2},"end":{"line":106,"column":3}},"loc":{"start":{"line":106,"column":19},"end":{"line":114,"column":3}},"line":106},"8":{"name":"(anonymous_8)","decl":{"start":{"line":111,"column":23},"end":{"line":111,"column":24}},"loc":{"start":{"line":111,"column":36},"end":{"line":113,"column":5}},"line":111},"9":{"name":"(anonymous_9)","decl":{"start":{"line":112,"column":24},"end":{"line":112,"column":25}},"loc":{"start":{"line":112,"column":30},"end":{"line":112,"column":39}},"line":112},"10":{"name":"(anonymous_10)","decl":{"start":{"line":116,"column":2},"end":{"line":116,"column":3}},"loc":{"start":{"line":116,"column":15},"end":{"line":118,"column":3}},"line":116},"11":{"name":"(anonymous_11)","decl":{"start":{"line":120,"column":2},"end":{"line":120,"column":3}},"loc":{"start":{"line":120,"column":23},"end":{"line":241,"column":3}},"line":120},"12":{"name":"(anonymous_12)","decl":{"start":{"line":243,"column":2},"end":{"line":243,"column":3}},"loc":{"start":{"line":243,"column":46},"end":{"line":262,"column":3}},"line":243},"13":{"name":"(anonymous_13)","decl":{"start":{"line":264,"column":2},"end":{"line":264,"column":3}},"loc":{"start":{"line":264,"column":55},"end":{"line":279,"column":3}},"line":264},"14":{"name":"(anonymous_14)","decl":{"start":{"line":281,"column":2},"end":{"line":281,"column":3}},"loc":{"start":{"line":281,"column":67},"end":{"line":316,"column":3}},"line":281}},"branchMap":{"0":{"loc":{"start":{"line":243,"column":32},"end":{"line":243,"column":44}},"type":"default-arg","locations":[{"start":{"line":243,"column":42},"end":{"line":243,"column":44}}],"line":243},"1":{"loc":{"start":{"line":264,"column":41},"end":{"line":264,"column":53}},"type":"default-arg","locations":[{"start":{"line":264,"column":51},"end":{"line":264,"column":53}}],"line":264},"2":{"loc":{"start":{"line":281,"column":33},"end":{"line":281,"column":46}},"type":"default-arg","locations":[{"start":{"line":281,"column":44},"end":{"line":281,"column":46}}],"line":281},"3":{"loc":{"start":{"line":281,"column":48},"end":{"line":281,"column":65}},"type":"default-arg","locations":[{"start":{"line":281,"column":63},"end":{"line":281,"column":65}}],"line":281}},"s":{"0":11,"1":11,"2":11,"3":11,"4":11,"5":11,"6":11,"7":11,"8":131,"9":131,"10":131,"11":11,"12":11,"13":11,"14":11,"15":11,"16":11,"17":11,"18":1,"19":11,"20":11,"21":11,"22":11,"23":11,"24":11,"25":108,"26":108,"27":108,"28":108,"29":108,"30":108,"31":108,"32":108,"33":108,"34":108,"35":108,"36":108,"37":0,"38":11,"39":11,"40":11,"41":11,"42":11,"43":11,"44":5,"45":76,"46":76,"47":76,"48":76,"49":76,"50":76,"51":76,"52":76,"53":76,"54":76,"55":76,"56":0,"57":0,"58":15,"59":15,"60":9,"61":9,"62":7,"63":7,"64":7,"65":7,"66":7},"f":{"0":11,"1":11,"2":131,"3":1,"4":11,"5":11,"6":108,"7":11,"8":11,"9":11,"10":5,"11":76,"12":15,"13":9,"14":7},"b":{"0":[0],"1":[0],"2":[0],"3":[5]},"_coverageSchema":"1a1c01bbd47fc00a2c39e90264f33305004495a9","hash":"c00f1d3edcf0737731e5d077355bce6916528056"}
}
