TN:
SF:src/middleware/rateLimit.js
FNF:0
FNH:0
DA:4,11
LF:1
LH:1
BRF:0
BRH:0
end_of_record
TN:
SF:src/routes/bids.js
FN:9,(anonymous_0)
FN:26,(anonymous_1)
FN:42,(anonymous_2)
FN:101,(anonymous_3)
FN:231,(anonymous_4)
FN:287,(anonymous_5)
FN:306,(anonymous_6)
FN:307,(anonymous_7)
FN:308,(anonymous_8)
FN:309,(anonymous_9)
FN:311,(anonymous_10)
FN:314,(anonymous_11)
FN:335,(anonymous_12)
FN:344,(anonymous_13)
FN:350,(anonymous_14)
FN:492,(anonymous_15)
FN:545,(anonymous_16)
FN:587,(anonymous_17)
FN:594,(anonymous_18)
FN:708,(anonymous_19)
FNF:20
FNH:20
FNDA:29,(anonymous_0)
FNDA:19,(anonymous_1)
FNDA:18,(anonymous_2)
FNDA:2,(anonymous_3)
FNDA:2,(anonymous_4)
FNDA:2,(anonymous_5)
FNDA:51,(anonymous_6)
FNDA:51,(anonymous_7)
FNDA:51,(anonymous_8)
FNDA:51,(anonymous_9)
FNDA:102,(anonymous_10)
FNDA:51,(anonymous_11)
FNDA:222,(anonymous_12)
FNDA:13,(anonymous_13)
FNDA:13,(anonymous_14)
FNDA:1,(anonymous_15)
FNDA:5,(anonymous_16)
FNDA:6,(anonymous_17)
FNDA:6,(anonymous_18)
FNDA:2,(anonymous_19)
DA:6,11
DA:9,11
DA:10,29
DA:11,29
DA:12,1
DA:14,28
DA:15,28
DA:18,11
DA:26,11
DA:27,19
DA:28,19
DA:30,1
DA:35,18
DA:36,18
DA:37,0
DA:40,18
DA:42,18
DA:44,18
DA:53,18
DA:54,10
DA:58,8
DA:65,8
DA:66,0
DA:70,8
DA:89,7
DA:92,7
DA:95,7
DA:98,7
DA:99,2
DA:101,2
DA:103,2
DA:116,2
DA:125,2
DA:133,2
DA:142,2
DA:145,2
DA:146,2
DA:147,2
DA:148,2
DA:161,2
DA:172,0
DA:177,0
DA:182,7
DA:184,5
DA:185,5
DA:186,5
DA:187,5
DA:199,0
DA:205,7
DA:210,11
DA:213,11
DA:214,10
DA:217,1
DA:218,0
DA:222,1
DA:223,1
DA:226,0
DA:231,11
DA:232,2
DA:233,2
DA:235,2
DA:236,2
DA:238,1
DA:256,1
DA:259,1
DA:270,1
DA:273,0
DA:274,0
DA:280,11
DA:287,11
DA:288,2
DA:290,2
DA:291,2
DA:306,51
DA:307,51
DA:308,51
DA:309,51
DA:311,2
DA:312,102
DA:314,2
DA:315,51
DA:317,51
DA:318,51
DA:319,51
DA:320,51
DA:323,51
DA:328,51
DA:335,222
DA:337,2
DA:339,0
DA:340,0
DA:344,11
DA:345,13
DA:346,13
DA:348,13
DA:350,13
DA:352,13
DA:368,13
DA:369,2
DA:373,11
DA:374,2
DA:378,9
DA:379,0
DA:383,9
DA:384,0
DA:390,9
DA:402,9
DA:403,1
DA:407,8
DA:418,8
DA:419,0
DA:423,8
DA:432,8
DA:445,8
DA:449,8
DA:453,8
DA:462,8
DA:463,8
DA:464,8
DA:466,8
DA:481,8
DA:492,8
DA:493,1
DA:500,0
DA:505,8
DA:518,5
DA:521,5
DA:522,2
DA:525,3
DA:526,2
DA:529,1
DA:530,0
DA:533,1
DA:537,1
DA:540,0
DA:545,11
DA:546,5
DA:547,5
DA:549,5
DA:550,5
DA:567,5
DA:568,0
DA:572,5
DA:573,5
DA:575,5
DA:576,2
DA:579,3
DA:581,0
DA:582,0
DA:587,11
DA:588,6
DA:589,6
DA:590,6
DA:592,6
DA:594,6
DA:596,6
DA:603,6
DA:604,0
DA:608,6
DA:609,1
DA:613,5
DA:614,1
DA:617,4
DA:618,0
DA:622,4
DA:637,4
DA:638,0
DA:642,4
DA:658,4
DA:662,4
DA:663,4
DA:664,4
DA:665,4
DA:677,0
DA:682,4
DA:684,2
DA:687,2
DA:688,0
DA:691,2
DA:692,1
DA:695,1
DA:696,1
DA:699,0
DA:700,0
DA:703,0
DA:708,11
DA:709,2
DA:710,2
DA:712,2
DA:713,2
DA:720,2
DA:721,0
DA:725,2
DA:726,1
DA:730,1
DA:731,0
DA:735,1
DA:740,1
DA:741,1
DA:742,1
DA:749,1
DA:751,0
DA:752,0
LF:203
LH:171
BRDA:11,0,0,1
BRDA:11,0,1,28
BRDA:36,1,0,0
BRDA:36,1,1,18
BRDA:53,2,0,10
BRDA:53,2,1,8
BRDA:65,3,0,0
BRDA:65,3,1,8
BRDA:65,4,0,8
BRDA:65,4,1,8
BRDA:98,5,0,2
BRDA:98,5,1,5
BRDA:98,6,0,7
BRDA:98,6,1,3
BRDA:146,7,0,2
BRDA:146,7,1,0
BRDA:182,8,0,5
BRDA:182,8,1,2
BRDA:185,9,0,5
BRDA:185,9,1,0
BRDA:213,10,0,10
BRDA:213,10,1,1
BRDA:217,11,0,0
BRDA:217,11,1,1
BRDA:222,12,0,1
BRDA:222,12,1,0
BRDA:222,13,0,1
BRDA:222,13,1,1
BRDA:236,14,0,1
BRDA:236,14,1,1
BRDA:312,15,0,2
BRDA:312,15,1,100
BRDA:318,16,0,51
BRDA:318,16,1,0
BRDA:320,17,0,51
BRDA:320,17,1,0
BRDA:368,18,0,2
BRDA:368,18,1,11
BRDA:373,19,0,2
BRDA:373,19,1,9
BRDA:378,20,0,0
BRDA:378,20,1,9
BRDA:383,21,0,0
BRDA:383,21,1,9
BRDA:402,22,0,1
BRDA:402,22,1,8
BRDA:418,23,0,0
BRDA:418,23,1,8
BRDA:463,24,0,8
BRDA:463,24,1,0
BRDA:521,25,0,2
BRDA:521,25,1,3
BRDA:525,26,0,2
BRDA:525,26,1,1
BRDA:529,27,0,0
BRDA:529,27,1,1
BRDA:533,28,0,1
BRDA:533,28,1,0
BRDA:534,29,0,1
BRDA:534,29,1,1
BRDA:567,30,0,0
BRDA:567,30,1,5
BRDA:575,31,0,2
BRDA:575,31,1,3
BRDA:575,32,0,5
BRDA:575,32,1,5
BRDA:603,33,0,0
BRDA:603,33,1,6
BRDA:608,34,0,1
BRDA:608,34,1,5
BRDA:613,35,0,1
BRDA:613,35,1,4
BRDA:617,36,0,0
BRDA:617,36,1,4
BRDA:629,37,0,4
BRDA:629,37,1,4
BRDA:630,38,0,4
BRDA:630,38,1,1
BRDA:631,39,0,4
BRDA:631,39,1,1
BRDA:637,40,0,0
BRDA:637,40,1,4
BRDA:663,41,0,4
BRDA:663,41,1,0
BRDA:687,42,0,0
BRDA:687,42,1,2
BRDA:691,43,0,1
BRDA:691,43,1,1
BRDA:695,44,0,1
BRDA:695,44,1,0
BRDA:699,45,0,0
BRDA:699,45,1,0
BRDA:720,46,0,0
BRDA:720,46,1,2
BRDA:725,47,0,1
BRDA:725,47,1,1
BRDA:730,48,0,0
BRDA:730,48,1,1
BRDA:730,49,0,1
BRDA:730,49,1,1
BRDA:741,50,0,1
BRDA:741,50,1,0
BRF:102
BRH:76
end_of_record
TN:
SF:src/routes/categories.js
FN:7,(anonymous_0)
FN:30,(anonymous_1)
FN:68,(anonymous_2)
FN:99,(anonymous_3)
FN:100,(anonymous_4)
FN:124,(anonymous_5)
FN:143,(anonymous_6)
FNF:7
FNH:5
FNDA:7,(anonymous_0)
FNDA:7,(anonymous_1)
FNDA:5,(anonymous_2)
FNDA:5,(anonymous_3)
FNDA:5,(anonymous_4)
FNDA:0,(anonymous_5)
FNDA:0,(anonymous_6)
DA:4,11
DA:7,11
DA:8,7
DA:9,7
DA:22,7
DA:24,0
DA:25,0
DA:30,11
DA:31,7
DA:34,7
DA:35,0
DA:38,7
DA:39,7
DA:52,7
DA:53,4
DA:56,3
DA:58,0
DA:60,0
DA:61,0
DA:63,0
DA:68,11
DA:69,5
DA:72,5
DA:73,0
DA:76,5
DA:78,5
DA:83,5
DA:84,2
DA:88,3
DA:95,3
DA:96,1
DA:99,5
DA:100,5
DA:101,2
DA:102,2
DA:104,2
DA:112,0
DA:115,0
DA:116,0
DA:119,0
DA:124,11
DA:125,0
DA:126,0
DA:143,0
DA:152,0
DA:154,0
DA:155,0
LF:47
LH:29
BRDA:34,0,0,0
BRDA:34,0,1,7
BRDA:34,1,0,7
BRDA:34,1,1,7
BRDA:52,2,0,4
BRDA:52,2,1,3
BRDA:60,3,0,0
BRDA:60,3,1,0
BRDA:60,4,0,0
BRDA:60,4,1,0
BRDA:72,5,0,0
BRDA:72,5,1,5
BRDA:72,6,0,5
BRDA:72,6,1,5
BRDA:83,7,0,2
BRDA:83,7,1,3
BRDA:95,8,0,1
BRDA:95,8,1,2
BRDA:115,9,0,0
BRDA:115,9,1,0
BRDA:115,10,0,0
BRDA:115,10,1,0
BRF:22
BRH:12
end_of_record
TN:
SF:src/routes/escrow.js
FN:7,(anonymous_0)
FN:35,(anonymous_1)
FNF:2
FNH:2
FNDA:3,(anonymous_0)
FNDA:5,(anonymous_1)
DA:4,11
DA:7,11
DA:8,3
DA:10,3
DA:11,3
DA:23,3
DA:24,1
DA:27,2
DA:29,0
DA:30,0
DA:35,11
DA:36,5
DA:37,5
DA:39,5
DA:40,1
DA:43,4
DA:44,4
DA:56,4
DA:57,1
DA:61,3
DA:62,1
DA:65,2
DA:66,1
DA:69,1
DA:78,1
DA:79,1
DA:85,1
DA:87,0
DA:88,0
LF:29
LH:25
BRDA:23,0,0,1
BRDA:23,0,1,2
BRDA:39,1,0,1
BRDA:39,1,1,4
BRDA:56,2,0,1
BRDA:56,2,1,3
BRDA:61,3,0,1
BRDA:61,3,1,2
BRDA:65,4,0,1
BRDA:65,4,1,1
BRF:10
BRH:10
end_of_record
TN:
SF:src/routes/jobs.js
FN:32,(anonymous_0)
FN:33,(anonymous_1)
FN:47,(anonymous_2)
FN:56,(anonymous_3)
FN:62,(anonymous_4)
FN:93,(anonymous_5)
FN:174,(anonymous_6)
FN:177,(anonymous_7)
FN:191,(anonymous_8)
FN:226,(anonymous_9)
FN:229,(anonymous_10)
FN:243,(anonymous_11)
FN:261,(anonymous_12)
FN:278,(anonymous_13)
FN:295,(anonymous_14)
FN:316,(anonymous_15)
FN:340,(anonymous_16)
FN:365,(anonymous_17)
FN:382,(anonymous_18)
FNF:19
FNH:18
FNDA:33,(anonymous_0)
FNDA:15,(anonymous_1)
FNDA:28,(anonymous_2)
FNDA:2,(anonymous_3)
FNDA:4,(anonymous_4)
FNDA:4,(anonymous_5)
FNDA:131,(anonymous_6)
FNDA:0,(anonymous_7)
FNDA:131,(anonymous_8)
FNDA:131,(anonymous_9)
FNDA:131,(anonymous_10)
FNDA:1,(anonymous_11)
FNDA:2,(anonymous_12)
FNDA:1,(anonymous_13)
FNDA:9,(anonymous_14)
FNDA:2,(anonymous_15)
FNDA:1,(anonymous_16)
FNDA:6,(anonymous_17)
FNDA:2,(anonymous_18)
DA:5,11
DA:7,11
DA:17,11
DA:27,11
DA:32,11
DA:33,33
DA:34,15
DA:35,15
DA:36,12
DA:38,3
DA:47,11
DA:48,28
DA:49,28
DA:50,4
DA:52,24
DA:53,24
DA:56,11
DA:57,2
DA:58,2
DA:62,11
DA:63,4
DA:64,4
DA:66,4
DA:67,4
DA:68,4
DA:71,4
DA:86,4
DA:87,0
DA:88,0
DA:92,4
DA:93,4
DA:95,4
DA:97,4
DA:98,0
DA:99,0
DA:103,4
DA:171,4
DA:174,4
DA:175,131
DA:177,0
DA:178,0
DA:179,0
DA:182,0
DA:185,131
DA:188,4
DA:191,4
DA:193,131
DA:196,131
DA:197,131
DA:198,131
DA:199,131
DA:200,131
DA:203,131
DA:225,4
DA:226,131
DA:228,4
DA:229,131
DA:231,4
DA:235,4
DA:237,0
DA:238,0
DA:243,11
DA:244,1
DA:246,1
DA:247,1
DA:248,1
DA:249,1
DA:251,0
DA:252,0
DA:257,11
DA:262,2
DA:263,2
DA:264,2
DA:265,2
DA:267,0
DA:268,0
DA:274,11
DA:279,1
DA:280,1
DA:281,1
DA:282,1
DA:284,0
DA:285,0
DA:291,11
DA:296,9
DA:297,9
DA:298,9
DA:299,9
DA:300,4
DA:302,5
DA:303,5
DA:307,5
DA:310,0
DA:316,11
DA:317,2
DA:319,2
DA:320,2
DA:332,2
DA:334,0
DA:335,0
DA:340,11
DA:341,1
DA:343,1
DA:344,1
DA:357,1
DA:359,0
DA:360,0
DA:365,11
DA:366,6
DA:368,6
DA:369,6
DA:370,6
DA:371,6
DA:372,1
DA:374,5
DA:376,0
DA:377,0
DA:382,11
DA:383,2
DA:385,2
DA:386,2
DA:387,2
DA:388,2
DA:390,0
DA:391,0
LF:125
LH:100
BRDA:49,0,0,4
BRDA:49,0,1,24
BRDA:86,1,0,0
BRDA:86,1,1,4
BRDA:86,2,0,4
BRDA:86,2,1,4
BRDA:97,3,0,0
BRDA:97,3,1,4
BRDA:175,4,0,0
BRDA:175,4,1,131
BRDA:178,5,0,0
BRDA:178,5,1,0
BRDA:197,6,0,131
BRDA:197,6,1,0
BRDA:197,7,0,131
BRDA:197,7,1,131
BRDA:303,8,0,5
BRDA:303,8,1,0
BRDA:304,9,0,5
BRDA:304,9,1,2
BRDA:371,10,0,1
BRDA:371,10,1,5
BRF:22
BRH:15
end_of_record
TN:
SF:src/routes/users.js
FN:15,(anonymous_0)
FN:49,(anonymous_1)
FN:71,(anonymous_2)
FNF:3
FNH:3
FNDA:3,(anonymous_0)
FNDA:6,(anonymous_1)
FNDA:2,(anonymous_2)
DA:5,11
DA:7,11
DA:15,11
DA:16,3
DA:17,3
DA:18,1
DA:21,2
DA:22,2
DA:37,2
DA:38,1
DA:41,1
DA:43,0
DA:44,0
DA:49,11
DA:50,6
DA:51,6
DA:53,1
DA:56,5
DA:57,5
DA:63,5
DA:65,0
DA:66,0
DA:71,11
DA:72,2
DA:74,2
DA:75,2
DA:90,2
DA:91,1
DA:94,1
DA:96,0
DA:97,0
LF:31
LH:25
BRDA:17,0,0,1
BRDA:17,0,1,2
BRDA:37,1,0,1
BRDA:37,1,1,1
BRDA:90,2,0,1
BRDA:90,2,1,1
BRF:6
BRH:6
end_of_record
TN:
SF:src/services/job.js
FN:5,(anonymous_0)
FN:10,(anonymous_1)
FN:35,(anonymous_2)
FN:36,(anonymous_3)
FN:51,(anonymous_4)
FN:99,(anonymous_5)
FN:160,(anonymous_6)
FN:167,(anonymous_7)
FN:324,(anonymous_8)
FN:367,(anonymous_9)
FN:375,(anonymous_10)
FN:391,(anonymous_11)
FN:412,(anonymous_12)
FN:520,(anonymous_13)
FN:536,(anonymous_14)
FN:548,(anonymous_15)
FN:570,(anonymous_16)
FN:592,(anonymous_17)
FN:601,(anonymous_18)
FN:602,(anonymous_19)
FN:607,(anonymous_20)
FN:632,(anonymous_21)
FNF:22
FNH:17
FNDA:71,(anonymous_0)
FNDA:8,(anonymous_1)
FNDA:9,(anonymous_2)
FNDA:6,(anonymous_3)
FNDA:6,(anonymous_4)
FNDA:5,(anonymous_5)
FNDA:12,(anonymous_6)
FNDA:9,(anonymous_7)
FNDA:3,(anonymous_8)
FNDA:4,(anonymous_9)
FNDA:0,(anonymous_10)
FNDA:0,(anonymous_11)
FNDA:3,(anonymous_12)
FNDA:2,(anonymous_13)
FNDA:0,(anonymous_14)
FNDA:5,(anonymous_15)
FNDA:3,(anonymous_16)
FNDA:3,(anonymous_17)
FNDA:0,(anonymous_18)
FNDA:0,(anonymous_19)
FNDA:7,(anonymous_20)
FNDA:8,(anonymous_21)
DA:6,71
DA:7,71
DA:11,8
DA:13,8
DA:24,7
DA:26,4
DA:34,3
DA:35,9
DA:36,6
DA:37,3
DA:39,3
DA:46,1
DA:47,1
DA:52,6
DA:54,6
DA:55,6
DA:58,6
DA:59,6
DA:63,6
DA:90,5
DA:92,5
DA:94,1
DA:95,1
DA:100,5
DA:102,5
DA:103,5
DA:123,4
DA:128,4
DA:129,1
DA:136,0
DA:151,3
DA:153,2
DA:154,2
DA:161,12
DA:162,12
DA:167,12
DA:169,9
DA:177,9
DA:178,0
DA:181,9
DA:182,0
DA:185,9
DA:186,2
DA:189,7
DA:190,0
DA:193,7
DA:194,0
DA:198,7
DA:211,7
DA:212,0
DA:215,7
DA:216,0
DA:219,7
DA:220,0
DA:224,7
DA:238,7
DA:239,3
DA:243,4
DA:257,4
DA:265,4
DA:272,7
DA:277,7
DA:278,7
DA:280,7
DA:294,4
DA:308,3
DA:312,7
DA:319,8
DA:320,8
DA:325,3
DA:327,3
DA:328,3
DA:330,3
DA:358,3
DA:360,3
DA:362,0
DA:363,0
DA:368,4
DA:369,4
DA:372,4
DA:375,4
DA:376,0
DA:377,0
DA:378,0
DA:386,0
DA:391,4
DA:392,0
DA:393,0
DA:394,0
DA:402,0
DA:406,0
DA:413,3
DA:416,3
DA:418,2
DA:420,2
DA:444,0
DA:467,1
DA:478,2
DA:485,2
DA:486,2
DA:487,2
DA:488,0
DA:496,2
DA:513,2
DA:515,1
DA:516,1
DA:521,2
DA:537,0
DA:550,5
DA:561,5
DA:567,2
DA:570,3
DA:573,3
DA:591,3
DA:592,3
DA:601,0
DA:602,0
DA:604,0
DA:608,7
DA:633,8
DA:638,8
DA:639,1
DA:642,7
DA:643,1
DA:646,6
DA:647,1
DA:652,5
DA:656,5
DA:664,5
DA:665,2
DA:674,5
DA:675,2
DA:682,5
DA:683,1
DA:690,5
LF:135
LH:110
BRDA:24,0,0,4
BRDA:24,0,1,3
BRDA:40,1,0,3
BRDA:40,1,1,0
BRDA:42,2,0,3
BRDA:42,2,1,0
BRDA:177,3,0,0
BRDA:177,3,1,9
BRDA:181,4,0,0
BRDA:181,4,1,9
BRDA:185,5,0,2
BRDA:185,5,1,7
BRDA:189,6,0,0
BRDA:189,6,1,7
BRDA:193,7,0,0
BRDA:193,7,1,7
BRDA:211,8,0,0
BRDA:211,8,1,7
BRDA:211,9,0,7
BRDA:211,9,1,7
BRDA:215,10,0,0
BRDA:215,10,1,7
BRDA:219,11,0,0
BRDA:219,11,1,7
BRDA:238,12,0,3
BRDA:238,12,1,4
BRDA:260,13,0,4
BRDA:260,13,1,3
BRDA:278,14,0,7
BRDA:278,14,1,0
BRDA:341,15,0,3
BRDA:341,15,1,0
BRDA:416,16,0,2
BRDA:416,16,1,1
BRDA:418,17,0,2
BRDA:418,17,1,0
BRDA:481,18,0,2
BRDA:481,18,1,1
BRDA:487,19,0,0
BRDA:487,19,1,2
BRDA:487,20,0,2
BRDA:487,20,1,0
BRDA:487,20,2,0
BRDA:504,21,0,0
BRDA:504,21,1,2
BRDA:561,22,0,2
BRDA:561,22,1,3
BRDA:562,23,0,5
BRDA:562,23,1,5
BRDA:562,23,2,4
BRDA:562,23,3,3
BRDA:638,24,0,1
BRDA:638,24,1,7
BRDA:642,25,0,1
BRDA:642,25,1,6
BRDA:642,26,0,7
BRDA:642,26,1,2
BRDA:646,27,0,1
BRDA:646,27,1,5
BRDA:646,28,0,6
BRDA:646,28,1,5
BRDA:652,29,0,4
BRDA:652,29,1,1
BRDA:664,30,0,2
BRDA:664,30,1,3
BRDA:664,31,0,5
BRDA:664,31,1,2
BRDA:674,32,0,2
BRDA:674,32,1,3
BRDA:674,33,0,5
BRDA:674,33,1,3
BRDA:682,34,0,1
BRDA:682,34,1,4
BRDA:682,35,0,5
BRDA:682,35,1,5
BRF:75
BRH:59
end_of_record
TN:
SF:src/services/websocket.js
FN:5,(anonymous_0)
FN:11,(anonymous_1)
FN:17,(anonymous_2)
FN:20,(anonymous_3)
FN:35,(anonymous_4)
FN:47,(anonymous_5)
FN:63,(anonymous_6)
FN:76,(anonymous_7)
FN:105,(anonymous_8)
FN:130,(anonymous_9)
FN:155,(anonymous_10)
FN:183,(anonymous_11)
FN:209,(anonymous_12)
FN:219,(anonymous_13)
FN:224,(anonymous_14)
FNF:15
FNH:11
FNDA:33,(anonymous_0)
FNDA:14,(anonymous_1)
FNDA:0,(anonymous_2)
FNDA:0,(anonymous_3)
FNDA:0,(anonymous_4)
FNDA:0,(anonymous_5)
FNDA:3,(anonymous_6)
FNDA:3,(anonymous_7)
FNDA:20,(anonymous_8)
FNDA:18,(anonymous_9)
FNDA:3,(anonymous_10)
FNDA:1,(anonymous_11)
FNDA:2,(anonymous_12)
FNDA:3,(anonymous_13)
FNDA:15,(anonymous_14)
DA:6,33
DA:7,33
DA:8,33
DA:12,14
DA:17,14
DA:18,0
DA:20,0
DA:21,0
DA:22,0
DA:23,0
DA:25,0
DA:26,0
DA:35,0
DA:37,0
DA:38,0
DA:39,0
DA:40,0
DA:41,0
DA:42,0
DA:47,0
DA:48,0
DA:52,0
DA:60,14
DA:64,3
DA:66,1
DA:67,1
DA:69,1
DA:70,1
DA:72,1
DA:77,3
DA:79,3
DA:80,2
DA:86,2
DA:90,1
DA:91,1
DA:93,1
DA:101,1
DA:106,20
DA:107,20
DA:109,2
DA:110,2
DA:116,1
DA:118,1
DA:122,1
DA:125,18
DA:131,18
DA:132,18
DA:134,1
DA:135,1
DA:141,1
DA:143,0
DA:147,0
DA:150,17
DA:156,3
DA:158,3
DA:159,10
DA:161,10
DA:162,6
DA:163,6
DA:169,5
DA:171,1
DA:172,1
DA:173,1
DA:178,3
DA:179,3
DA:184,1
DA:186,1
DA:187,2
DA:188,2
DA:189,2
DA:195,2
DA:197,0
DA:198,0
DA:199,0
DA:204,1
DA:205,1
DA:210,2
DA:220,3
DA:225,15
DA:226,15
DA:227,15
DA:228,15
DA:229,15
LF:83
LH:61
BRDA:38,0,0,0
BRDA:38,0,1,0
BRDA:64,1,0,1
BRDA:64,1,1,1
BRDA:64,1,2,1
BRDA:79,2,0,2
BRDA:79,2,1,1
BRDA:79,3,0,3
BRDA:79,3,1,2
BRDA:107,4,0,2
BRDA:107,4,1,18
BRDA:107,5,0,20
BRDA:107,5,1,3
BRDA:132,6,0,1
BRDA:132,6,1,17
BRDA:132,7,0,18
BRDA:132,7,1,1
BRDA:161,8,0,6
BRDA:161,8,1,4
BRDA:161,9,0,10
BRDA:161,9,1,6
BRDA:187,10,0,2
BRDA:187,10,1,0
BRDA:211,11,0,2
BRDA:211,11,1,2
BRDA:212,12,0,2
BRDA:212,12,1,0
BRDA:225,13,0,15
BRDA:225,13,1,0
BRF:29
BRH:24
end_of_record
TN:
SF:src/tests/integration/setup.js
FN:16,(anonymous_0)
FN:23,(anonymous_1)
FN:37,(anonymous_2)
FN:52,(anonymous_3)
FN:57,(anonymous_4)
FN:58,(anonymous_5)
FN:67,(anonymous_6)
FN:106,(anonymous_7)
FN:111,(anonymous_8)
FN:112,(anonymous_9)
FN:116,(anonymous_10)
FN:120,(anonymous_11)
FN:243,(anonymous_12)
FN:264,(anonymous_13)
FN:281,(anonymous_14)
FNF:15
FNH:15
FNDA:11,(anonymous_0)
FNDA:11,(anonymous_1)
FNDA:131,(anonymous_2)
FNDA:1,(anonymous_3)
FNDA:11,(anonymous_4)
FNDA:11,(anonymous_5)
FNDA:108,(anonymous_6)
FNDA:11,(anonymous_7)
FNDA:11,(anonymous_8)
FNDA:11,(anonymous_9)
FNDA:5,(anonymous_10)
FNDA:76,(anonymous_11)
FNDA:15,(anonymous_12)
FNDA:9,(anonymous_13)
FNDA:7,(anonymous_14)
DA:17,11
DA:18,11
DA:19,11
DA:20,11
DA:25,11
DA:28,11
DA:34,11
DA:37,11
DA:38,131
DA:39,131
DA:40,131
DA:43,11
DA:46,11
DA:47,11
DA:48,11
DA:49,11
DA:50,11
DA:52,11
DA:53,1
DA:57,11
DA:58,11
DA:59,11
DA:60,11
DA:61,11
DA:62,11
DA:69,108
DA:70,108
DA:73,108
DA:76,108
DA:79,108
DA:82,108
DA:85,108
DA:88,108
DA:91,108
DA:94,108
DA:97,108
DA:99,108
DA:101,0
DA:107,11
DA:108,11
DA:109,11
DA:111,11
DA:112,11
DA:117,5
DA:121,76
DA:122,76
DA:125,76
DA:137,76
DA:150,76
DA:163,76
DA:175,76
DA:194,76
DA:209,76
DA:222,76
DA:224,76
DA:238,0
DA:239,0
DA:244,15
DA:256,15
DA:265,9
DA:271,9
DA:282,7
DA:289,7
DA:296,7
DA:307,7
DA:315,7
LF:66
LH:63
BRDA:243,0,0,0
BRDA:264,1,0,0
BRDA:281,2,0,0
BRDA:281,3,0,5
BRF:4
BRH:1
end_of_record
