TN:
SF:src/middleware/rateLimit.js
FNF:0
FNH:0
DA:4,11
LF:1
LH:1
BRF:0
BRH:0
end_of_record
TN:
SF:src/routes/bids.js
FN:9,(anonymous_0)
FN:26,(anonymous_1)
FN:42,(anonymous_2)
FN:101,(anonymous_3)
FN:231,(anonymous_4)
FN:287,(anonymous_5)
FN:306,(anonymous_6)
FN:307,(anonymous_7)
FN:308,(anonymous_8)
FN:309,(anonymous_9)
FN:311,(anonymous_10)
FN:314,(anonymous_11)
FN:335,(anonymous_12)
FN:337,(anonymous_13)
FN:354,(anonymous_14)
FN:360,(anonymous_15)
FN:502,(anonymous_16)
FN:555,(anonymous_17)
FN:597,(anonymous_18)
FN:604,(anonymous_19)
FN:718,(anonymous_20)
FN:767,(anonymous_21)
FNF:22
FNH:21
FNDA:29,(anonymous_0)
FNDA:19,(anonymous_1)
FNDA:18,(anonymous_2)
FNDA:2,(anonymous_3)
FNDA:2,(anonymous_4)
FNDA:2,(anonymous_5)
FNDA:51,(anonymous_6)
FNDA:51,(anonymous_7)
FNDA:51,(anonymous_8)
FNDA:51,(anonymous_9)
FNDA:102,(anonymous_10)
FNDA:51,(anonymous_11)
FNDA:442,(anonymous_12)
FNDA:221,(anonymous_13)
FNDA:13,(anonymous_14)
FNDA:13,(anonymous_15)
FNDA:1,(anonymous_16)
FNDA:5,(anonymous_17)
FNDA:6,(anonymous_18)
FNDA:6,(anonymous_19)
FNDA:2,(anonymous_20)
FNDA:0,(anonymous_21)
DA:6,11
DA:9,11
DA:10,29
DA:11,29
DA:12,1
DA:14,28
DA:15,28
DA:18,11
DA:26,11
DA:27,19
DA:28,19
DA:30,1
DA:35,18
DA:36,18
DA:37,0
DA:40,18
DA:42,18
DA:44,18
DA:53,18
DA:54,10
DA:58,8
DA:65,8
DA:66,0
DA:70,8
DA:89,7
DA:92,7
DA:95,7
DA:98,7
DA:99,2
DA:101,2
DA:103,2
DA:116,2
DA:125,2
DA:133,2
DA:142,2
DA:145,2
DA:146,2
DA:147,2
DA:148,2
DA:161,2
DA:172,0
DA:177,0
DA:182,7
DA:184,5
DA:185,5
DA:186,5
DA:187,5
DA:199,0
DA:205,7
DA:210,11
DA:213,11
DA:214,10
DA:217,1
DA:218,0
DA:222,1
DA:223,1
DA:226,0
DA:231,11
DA:232,2
DA:233,2
DA:235,2
DA:236,2
DA:238,1
DA:256,1
DA:259,1
DA:270,1
DA:273,0
DA:274,0
DA:280,11
DA:287,11
DA:288,2
DA:290,2
DA:291,2
DA:306,51
DA:307,51
DA:308,51
DA:309,51
DA:311,2
DA:312,102
DA:314,2
DA:315,51
DA:317,51
DA:318,51
DA:319,51
DA:320,51
DA:323,51
DA:328,51
DA:335,442
DA:337,2
DA:338,221
DA:339,221
DA:341,221
DA:342,221
DA:344,221
DA:347,2
DA:349,0
DA:350,0
DA:354,11
DA:355,13
DA:356,13
DA:358,13
DA:360,13
DA:362,13
DA:378,13
DA:379,2
DA:383,11
DA:384,2
DA:388,9
DA:389,0
DA:393,9
DA:394,0
DA:400,9
DA:412,9
DA:413,1
DA:417,8
DA:428,8
DA:429,0
DA:433,8
DA:442,8
DA:455,8
DA:459,8
DA:463,8
DA:472,8
DA:473,8
DA:474,8
DA:476,8
DA:491,8
DA:502,8
DA:503,1
DA:510,0
DA:515,8
DA:528,5
DA:531,5
DA:532,2
DA:535,3
DA:536,2
DA:539,1
DA:540,0
DA:543,1
DA:547,1
DA:550,0
DA:555,11
DA:556,5
DA:557,5
DA:559,5
DA:560,5
DA:577,5
DA:578,0
DA:582,5
DA:583,5
DA:585,5
DA:586,2
DA:589,3
DA:591,0
DA:592,0
DA:597,11
DA:598,6
DA:599,6
DA:600,6
DA:602,6
DA:604,6
DA:606,6
DA:613,6
DA:614,0
DA:618,6
DA:619,1
DA:623,5
DA:624,1
DA:627,4
DA:628,0
DA:632,4
DA:647,4
DA:648,0
DA:652,4
DA:668,4
DA:672,4
DA:673,4
DA:674,4
DA:675,4
DA:687,0
DA:692,4
DA:694,2
DA:697,2
DA:698,0
DA:701,2
DA:702,1
DA:705,1
DA:706,1
DA:709,0
DA:710,0
DA:713,0
DA:718,11
DA:719,2
DA:720,2
DA:722,2
DA:723,2
DA:730,2
DA:731,0
DA:735,2
DA:736,1
DA:740,1
DA:741,0
DA:745,1
DA:750,1
DA:751,1
DA:752,1
DA:759,1
DA:761,0
DA:762,0
DA:767,11
DA:768,0
DA:769,0
DA:771,0
DA:772,0
DA:776,0
DA:777,0
DA:780,0
DA:781,0
DA:784,0
DA:785,0
DA:788,0
DA:795,0
DA:797,0
DA:798,0
LF:224
LH:178
BRDA:11,0,0,1
BRDA:11,0,1,28
BRDA:36,1,0,0
BRDA:36,1,1,18
BRDA:53,2,0,10
BRDA:53,2,1,8
BRDA:65,3,0,0
BRDA:65,3,1,8
BRDA:65,4,0,8
BRDA:65,4,1,8
BRDA:98,5,0,2
BRDA:98,5,1,5
BRDA:98,6,0,7
BRDA:98,6,1,3
BRDA:146,7,0,2
BRDA:146,7,1,0
BRDA:182,8,0,5
BRDA:182,8,1,2
BRDA:185,9,0,5
BRDA:185,9,1,0
BRDA:213,10,0,10
BRDA:213,10,1,1
BRDA:217,11,0,0
BRDA:217,11,1,1
BRDA:222,12,0,1
BRDA:222,12,1,0
BRDA:222,13,0,1
BRDA:222,13,1,1
BRDA:236,14,0,1
BRDA:236,14,1,1
BRDA:312,15,0,2
BRDA:312,15,1,100
BRDA:318,16,0,51
BRDA:318,16,1,0
BRDA:320,17,0,51
BRDA:320,17,1,0
BRDA:335,18,0,442
BRDA:335,18,1,0
BRDA:341,19,0,0
BRDA:341,19,1,221
BRDA:341,20,0,221
BRDA:341,20,1,0
BRDA:342,21,0,0
BRDA:342,21,1,221
BRDA:342,22,0,221
BRDA:342,22,1,221
BRDA:378,23,0,2
BRDA:378,23,1,11
BRDA:383,24,0,2
BRDA:383,24,1,9
BRDA:388,25,0,0
BRDA:388,25,1,9
BRDA:393,26,0,0
BRDA:393,26,1,9
BRDA:412,27,0,1
BRDA:412,27,1,8
BRDA:428,28,0,0
BRDA:428,28,1,8
BRDA:473,29,0,8
BRDA:473,29,1,0
BRDA:531,30,0,2
BRDA:531,30,1,3
BRDA:535,31,0,2
BRDA:535,31,1,1
BRDA:539,32,0,0
BRDA:539,32,1,1
BRDA:543,33,0,1
BRDA:543,33,1,0
BRDA:544,34,0,1
BRDA:544,34,1,1
BRDA:577,35,0,0
BRDA:577,35,1,5
BRDA:585,36,0,2
BRDA:585,36,1,3
BRDA:585,37,0,5
BRDA:585,37,1,5
BRDA:613,38,0,0
BRDA:613,38,1,6
BRDA:618,39,0,1
BRDA:618,39,1,5
BRDA:623,40,0,1
BRDA:623,40,1,4
BRDA:627,41,0,0
BRDA:627,41,1,4
BRDA:639,42,0,4
BRDA:639,42,1,4
BRDA:640,43,0,4
BRDA:640,43,1,1
BRDA:641,44,0,4
BRDA:641,44,1,1
BRDA:647,45,0,0
BRDA:647,45,1,4
BRDA:673,46,0,4
BRDA:673,46,1,0
BRDA:697,47,0,0
BRDA:697,47,1,2
BRDA:701,48,0,1
BRDA:701,48,1,1
BRDA:705,49,0,1
BRDA:705,49,1,0
BRDA:709,50,0,0
BRDA:709,50,1,0
BRDA:730,51,0,0
BRDA:730,51,1,2
BRDA:735,52,0,1
BRDA:735,52,1,1
BRDA:740,53,0,0
BRDA:740,53,1,1
BRDA:740,54,0,1
BRDA:740,54,1,1
BRDA:751,55,0,1
BRDA:751,55,1,0
BRDA:776,56,0,0
BRDA:776,56,1,0
BRDA:780,57,0,0
BRDA:780,57,1,0
BRDA:784,58,0,0
BRDA:784,58,1,0
BRF:118
BRH:82
end_of_record
TN:
SF:src/routes/categories.js
FN:7,(anonymous_0)
FN:30,(anonymous_1)
FN:68,(anonymous_2)
FN:99,(anonymous_3)
FN:100,(anonymous_4)
FN:124,(anonymous_5)
FN:143,(anonymous_6)
FNF:7
FNH:5
FNDA:7,(anonymous_0)
FNDA:7,(anonymous_1)
FNDA:5,(anonymous_2)
FNDA:5,(anonymous_3)
FNDA:5,(anonymous_4)
FNDA:0,(anonymous_5)
FNDA:0,(anonymous_6)
DA:4,11
DA:7,11
DA:8,7
DA:9,7
DA:22,7
DA:24,0
DA:25,0
DA:30,11
DA:31,7
DA:34,7
DA:35,0
DA:38,7
DA:39,7
DA:52,7
DA:53,4
DA:56,3
DA:58,0
DA:60,0
DA:61,0
DA:63,0
DA:68,11
DA:69,5
DA:72,5
DA:73,0
DA:76,5
DA:78,5
DA:83,5
DA:84,2
DA:88,3
DA:95,3
DA:96,1
DA:99,5
DA:100,5
DA:101,2
DA:102,2
DA:104,2
DA:112,0
DA:115,0
DA:116,0
DA:119,0
DA:124,11
DA:125,0
DA:126,0
DA:143,0
DA:152,0
DA:154,0
DA:155,0
LF:47
LH:29
BRDA:34,0,0,0
BRDA:34,0,1,7
BRDA:34,1,0,7
BRDA:34,1,1,7
BRDA:52,2,0,4
BRDA:52,2,1,3
BRDA:60,3,0,0
BRDA:60,3,1,0
BRDA:60,4,0,0
BRDA:60,4,1,0
BRDA:72,5,0,0
BRDA:72,5,1,5
BRDA:72,6,0,5
BRDA:72,6,1,5
BRDA:83,7,0,2
BRDA:83,7,1,3
BRDA:95,8,0,1
BRDA:95,8,1,2
BRDA:115,9,0,0
BRDA:115,9,1,0
BRDA:115,10,0,0
BRDA:115,10,1,0
BRF:22
BRH:12
end_of_record
TN:
SF:src/routes/escrow.js
FN:7,(anonymous_0)
FN:35,(anonymous_1)
FN:93,(anonymous_2)
FNF:3
FNH:2
FNDA:3,(anonymous_0)
FNDA:5,(anonymous_1)
FNDA:0,(anonymous_2)
DA:4,11
DA:7,11
DA:8,3
DA:10,3
DA:11,3
DA:23,3
DA:24,1
DA:27,2
DA:29,0
DA:30,0
DA:35,11
DA:36,5
DA:37,5
DA:39,5
DA:40,1
DA:43,4
DA:44,4
DA:56,4
DA:57,1
DA:61,3
DA:62,1
DA:65,2
DA:66,1
DA:69,1
DA:78,1
DA:79,1
DA:85,1
DA:87,0
DA:88,0
DA:93,11
DA:94,0
DA:95,0
DA:97,0
DA:98,0
DA:101,0
DA:102,0
DA:105,0
DA:107,0
DA:108,0
DA:110,0
DA:111,0
DA:115,0
DA:116,0
DA:117,0
DA:120,0
DA:133,0
DA:139,0
DA:140,0
DA:150,0
DA:152,0
DA:153,0
LF:51
LH:26
BRDA:23,0,0,1
BRDA:23,0,1,2
BRDA:39,1,0,1
BRDA:39,1,1,4
BRDA:56,2,0,1
BRDA:56,2,1,3
BRDA:61,3,0,1
BRDA:61,3,1,2
BRDA:65,4,0,1
BRDA:65,4,1,1
BRDA:97,5,0,0
BRDA:97,5,1,0
BRDA:101,6,0,0
BRDA:101,6,1,0
BRDA:101,7,0,0
BRDA:101,7,1,0
BRDA:101,7,2,0
BRDA:110,8,0,0
BRDA:110,8,1,0
BRDA:110,9,0,0
BRDA:110,9,1,0
BRDA:110,9,2,0
BRDA:116,10,0,0
BRDA:116,10,1,0
BRDA:145,11,0,0
BRDA:145,11,1,0
BRF:26
BRH:10
end_of_record
TN:
SF:src/routes/jobs.js
FN:32,(anonymous_0)
FN:33,(anonymous_1)
FN:47,(anonymous_2)
FN:56,(anonymous_3)
FN:62,(anonymous_4)
FN:93,(anonymous_5)
FN:174,(anonymous_6)
FN:177,(anonymous_7)
FN:191,(anonymous_8)
FN:227,(anonymous_9)
FN:230,(anonymous_10)
FN:241,(anonymous_11)
FN:273,(anonymous_12)
FN:299,(anonymous_13)
FN:317,(anonymous_14)
FN:334,(anonymous_15)
FN:351,(anonymous_16)
FN:389,(anonymous_17)
FN:413,(anonymous_18)
FN:438,(anonymous_19)
FN:455,(anonymous_20)
FNF:21
FNH:18
FNDA:33,(anonymous_0)
FNDA:15,(anonymous_1)
FNDA:28,(anonymous_2)
FNDA:2,(anonymous_3)
FNDA:4,(anonymous_4)
FNDA:4,(anonymous_5)
FNDA:131,(anonymous_6)
FNDA:0,(anonymous_7)
FNDA:131,(anonymous_8)
FNDA:131,(anonymous_9)
FNDA:131,(anonymous_10)
FNDA:0,(anonymous_11)
FNDA:0,(anonymous_12)
FNDA:1,(anonymous_13)
FNDA:2,(anonymous_14)
FNDA:1,(anonymous_15)
FNDA:9,(anonymous_16)
FNDA:2,(anonymous_17)
FNDA:1,(anonymous_18)
FNDA:6,(anonymous_19)
FNDA:2,(anonymous_20)
DA:5,11
DA:7,11
DA:17,11
DA:27,11
DA:32,11
DA:33,33
DA:34,15
DA:35,15
DA:36,12
DA:38,3
DA:47,11
DA:48,28
DA:49,28
DA:50,4
DA:52,24
DA:53,24
DA:56,11
DA:57,2
DA:58,2
DA:62,11
DA:63,4
DA:64,4
DA:66,4
DA:67,4
DA:68,4
DA:71,4
DA:86,4
DA:87,0
DA:88,0
DA:92,4
DA:93,4
DA:95,4
DA:97,4
DA:98,0
DA:99,0
DA:103,4
DA:171,4
DA:174,4
DA:175,131
DA:177,0
DA:178,0
DA:179,0
DA:182,0
DA:185,131
DA:188,4
DA:191,4
DA:193,131
DA:196,131
DA:197,131
DA:198,131
DA:199,131
DA:200,131
DA:203,131
DA:226,4
DA:227,131
DA:229,4
DA:230,131
DA:232,4
DA:237,4
DA:238,4
DA:240,4
DA:241,131
DA:244,131
DA:247,131
DA:248,131
DA:249,131
DA:250,131
DA:251,131
DA:254,131
DA:273,0
DA:276,131
DA:277,0
DA:279,131
DA:283,4
DA:288,4
DA:293,0
DA:294,0
DA:299,11
DA:300,1
DA:302,1
DA:303,1
DA:304,1
DA:305,1
DA:307,0
DA:308,0
DA:313,11
DA:318,2
DA:319,2
DA:320,2
DA:321,2
DA:323,0
DA:324,0
DA:330,11
DA:335,1
DA:336,1
DA:337,1
DA:338,1
DA:340,0
DA:341,0
DA:347,11
DA:352,9
DA:353,9
DA:354,9
DA:355,9
DA:357,9
DA:360,4
DA:361,4
DA:373,4
DA:375,5
DA:376,5
DA:380,5
DA:383,0
DA:389,11
DA:390,2
DA:392,2
DA:393,2
DA:405,2
DA:407,0
DA:408,0
DA:413,11
DA:414,1
DA:416,1
DA:417,1
DA:430,1
DA:432,0
DA:433,0
DA:438,11
DA:439,6
DA:441,6
DA:442,6
DA:443,6
DA:444,6
DA:445,1
DA:447,5
DA:449,0
DA:450,0
DA:455,11
DA:456,2
DA:458,2
DA:459,2
DA:460,2
DA:461,2
DA:463,0
DA:464,0
LF:144
LH:117
BRDA:49,0,0,4
BRDA:49,0,1,24
BRDA:86,1,0,0
BRDA:86,1,1,4
BRDA:86,2,0,4
BRDA:86,2,1,4
BRDA:97,3,0,0
BRDA:97,3,1,4
BRDA:175,4,0,0
BRDA:175,4,1,131
BRDA:178,5,0,0
BRDA:178,5,1,0
BRDA:197,6,0,131
BRDA:197,6,1,0
BRDA:197,7,0,131
BRDA:197,7,1,131
BRDA:248,8,0,131
BRDA:248,8,1,0
BRDA:248,9,0,131
BRDA:248,9,1,131
BRDA:273,10,0,0
BRDA:273,10,1,131
BRDA:276,11,0,0
BRDA:276,11,1,131
BRDA:276,12,0,131
BRDA:276,12,1,0
BRDA:360,13,0,4
BRDA:360,13,1,0
BRDA:360,14,0,4
BRDA:360,14,1,4
BRDA:367,15,0,4
BRDA:367,15,1,4
BRDA:376,16,0,5
BRDA:376,16,1,0
BRDA:377,17,0,5
BRDA:377,17,1,3
BRDA:444,18,0,1
BRDA:444,18,1,5
BRF:38
BRH:26
end_of_record
TN:
SF:src/routes/users.js
FN:15,(anonymous_0)
FN:49,(anonymous_1)
FN:71,(anonymous_2)
FNF:3
FNH:3
FNDA:3,(anonymous_0)
FNDA:6,(anonymous_1)
FNDA:2,(anonymous_2)
DA:5,11
DA:7,11
DA:15,11
DA:16,3
DA:17,3
DA:18,1
DA:21,2
DA:22,2
DA:37,2
DA:38,1
DA:41,1
DA:43,0
DA:44,0
DA:49,11
DA:50,6
DA:51,6
DA:53,1
DA:56,5
DA:57,5
DA:63,5
DA:65,0
DA:66,0
DA:71,11
DA:72,2
DA:74,2
DA:75,2
DA:90,2
DA:91,1
DA:94,1
DA:96,0
DA:97,0
LF:31
LH:25
BRDA:17,0,0,1
BRDA:17,0,1,2
BRDA:37,1,0,1
BRDA:37,1,1,1
BRDA:90,2,0,1
BRDA:90,2,1,1
BRF:6
BRH:6
end_of_record
TN:
SF:src/services/job.js
FN:5,(anonymous_0)
FN:10,(anonymous_1)
FN:35,(anonymous_2)
FN:36,(anonymous_3)
FN:51,(anonymous_4)
FN:99,(anonymous_5)
FN:160,(anonymous_6)
FN:167,(anonymous_7)
FN:324,(anonymous_8)
FN:367,(anonymous_9)
FN:375,(anonymous_10)
FN:391,(anonymous_11)
FN:412,(anonymous_12)
FN:520,(anonymous_13)
FN:536,(anonymous_14)
FN:548,(anonymous_15)
FN:570,(anonymous_16)
FN:592,(anonymous_17)
FN:601,(anonymous_18)
FN:602,(anonymous_19)
FN:607,(anonymous_20)
FN:632,(anonymous_21)
FN:710,(anonymous_22)
FN:723,(anonymous_23)
FNF:24
FNH:21
FNDA:71,(anonymous_0)
FNDA:8,(anonymous_1)
FNDA:9,(anonymous_2)
FNDA:6,(anonymous_3)
FNDA:6,(anonymous_4)
FNDA:6,(anonymous_5)
FNDA:12,(anonymous_6)
FNDA:9,(anonymous_7)
FNDA:3,(anonymous_8)
FNDA:4,(anonymous_9)
FNDA:0,(anonymous_10)
FNDA:0,(anonymous_11)
FNDA:5,(anonymous_12)
FNDA:2,(anonymous_13)
FNDA:0,(anonymous_14)
FNDA:5,(anonymous_15)
FNDA:3,(anonymous_16)
FNDA:6,(anonymous_17)
FNDA:6,(anonymous_18)
FNDA:2,(anonymous_19)
FNDA:7,(anonymous_20)
FNDA:8,(anonymous_21)
FNDA:13,(anonymous_22)
FNDA:58,(anonymous_23)
DA:6,71
DA:7,71
DA:11,8
DA:13,8
DA:24,7
DA:26,4
DA:34,3
DA:35,9
DA:36,6
DA:37,3
DA:39,3
DA:46,1
DA:47,1
DA:52,6
DA:54,6
DA:55,6
DA:58,6
DA:59,6
DA:63,6
DA:90,5
DA:92,5
DA:94,1
DA:95,1
DA:100,6
DA:102,6
DA:103,6
DA:123,5
DA:128,5
DA:129,3
DA:136,3
DA:151,5
DA:153,1
DA:154,1
DA:161,12
DA:162,12
DA:167,12
DA:169,9
DA:177,9
DA:178,0
DA:181,9
DA:182,0
DA:185,9
DA:186,3
DA:189,6
DA:190,0
DA:193,6
DA:194,0
DA:198,6
DA:211,6
DA:212,0
DA:215,6
DA:216,0
DA:219,6
DA:220,0
DA:224,6
DA:238,6
DA:239,2
DA:243,4
DA:257,4
DA:265,4
DA:272,7
DA:277,7
DA:278,7
DA:280,7
DA:294,4
DA:308,3
DA:312,7
DA:319,8
DA:320,8
DA:325,3
DA:327,3
DA:328,3
DA:330,3
DA:358,3
DA:360,3
DA:362,0
DA:363,0
DA:368,4
DA:369,4
DA:372,4
DA:375,4
DA:376,0
DA:377,0
DA:378,0
DA:386,0
DA:391,4
DA:392,0
DA:393,0
DA:394,0
DA:402,0
DA:406,0
DA:413,5
DA:416,5
DA:418,4
DA:420,3
DA:444,1
DA:467,1
DA:478,4
DA:485,4
DA:486,5
DA:487,5
DA:488,3
DA:496,5
DA:513,4
DA:515,1
DA:516,1
DA:521,2
DA:537,0
DA:550,5
DA:561,5
DA:567,2
DA:570,3
DA:573,3
DA:591,3
DA:592,6
DA:601,6
DA:602,2
DA:604,3
DA:608,7
DA:633,8
DA:638,8
DA:639,1
DA:642,7
DA:643,1
DA:646,6
DA:647,1
DA:652,5
DA:656,5
DA:664,5
DA:665,2
DA:674,5
DA:675,1
DA:676,1
DA:685,1
DA:690,5
DA:691,2
DA:698,5
DA:699,1
DA:706,5
DA:710,71
DA:711,13
DA:712,13
DA:713,13
DA:715,13
DA:719,13
DA:720,13
DA:723,71
DA:724,58
LF:148
LH:129
BRDA:24,0,0,4
BRDA:24,0,1,3
BRDA:40,1,0,3
BRDA:40,1,1,0
BRDA:42,2,0,3
BRDA:42,2,1,0
BRDA:177,3,0,0
BRDA:177,3,1,9
BRDA:181,4,0,0
BRDA:181,4,1,9
BRDA:185,5,0,3
BRDA:185,5,1,6
BRDA:189,6,0,0
BRDA:189,6,1,6
BRDA:193,7,0,0
BRDA:193,7,1,6
BRDA:211,8,0,0
BRDA:211,8,1,6
BRDA:211,9,0,6
BRDA:211,9,1,6
BRDA:215,10,0,0
BRDA:215,10,1,6
BRDA:219,11,0,0
BRDA:219,11,1,6
BRDA:238,12,0,2
BRDA:238,12,1,4
BRDA:260,13,0,4
BRDA:260,13,1,3
BRDA:278,14,0,7
BRDA:278,14,1,0
BRDA:341,15,0,3
BRDA:341,15,1,0
BRDA:416,16,0,4
BRDA:416,16,1,1
BRDA:418,17,0,3
BRDA:418,17,1,1
BRDA:481,18,0,4
BRDA:481,18,1,1
BRDA:487,19,0,3
BRDA:487,19,1,2
BRDA:487,20,0,5
BRDA:487,20,1,3
BRDA:487,20,2,3
BRDA:504,21,0,3
BRDA:504,21,1,2
BRDA:561,22,0,2
BRDA:561,22,1,3
BRDA:562,23,0,5
BRDA:562,23,1,5
BRDA:562,23,2,4
BRDA:562,23,3,3
BRDA:638,24,0,1
BRDA:638,24,1,7
BRDA:642,25,0,1
BRDA:642,25,1,6
BRDA:642,26,0,7
BRDA:642,26,1,2
BRDA:646,27,0,1
BRDA:646,27,1,5
BRDA:646,28,0,6
BRDA:646,28,1,5
BRDA:652,29,0,4
BRDA:652,29,1,1
BRDA:664,30,0,2
BRDA:664,30,1,3
BRDA:664,31,0,5
BRDA:664,31,1,2
BRDA:674,32,0,1
BRDA:674,32,1,4
BRDA:690,33,0,2
BRDA:690,33,1,3
BRDA:690,34,0,5
BRDA:690,34,1,3
BRDA:698,35,0,1
BRDA:698,35,1,4
BRDA:698,36,0,5
BRDA:698,36,1,5
BRF:77
BRH:66
end_of_record
TN:
SF:src/services/websocket.js
FN:5,(anonymous_0)
FN:11,(anonymous_1)
FN:17,(anonymous_2)
FN:20,(anonymous_3)
FN:35,(anonymous_4)
FN:47,(anonymous_5)
FN:63,(anonymous_6)
FN:76,(anonymous_7)
FN:105,(anonymous_8)
FN:130,(anonymous_9)
FN:155,(anonymous_10)
FN:185,(anonymous_11)
FN:211,(anonymous_12)
FN:221,(anonymous_13)
FN:226,(anonymous_14)
FNF:15
FNH:11
FNDA:33,(anonymous_0)
FNDA:14,(anonymous_1)
FNDA:0,(anonymous_2)
FNDA:0,(anonymous_3)
FNDA:0,(anonymous_4)
FNDA:0,(anonymous_5)
FNDA:3,(anonymous_6)
FNDA:3,(anonymous_7)
FNDA:20,(anonymous_8)
FNDA:18,(anonymous_9)
FNDA:7,(anonymous_10)
FNDA:1,(anonymous_11)
FNDA:2,(anonymous_12)
FNDA:3,(anonymous_13)
FNDA:15,(anonymous_14)
DA:6,33
DA:7,33
DA:8,33
DA:12,14
DA:17,14
DA:18,0
DA:20,0
DA:21,0
DA:22,0
DA:23,0
DA:25,0
DA:26,0
DA:35,0
DA:37,0
DA:38,0
DA:39,0
DA:40,0
DA:41,0
DA:42,0
DA:47,0
DA:48,0
DA:52,0
DA:60,14
DA:64,3
DA:66,1
DA:67,1
DA:69,1
DA:70,1
DA:72,1
DA:77,3
DA:79,3
DA:80,2
DA:86,2
DA:90,1
DA:91,1
DA:93,1
DA:101,1
DA:106,20
DA:107,20
DA:109,2
DA:110,2
DA:116,1
DA:118,1
DA:122,1
DA:125,18
DA:131,18
DA:132,18
DA:134,1
DA:135,1
DA:141,1
DA:143,0
DA:147,0
DA:150,17
DA:156,7
DA:158,7
DA:159,10
DA:164,6
DA:165,6
DA:171,5
DA:173,1
DA:174,1
DA:175,1
DA:180,7
DA:181,7
DA:186,1
DA:188,1
DA:189,2
DA:190,2
DA:191,2
DA:197,2
DA:199,0
DA:200,0
DA:201,0
DA:206,1
DA:207,1
DA:212,2
DA:222,3
DA:227,15
DA:228,15
DA:229,15
DA:230,15
DA:231,15
LF:82
LH:60
BRDA:38,0,0,0
BRDA:38,0,1,0
BRDA:64,1,0,1
BRDA:64,1,1,1
BRDA:64,1,2,1
BRDA:79,2,0,2
BRDA:79,2,1,1
BRDA:79,3,0,3
BRDA:79,3,1,2
BRDA:107,4,0,2
BRDA:107,4,1,18
BRDA:107,5,0,20
BRDA:107,5,1,3
BRDA:132,6,0,1
BRDA:132,6,1,17
BRDA:132,7,0,18
BRDA:132,7,1,1
BRDA:155,8,0,3
BRDA:159,9,0,6
BRDA:159,9,1,4
BRDA:160,10,0,10
BRDA:160,10,1,6
BRDA:160,10,2,6
BRDA:189,11,0,2
BRDA:189,11,1,0
BRDA:213,12,0,2
BRDA:213,12,1,2
BRDA:214,13,0,2
BRDA:214,13,1,0
BRDA:227,14,0,15
BRDA:227,14,1,0
BRF:31
BRH:26
end_of_record
TN:
SF:src/tests/integration/setup.js
FN:16,(anonymous_0)
FN:23,(anonymous_1)
FN:37,(anonymous_2)
FN:52,(anonymous_3)
FN:57,(anonymous_4)
FN:58,(anonymous_5)
FN:67,(anonymous_6)
FN:106,(anonymous_7)
FN:111,(anonymous_8)
FN:112,(anonymous_9)
FN:116,(anonymous_10)
FN:120,(anonymous_11)
FN:243,(anonymous_12)
FN:264,(anonymous_13)
FN:281,(anonymous_14)
FNF:15
FNH:15
FNDA:11,(anonymous_0)
FNDA:11,(anonymous_1)
FNDA:131,(anonymous_2)
FNDA:1,(anonymous_3)
FNDA:11,(anonymous_4)
FNDA:11,(anonymous_5)
FNDA:108,(anonymous_6)
FNDA:11,(anonymous_7)
FNDA:11,(anonymous_8)
FNDA:11,(anonymous_9)
FNDA:5,(anonymous_10)
FNDA:76,(anonymous_11)
FNDA:15,(anonymous_12)
FNDA:9,(anonymous_13)
FNDA:7,(anonymous_14)
DA:17,11
DA:18,11
DA:19,11
DA:20,11
DA:25,11
DA:28,11
DA:34,11
DA:37,11
DA:38,131
DA:39,131
DA:40,131
DA:43,11
DA:46,11
DA:47,11
DA:48,11
DA:49,11
DA:50,11
DA:52,11
DA:53,1
DA:57,11
DA:58,11
DA:59,11
DA:60,11
DA:61,11
DA:62,11
DA:69,108
DA:70,108
DA:73,108
DA:76,108
DA:79,108
DA:82,108
DA:85,108
DA:88,108
DA:91,108
DA:94,108
DA:97,108
DA:99,108
DA:101,0
DA:107,11
DA:108,11
DA:109,11
DA:111,11
DA:112,11
DA:117,5
DA:121,76
DA:122,76
DA:125,76
DA:137,76
DA:150,76
DA:163,76
DA:175,76
DA:194,76
DA:209,76
DA:222,76
DA:224,76
DA:238,0
DA:239,0
DA:244,15
DA:256,15
DA:265,9
DA:271,9
DA:282,7
DA:289,7
DA:296,7
DA:307,7
DA:315,7
LF:66
LH:63
BRDA:243,0,0,0
BRDA:264,1,0,0
BRDA:281,2,0,0
BRDA:281,3,0,5
BRF:4
BRH:1
end_of_record
